<?xml version="1.0" encoding="UTF-8"?>
<coverage generated="1570144097895" clover="3.2.0">
  <project timestamp="1570144097895" name="All files">
    <metrics statements="539" coveredstatements="304" conditionals="296" coveredconditionals="146" methods="188" coveredmethods="109" elements="1023" coveredelements="559" complexity="0" loc="539" ncloc="539" packages="8" files="33" classes="33"/>
    <package name="app">
      <metrics statements="10" coveredstatements="10" conditionals="6" coveredconditionals="4" methods="3" coveredmethods="3"/>
      <file name="apollo_client.js" path="/Users/jonathancannon/projects/Graff_Exchange_test/app/apollo_client.js">
        <metrics statements="6" coveredstatements="6" conditionals="2" coveredconditionals="1" methods="2" coveredmethods="2"/>
        <line num="4" count="7" type="cond" truecount="1" falsecount="1"/>
        <line num="8" count="7" type="stmt"/>
        <line num="10" count="7" type="stmt"/>
        <line num="12" count="7" type="stmt"/>
        <line num="18" count="7" type="stmt"/>
        <line num="23" count="7" type="stmt"/>
      </file>
      <file name="main.js" path="/Users/jonathancannon/projects/Graff_Exchange_test/app/main.js">
        <metrics statements="4" coveredstatements="4" conditionals="4" coveredconditionals="3" methods="1" coveredmethods="1"/>
        <line num="8" count="7" type="stmt"/>
        <line num="10" count="7" type="stmt"/>
        <line num="12" count="7" type="cond" truecount="1" falsecount="1"/>
        <line num="14" count="7" type="stmt"/>
      </file>
    </package>
    <package name="app.components">
      <metrics statements="109" coveredstatements="39" conditionals="86" coveredconditionals="26" methods="49" coveredmethods="14"/>
      <file name="DataNav.js" path="/Users/jonathancannon/projects/Graff_Exchange_test/app/components/DataNav.js">
        <metrics statements="4" coveredstatements="4" conditionals="2" coveredconditionals="2" methods="3" coveredmethods="3"/>
        <line num="5" count="26" type="stmt"/>
        <line num="7" count="26" type="stmt"/>
        <line num="12" count="53" type="stmt"/>
        <line num="16" count="2" type="stmt"/>
      </file>
      <file name="Footer.js" path="/Users/jonathancannon/projects/Graff_Exchange_test/app/components/Footer.js">
        <metrics statements="4" coveredstatements="4" conditionals="0" coveredconditionals="0" methods="1" coveredmethods="1"/>
        <line num="4" count="7" type="stmt"/>
        <line num="5" count="7" type="stmt"/>
        <line num="7" count="7" type="stmt"/>
        <line num="9" count="6" type="stmt"/>
      </file>
      <file name="Landing.js" path="/Users/jonathancannon/projects/Graff_Exchange_test/app/components/Landing.js">
        <metrics statements="51" coveredstatements="15" conditionals="60" coveredconditionals="23" methods="21" coveredmethods="5"/>
        <line num="11" count="6" type="stmt"/>
        <line num="13" count="6" type="stmt"/>
        <line num="31" count="6" type="stmt"/>
        <line num="36" count="0" type="stmt"/>
        <line num="41" count="0" type="cond" truecount="0" falsecount="4"/>
        <line num="43" count="0" type="stmt"/>
        <line num="49" count="6" type="stmt"/>
        <line num="51" count="0" type="stmt"/>
        <line num="57" count="0" type="stmt"/>
        <line num="60" count="6" type="stmt"/>
        <line num="62" count="0" type="stmt"/>
        <line num="67" count="6" type="stmt"/>
        <line num="69" count="0" type="cond" truecount="0" falsecount="2"/>
        <line num="71" count="0" type="stmt"/>
        <line num="72" count="0" type="stmt"/>
        <line num="75" count="0" type="stmt"/>
        <line num="79" count="0" type="stmt"/>
        <line num="81" count="0" type="cond" truecount="0" falsecount="2"/>
        <line num="83" count="0" type="stmt"/>
        <line num="84" count="0" type="stmt"/>
        <line num="85" count="0" type="stmt"/>
        <line num="88" count="0" type="cond" truecount="0" falsecount="2"/>
        <line num="90" count="0" type="stmt"/>
        <line num="91" count="0" type="stmt"/>
        <line num="92" count="0" type="stmt"/>
        <line num="95" count="0" type="cond" truecount="0" falsecount="2"/>
        <line num="97" count="0" type="stmt"/>
        <line num="100" count="0" type="cond" truecount="0" falsecount="2"/>
        <line num="104" count="0" type="cond" truecount="0" falsecount="2"/>
        <line num="106" count="0" type="stmt"/>
        <line num="107" count="0" type="stmt"/>
        <line num="109" count="0" type="stmt"/>
        <line num="112" count="0" type="stmt"/>
        <line num="115" count="0" type="stmt"/>
        <line num="118" count="6" type="stmt"/>
        <line num="120" count="0" type="stmt"/>
        <line num="125" count="6" type="stmt"/>
        <line num="127" count="6" type="stmt"/>
        <line num="130" count="6" type="cond" truecount="2" falsecount="0"/>
        <line num="132" count="6" type="cond" truecount="1" falsecount="1"/>
        <line num="134" count="0" type="stmt"/>
        <line num="140" count="6" type="stmt"/>
        <line num="164" count="0" type="stmt"/>
        <line num="171" count="0" type="stmt"/>
        <line num="187" count="0" type="stmt"/>
        <line num="201" count="0" type="stmt"/>
        <line num="314" count="7" type="stmt"/>
        <line num="315" count="6" type="stmt"/>
        <line num="321" count="7" type="stmt"/>
        <line num="323" count="0" type="stmt"/>
        <line num="324" count="0" type="stmt"/>
      </file>
      <file name="MainNav.js" path="/Users/jonathancannon/projects/Graff_Exchange_test/app/components/MainNav.js">
        <metrics statements="10" coveredstatements="2" conditionals="16" coveredconditionals="0" methods="7" coveredmethods="0"/>
        <line num="19" count="0" type="stmt"/>
        <line num="25" count="0" type="stmt"/>
        <line num="27" count="0" type="stmt"/>
        <line num="32" count="0" type="stmt"/>
        <line num="34" count="0" type="stmt"/>
        <line num="81" count="7" type="stmt"/>
        <line num="83" count="0" type="stmt"/>
        <line num="92" count="7" type="stmt"/>
        <line num="93" count="0" type="stmt"/>
        <line num="94" count="0" type="stmt"/>
      </file>
      <file name="Socket.js" path="/Users/jonathancannon/projects/Graff_Exchange_test/app/components/Socket.js">
        <metrics statements="24" coveredstatements="2" conditionals="2" coveredconditionals="0" methods="11" coveredmethods="0"/>
        <line num="8" count="0" type="stmt"/>
        <line num="10" count="0" type="stmt"/>
        <line num="15" count="0" type="stmt"/>
        <line num="17" count="0" type="stmt"/>
        <line num="19" count="0" type="stmt"/>
        <line num="21" count="0" type="stmt"/>
        <line num="23" count="0" type="stmt"/>
        <line num="26" count="0" type="stmt"/>
        <line num="28" count="0" type="stmt"/>
        <line num="29" count="0" type="stmt"/>
        <line num="33" count="0" type="stmt"/>
        <line num="35" count="0" type="stmt"/>
        <line num="38" count="0" type="stmt"/>
        <line num="43" count="0" type="stmt"/>
        <line num="45" count="0" type="stmt"/>
        <line num="47" count="0" type="cond" truecount="0" falsecount="2"/>
        <line num="50" count="0" type="stmt"/>
        <line num="52" count="0" type="stmt"/>
        <line num="57" count="0" type="stmt"/>
        <line num="61" count="0" type="stmt"/>
        <line num="67" count="7" type="stmt"/>
        <line num="68" count="0" type="stmt"/>
        <line num="73" count="7" type="stmt"/>
        <line num="75" count="0" type="stmt"/>
      </file>
      <file name="app.js" path="/Users/jonathancannon/projects/Graff_Exchange_test/app/components/app.js">
        <metrics statements="8" coveredstatements="5" conditionals="4" coveredconditionals="1" methods="2" coveredmethods="2"/>
        <line num="19" count="7" type="stmt"/>
        <line num="23" count="6" type="cond" truecount="1" falsecount="1"/>
        <line num="25" count="6" type="stmt"/>
        <line num="41" count="0" type="cond" truecount="0" falsecount="2"/>
        <line num="43" count="0" type="stmt"/>
        <line num="52" count="0" type="stmt"/>
        <line num="74" count="7" type="stmt"/>
        <line num="75" count="6" type="stmt"/>
      </file>
      <file name="loadingDots.js" path="/Users/jonathancannon/projects/Graff_Exchange_test/app/components/loadingDots.js">
        <metrics statements="3" coveredstatements="3" conditionals="0" coveredconditionals="0" methods="1" coveredmethods="1"/>
        <line num="3" count="8" type="stmt"/>
        <line num="5" count="26" type="stmt"/>
        <line num="11" count="26" type="stmt"/>
      </file>
      <file name="utils.js" path="/Users/jonathancannon/projects/Graff_Exchange_test/app/components/utils.js">
        <metrics statements="5" coveredstatements="4" conditionals="2" coveredconditionals="0" methods="3" coveredmethods="2"/>
        <line num="1" count="8" type="stmt"/>
        <line num="3" count="8" type="stmt"/>
        <line num="7" count="17" type="stmt"/>
        <line num="12" count="125" type="stmt"/>
        <line num="17" count="0" type="cond" truecount="0" falsecount="2"/>
      </file>
    </package>
    <package name="app.components.indiv">
      <metrics statements="184" coveredstatements="165" conditionals="114" coveredconditionals="100" methods="77" coveredmethods="67"/>
      <file name="IndivFin.js" path="/Users/jonathancannon/projects/Graff_Exchange_test/app/components/indiv/IndivFin.js">
        <metrics statements="33" coveredstatements="32" conditionals="24" coveredconditionals="23" methods="11" coveredmethods="11"/>
        <line num="13" count="13" type="stmt"/>
        <line num="14" count="13" type="stmt"/>
        <line num="19" count="13" type="stmt"/>
        <line num="21" count="2" type="stmt"/>
        <line num="27" count="13" type="stmt"/>
        <line num="29" count="3" type="stmt"/>
        <line num="31" count="3" type="stmt"/>
        <line num="36" count="13" type="stmt"/>
        <line num="38" count="13" type="stmt"/>
        <line num="40" count="13" type="cond" truecount="4" falsecount="0"/>
        <line num="42" count="3" type="stmt"/>
        <line num="49" count="2" type="stmt"/>
        <line num="51" count="2" type="stmt"/>
        <line num="53" count="2" type="cond" truecount="3" falsecount="1"/>
        <line num="55" count="0" type="stmt"/>
        <line num="62" count="15" type="stmt"/>
        <line num="64" count="15" type="stmt"/>
        <line num="67" count="15" type="cond" truecount="3" falsecount="0"/>
        <line num="71" count="15" type="cond" truecount="3" falsecount="0"/>
        <line num="76" count="15" type="stmt"/>
        <line num="78" count="15" type="cond" truecount="2" falsecount="0"/>
        <line num="80" count="10" type="stmt"/>
        <line num="82" count="20" type="stmt"/>
        <line num="91" count="15" type="cond" truecount="2" falsecount="0"/>
        <line num="93" count="13" type="stmt"/>
        <line num="98" count="2" type="stmt"/>
        <line num="101" count="15" type="stmt"/>
        <line num="103" count="15" type="stmt"/>
        <line num="116" count="30" type="stmt"/>
        <line num="152" count="7" type="stmt"/>
        <line num="153" count="13" type="stmt"/>
        <line num="159" count="13" type="stmt"/>
        <line num="161" count="3" type="stmt"/>
      </file>
      <file name="IndivNav.js" path="/Users/jonathancannon/projects/Graff_Exchange_test/app/components/indiv/IndivNav.js">
        <metrics statements="32" coveredstatements="24" conditionals="25" coveredconditionals="22" methods="18" coveredmethods="12"/>
        <line num="17" count="18" type="stmt"/>
        <line num="19" count="18" type="stmt"/>
        <line num="28" count="0" type="stmt"/>
        <line num="30" count="0" type="stmt"/>
        <line num="35" count="18" type="stmt"/>
        <line num="37" count="18" type="stmt"/>
        <line num="39" count="18" type="cond" truecount="3" falsecount="1"/>
        <line num="41" count="0" type="stmt"/>
        <line num="47" count="13" type="stmt"/>
        <line num="49" count="13" type="stmt"/>
        <line num="51" count="13" type="cond" truecount="3" falsecount="1"/>
        <line num="53" count="0" type="stmt"/>
        <line num="58" count="18" type="stmt"/>
        <line num="60" count="2" type="stmt"/>
        <line num="65" count="31" type="stmt"/>
        <line num="66" count="31" type="stmt"/>
        <line num="67" count="31" type="stmt"/>
        <line num="69" count="31" type="stmt"/>
        <line num="71" count="31" type="stmt"/>
        <line num="80" count="0" type="stmt"/>
        <line num="92" count="1" type="stmt"/>
        <line num="102" count="1" type="stmt"/>
        <line num="125" count="0" type="stmt"/>
        <line num="127" count="0" type="stmt"/>
        <line num="148" count="2" type="stmt"/>
        <line num="149" count="2" type="stmt"/>
        <line num="156" count="12" type="stmt"/>
        <line num="170" count="7" type="stmt"/>
        <line num="171" count="18" type="stmt"/>
        <line num="177" count="18" type="stmt"/>
        <line num="178" count="0" type="stmt"/>
        <line num="179" count="2" type="stmt"/>
      </file>
      <file name="IndivNews.js" path="/Users/jonathancannon/projects/Graff_Exchange_test/app/components/indiv/IndivNews.js">
        <metrics statements="22" coveredstatements="18" conditionals="18" coveredconditionals="14" methods="9" coveredmethods="8"/>
        <line num="10" count="6" type="stmt"/>
        <line num="14" count="6" type="stmt"/>
        <line num="16" count="3" type="stmt"/>
        <line num="18" count="3" type="stmt"/>
        <line num="23" count="6" type="stmt"/>
        <line num="25" count="6" type="stmt"/>
        <line num="27" count="6" type="cond" truecount="4" falsecount="0"/>
        <line num="29" count="3" type="stmt"/>
        <line num="36" count="0" type="stmt"/>
        <line num="38" count="0" type="stmt"/>
        <line num="40" count="0" type="cond" truecount="0" falsecount="4"/>
        <line num="42" count="0" type="stmt"/>
        <line num="49" count="6" type="stmt"/>
        <line num="51" count="6" type="stmt"/>
        <line num="53" count="6" type="cond" truecount="3" falsecount="0"/>
        <line num="57" count="6" type="cond" truecount="3" falsecount="0"/>
        <line num="61" count="6" type="stmt"/>
        <line num="67" count="2" type="stmt"/>
        <line num="110" count="7" type="stmt"/>
        <line num="111" count="6" type="stmt"/>
        <line num="117" count="7" type="stmt"/>
        <line num="119" count="3" type="stmt"/>
      </file>
      <file name="IndivPerf.js" path="/Users/jonathancannon/projects/Graff_Exchange_test/app/components/indiv/IndivPerf.js">
        <metrics statements="31" coveredstatements="28" conditionals="21" coveredconditionals="18" methods="13" coveredmethods="13"/>
        <line num="7" count="7" type="stmt"/>
        <line num="12" count="10" type="stmt"/>
        <line num="13" count="10" type="stmt"/>
        <line num="25" count="10" type="stmt"/>
        <line num="27" count="10" type="stmt"/>
        <line num="29" count="10" type="cond" truecount="4" falsecount="0"/>
        <line num="31" count="4" type="stmt"/>
        <line num="42" count="1" type="stmt"/>
        <line num="44" count="1" type="stmt"/>
        <line num="46" count="1" type="cond" truecount="3" falsecount="1"/>
        <line num="48" count="0" type="stmt"/>
        <line num="52" count="10" type="stmt"/>
        <line num="54" count="4" type="stmt"/>
        <line num="56" count="4" type="stmt"/>
        <line num="59" count="10" type="stmt"/>
        <line num="61" count="1" type="stmt"/>
        <line num="69" count="11" type="stmt"/>
        <line num="71" count="11" type="stmt"/>
        <line num="73" count="11" type="stmt"/>
        <line num="75" count="11" type="stmt"/>
        <line num="79" count="8" type="stmt"/>
        <line num="84" count="11" type="cond" truecount="1" falsecount="2"/>
        <line num="87" count="10" type="stmt"/>
        <line num="89" count="0" type="stmt"/>
        <line num="91" count="0" type="stmt"/>
        <line num="95" count="11" type="stmt"/>
        <line num="125" count="20" type="stmt"/>
        <line num="165" count="7" type="stmt"/>
        <line num="166" count="10" type="stmt"/>
        <line num="172" count="10" type="stmt"/>
        <line num="174" count="4" type="stmt"/>
      </file>
      <file name="IndivSelector.js" path="/Users/jonathancannon/projects/Graff_Exchange_test/app/components/indiv/IndivSelector.js">
        <metrics statements="3" coveredstatements="3" conditionals="2" coveredconditionals="2" methods="2" coveredmethods="2"/>
        <line num="6" count="13" type="stmt"/>
        <line num="10" count="52" type="cond" truecount="2" falsecount="0"/>
        <line num="13" count="13" type="stmt"/>
      </file>
      <file name="IndivTrans.js" path="/Users/jonathancannon/projects/Graff_Exchange_test/app/components/indiv/IndivTrans.js">
        <metrics statements="10" coveredstatements="10" conditionals="4" coveredconditionals="4" methods="5" coveredmethods="5"/>
        <line num="7" count="3" type="stmt"/>
        <line num="8" count="3" type="stmt"/>
        <line num="15" count="3" type="stmt"/>
        <line num="17" count="3" type="stmt"/>
        <line num="36" count="3" type="cond" truecount="2" falsecount="0"/>
        <line num="40" count="3" type="stmt"/>
        <line num="41" count="3" type="stmt"/>
        <line num="43" count="3" type="stmt"/>
        <line num="61" count="8" type="stmt"/>
        <line num="63" count="3" type="stmt"/>
      </file>
      <file name="PerformanceChart.js" path="/Users/jonathancannon/projects/Graff_Exchange_test/app/components/indiv/PerformanceChart.js">
        <metrics statements="25" coveredstatements="24" conditionals="10" coveredconditionals="7" methods="8" coveredmethods="7"/>
        <line num="10" count="14" type="stmt"/>
        <line num="12" count="14" type="stmt"/>
        <line num="17" count="14" type="stmt"/>
        <line num="19" count="14" type="stmt"/>
        <line num="25" count="0" type="stmt"/>
        <line num="29" count="14" type="stmt"/>
        <line num="31" count="14" type="cond" truecount="1" falsecount="1"/>
        <line num="32" count="14" type="stmt"/>
        <line num="33" count="14" type="stmt"/>
        <line num="34" count="14" type="stmt"/>
        <line num="37" count="14" type="stmt"/>
        <line num="47" count="9" type="stmt"/>
        <line num="49" count="9" type="stmt"/>
        <line num="51" count="9" type="stmt"/>
        <line num="53" count="9" type="stmt"/>
        <line num="55" count="9" type="stmt"/>
        <line num="56" count="9" type="stmt"/>
        <line num="59" count="9" type="stmt"/>
        <line num="79" count="29" type="stmt"/>
        <line num="81" count="29" type="stmt"/>
        <line num="83" count="29" type="stmt"/>
        <line num="85" count="29" type="stmt"/>
        <line num="87" count="44" type="stmt"/>
        <line num="100" count="2" type="stmt"/>
        <line num="102" count="14" type="stmt"/>
      </file>
      <file name="TradeBox.js" path="/Users/jonathancannon/projects/Graff_Exchange_test/app/components/indiv/TradeBox.js">
        <metrics statements="28" coveredstatements="26" conditionals="10" coveredconditionals="10" methods="11" coveredmethods="9"/>
        <line num="8" count="11" type="stmt"/>
        <line num="10" count="11" type="stmt"/>
        <line num="17" count="11" type="stmt"/>
        <line num="22" count="3" type="stmt"/>
        <line num="24" count="3" type="stmt"/>
        <line num="26" count="3" type="stmt"/>
        <line num="30" count="3" type="cond" truecount="4" falsecount="0"/>
        <line num="32" count="1" type="stmt"/>
        <line num="37" count="1" type="stmt"/>
        <line num="38" count="0" type="stmt"/>
        <line num="41" count="1" type="stmt"/>
        <line num="43" count="2" type="cond" truecount="4" falsecount="0"/>
        <line num="45" count="1" type="stmt"/>
        <line num="50" count="1" type="stmt"/>
        <line num="51" count="0" type="stmt"/>
        <line num="54" count="1" type="stmt"/>
        <line num="58" count="1" type="stmt"/>
        <line num="59" count="1" type="stmt"/>
        <line num="60" count="1" type="stmt"/>
        <line num="61" count="1" type="stmt"/>
        <line num="67" count="18" type="stmt"/>
        <line num="78" count="4" type="stmt"/>
        <line num="82" count="2" type="stmt"/>
        <line num="86" count="1" type="stmt"/>
        <line num="99" count="7" type="stmt"/>
        <line num="100" count="11" type="stmt"/>
        <line num="107" count="11" type="stmt"/>
        <line num="108" count="1" type="stmt"/>
      </file>
    </package>
    <package name="app.components.portfolio">
      <metrics statements="65" coveredstatements="21" conditionals="50" coveredconditionals="9" methods="29" coveredmethods="7"/>
      <file name="AddSymbolBox.js" path="/Users/jonathancannon/projects/Graff_Exchange_test/app/components/portfolio/AddSymbolBox.js">
        <metrics statements="22" coveredstatements="19" conditionals="12" coveredconditionals="9" methods="8" coveredmethods="7"/>
        <line num="9" count="10" type="stmt"/>
        <line num="11" count="10" type="stmt"/>
        <line num="17" count="10" type="stmt"/>
        <line num="19" count="2" type="stmt"/>
        <line num="22" count="10" type="stmt"/>
        <line num="24" count="2" type="stmt"/>
        <line num="26" count="2" type="stmt"/>
        <line num="28" count="2" type="cond" truecount="1" falsecount="1"/>
        <line num="30" count="2" type="stmt"/>
        <line num="36" count="0" type="stmt"/>
        <line num="43" count="10" type="stmt"/>
        <line num="45" count="1" type="stmt"/>
        <line num="47" count="1" type="stmt"/>
        <line num="49" count="1" type="cond" truecount="2" falsecount="2"/>
        <line num="51" count="0" type="stmt"/>
        <line num="54" count="1" type="stmt"/>
        <line num="59" count="15" type="stmt"/>
        <line num="61" count="15" type="stmt"/>
        <line num="96" count="7" type="stmt"/>
        <line num="97" count="10" type="stmt"/>
        <line num="103" count="10" type="stmt"/>
        <line num="105" count="0" type="stmt"/>
      </file>
      <file name="AllNav.js" path="/Users/jonathancannon/projects/Graff_Exchange_test/app/components/portfolio/AllNav.js">
        <metrics statements="3" coveredstatements="0" conditionals="4" coveredconditionals="0" methods="2" coveredmethods="0"/>
        <line num="7" count="0" type="stmt"/>
        <line num="13" count="0" type="stmt"/>
        <line num="15" count="0" type="stmt"/>
      </file>
      <file name="AllTrans.js" path="/Users/jonathancannon/projects/Graff_Exchange_test/app/components/portfolio/AllTrans.js">
        <metrics statements="8" coveredstatements="1" conditionals="0" coveredconditionals="0" methods="5" coveredmethods="0"/>
        <line num="7" count="0" type="stmt"/>
        <line num="8" count="0" type="stmt"/>
        <line num="16" count="0" type="stmt"/>
        <line num="38" count="0" type="stmt"/>
        <line num="44" count="0" type="stmt"/>
        <line num="48" count="0" type="stmt"/>
        <line num="67" count="7" type="stmt"/>
        <line num="69" count="0" type="stmt"/>
      </file>
      <file name="AllWatchlist.js" path="/Users/jonathancannon/projects/Graff_Exchange_test/app/components/portfolio/AllWatchlist.js">
        <metrics statements="32" coveredstatements="1" conditionals="34" coveredconditionals="0" methods="14" coveredmethods="0"/>
        <line num="10" count="0" type="stmt"/>
        <line num="12" count="0" type="stmt"/>
        <line num="22" count="0" type="stmt"/>
        <line num="24" count="0" type="stmt"/>
        <line num="26" count="0" type="stmt"/>
        <line num="32" count="0" type="stmt"/>
        <line num="34" count="0" type="stmt"/>
        <line num="37" count="0" type="stmt"/>
        <line num="39" count="0" type="stmt"/>
        <line num="40" count="0" type="stmt"/>
        <line num="41" count="0" type="stmt"/>
        <line num="45" count="0" type="cond" truecount="0" falsecount="2"/>
        <line num="47" count="0" type="stmt"/>
        <line num="51" count="0" type="stmt"/>
        <line num="54" count="0" type="stmt"/>
        <line num="56" count="0" type="stmt"/>
        <line num="64" count="0" type="stmt"/>
        <line num="65" count="0" type="stmt"/>
        <line num="67" count="0" type="stmt"/>
        <line num="77" count="0" type="stmt"/>
        <line num="82" count="0" type="stmt"/>
        <line num="104" count="0" type="cond" truecount="0" falsecount="2"/>
        <line num="106" count="0" type="stmt"/>
        <line num="110" count="0" type="stmt"/>
        <line num="115" count="0" type="stmt"/>
        <line num="117" count="0" type="stmt"/>
        <line num="119" count="0" type="stmt"/>
        <line num="128" count="0" type="stmt"/>
        <line num="173" count="0" type="stmt"/>
        <line num="175" count="0" type="stmt"/>
        <line num="187" count="7" type="stmt"/>
        <line num="189" count="0" type="stmt"/>
      </file>
    </package>
    <package name="store">
      <metrics statements="3" coveredstatements="2" conditionals="2" coveredconditionals="1" methods="0" coveredmethods="0"/>
      <file name="combine_reducers.js" path="/Users/jonathancannon/projects/Graff_Exchange_test/store/combine_reducers.js">
        <metrics statements="0" coveredstatements="0" conditionals="0" coveredconditionals="0" methods="0" coveredmethods="0"/>
      </file>
      <file name="store.js" path="/Users/jonathancannon/projects/Graff_Exchange_test/store/store.js">
        <metrics statements="3" coveredstatements="2" conditionals="2" coveredconditionals="1" methods="0" coveredmethods="0"/>
        <line num="9" count="7" type="cond" truecount="1" falsecount="1"/>
        <line num="11" count="0" type="stmt"/>
        <line num="18" count="7" type="stmt"/>
      </file>
    </package>
    <package name="store.Portfolio">
      <metrics statements="120" coveredstatements="56" conditionals="25" coveredconditionals="4" methods="22" coveredmethods="16"/>
      <file name="action_constants_for_Portfolio.js" path="/Users/jonathancannon/projects/Graff_Exchange_test/store/Portfolio/action_constants_for_Portfolio.js">
        <metrics statements="0" coveredstatements="0" conditionals="0" coveredconditionals="0" methods="0" coveredmethods="0"/>
      </file>
      <file name="actions_for_Portfolio.js" path="/Users/jonathancannon/projects/Graff_Exchange_test/store/Portfolio/actions_for_Portfolio.js">
        <metrics statements="18" coveredstatements="14" conditionals="0" coveredconditionals="0" methods="9" coveredmethods="5"/>
        <line num="3" count="7" type="stmt"/>
        <line num="4" count="0" type="stmt"/>
        <line num="10" count="7" type="stmt"/>
        <line num="11" count="2" type="stmt"/>
        <line num="17" count="7" type="stmt"/>
        <line num="18" count="0" type="stmt"/>
        <line num="24" count="7" type="stmt"/>
        <line num="25" count="0" type="stmt"/>
        <line num="31" count="7" type="stmt"/>
        <line num="32" count="0" type="stmt"/>
        <line num="38" count="7" type="stmt"/>
        <line num="39" count="5" type="stmt"/>
        <line num="45" count="7" type="stmt"/>
        <line num="46" count="4" type="stmt"/>
        <line num="52" count="7" type="stmt"/>
        <line num="53" count="6" type="stmt"/>
        <line num="59" count="7" type="stmt"/>
        <line num="60" count="2" type="stmt"/>
      </file>
      <file name="reducer_for_Portfolio.js" path="/Users/jonathancannon/projects/Graff_Exchange_test/store/Portfolio/reducer_for_Portfolio.js">
        <metrics statements="41" coveredstatements="3" conditionals="19" coveredconditionals="2" methods="1" coveredmethods="1"/>
        <line num="11" count="7" type="stmt"/>
        <line num="20" count="21" type="cond" truecount="1" falsecount="9"/>
        <line num="25" count="0" type="cond" truecount="0" falsecount="2"/>
        <line num="27" count="0" type="stmt"/>
        <line num="30" count="0" type="cond" truecount="0" falsecount="2"/>
        <line num="36" count="0" type="stmt"/>
        <line num="38" count="0" type="stmt"/>
        <line num="40" count="0" type="stmt"/>
        <line num="45" count="0" type="stmt"/>
        <line num="47" count="0" type="stmt"/>
        <line num="56" count="0" type="cond" truecount="0" falsecount="2"/>
        <line num="58" count="0" type="stmt"/>
        <line num="61" count="0" type="stmt"/>
        <line num="63" count="0" type="stmt"/>
        <line num="65" count="0" type="stmt"/>
        <line num="68" count="0" type="stmt"/>
        <line num="77" count="0" type="stmt"/>
        <line num="79" count="0" type="stmt"/>
        <line num="81" count="0" type="cond" truecount="0" falsecount="2"/>
        <line num="83" count="0" type="stmt"/>
        <line num="87" count="0" type="stmt"/>
        <line num="89" count="0" type="stmt"/>
        <line num="98" count="0" type="stmt"/>
        <line num="100" count="0" type="stmt"/>
        <line num="102" count="0" type="stmt"/>
        <line num="104" count="0" type="stmt"/>
        <line num="109" count="0" type="stmt"/>
        <line num="111" count="0" type="stmt"/>
        <line num="113" count="0" type="stmt"/>
        <line num="115" count="0" type="stmt"/>
        <line num="120" count="0" type="stmt"/>
        <line num="122" count="0" type="stmt"/>
        <line num="124" count="0" type="stmt"/>
        <line num="126" count="0" type="stmt"/>
        <line num="131" count="0" type="stmt"/>
        <line num="133" count="0" type="stmt"/>
        <line num="135" count="0" type="stmt"/>
        <line num="137" count="0" type="stmt"/>
        <line num="142" count="0" type="stmt"/>
        <line num="147" count="0" type="stmt"/>
        <line num="151" count="21" type="stmt"/>
      </file>
      <file name="thunks_for_Portfolio.js" path="/Users/jonathancannon/projects/Graff_Exchange_test/store/Portfolio/thunks_for_Portfolio.js">
        <metrics statements="61" coveredstatements="39" conditionals="6" coveredconditionals="2" methods="12" coveredmethods="10"/>
        <line num="5" count="7" type="stmt"/>
        <line num="7" count="0" type="stmt"/>
        <line num="26" count="0" type="stmt"/>
        <line num="28" count="0" type="stmt"/>
        <line num="30" count="0" type="stmt"/>
        <line num="32" count="0" type="stmt"/>
        <line num="37" count="0" type="cond" truecount="0" falsecount="2"/>
        <line num="41" count="0" type="stmt"/>
        <line num="45" count="0" type="stmt"/>
        <line num="49" count="0" type="stmt"/>
        <line num="54" count="7" type="stmt"/>
        <line num="56" count="1" type="stmt"/>
        <line num="58" count="1" type="stmt"/>
        <line num="82" count="1" type="stmt"/>
        <line num="88" count="1" type="stmt"/>
        <line num="90" count="1" type="stmt"/>
        <line num="92" count="0" type="stmt"/>
        <line num="93" count="0" type="stmt"/>
        <line num="94" count="0" type="stmt"/>
        <line num="98" count="0" type="stmt"/>
        <line num="101" count="0" type="stmt"/>
        <line num="103" count="0" type="stmt"/>
        <line num="105" count="0" type="stmt"/>
        <line num="109" count="7" type="stmt"/>
        <line num="112" count="3" type="cond" truecount="1" falsecount="1"/>
        <line num="162" count="3" type="stmt"/>
        <line num="164" count="3" type="stmt"/>
        <line num="166" count="3" type="stmt"/>
        <line num="170" count="3" type="stmt"/>
        <line num="172" count="3" type="stmt"/>
        <line num="174" count="2" type="stmt"/>
        <line num="178" count="0" type="stmt"/>
        <line num="181" count="2" type="stmt"/>
        <line num="183" count="2" type="cond" truecount="1" falsecount="1"/>
        <line num="185" count="0" type="stmt"/>
        <line num="187" count="0" type="stmt"/>
        <line num="191" count="2" type="stmt"/>
        <line num="195" count="7" type="stmt"/>
        <line num="197" count="5" type="stmt"/>
        <line num="208" count="5" type="stmt"/>
        <line num="212" count="5" type="stmt"/>
        <line num="214" count="5" type="stmt"/>
        <line num="216" count="5" type="stmt"/>
        <line num="220" count="0" type="stmt"/>
        <line num="223" count="5" type="stmt"/>
        <line num="226" count="7" type="stmt"/>
        <line num="228" count="4" type="stmt"/>
        <line num="235" count="4" type="stmt"/>
        <line num="239" count="4" type="stmt"/>
        <line num="241" count="4" type="stmt"/>
        <line num="243" count="4" type="stmt"/>
        <line num="249" count="0" type="stmt"/>
        <line num="252" count="4" type="stmt"/>
        <line num="255" count="7" type="stmt"/>
        <line num="257" count="6" type="stmt"/>
        <line num="268" count="6" type="stmt"/>
        <line num="272" count="6" type="stmt"/>
        <line num="274" count="6" type="stmt"/>
        <line num="276" count="6" type="stmt"/>
        <line num="280" count="0" type="stmt"/>
        <line num="283" count="6" type="stmt"/>
      </file>
    </package>
    <package name="store.User">
      <metrics statements="44" coveredstatements="7" conditionals="13" coveredconditionals="2" methods="7" coveredmethods="1"/>
      <file name="action_constants_for_User.js" path="/Users/jonathancannon/projects/Graff_Exchange_test/store/User/action_constants_for_User.js">
        <metrics statements="0" coveredstatements="0" conditionals="0" coveredconditionals="0" methods="0" coveredmethods="0"/>
      </file>
      <file name="actions_for_User.js" path="/Users/jonathancannon/projects/Graff_Exchange_test/store/User/actions_for_User.js">
        <metrics statements="4" coveredstatements="2" conditionals="0" coveredconditionals="0" methods="2" coveredmethods="0"/>
        <line num="3" count="7" type="stmt"/>
        <line num="4" count="0" type="stmt"/>
        <line num="10" count="7" type="stmt"/>
        <line num="11" count="0" type="stmt"/>
      </file>
      <file name="reducer_for_User.js" path="/Users/jonathancannon/projects/Graff_Exchange_test/store/User/reducer_for_User.js">
        <metrics statements="19" coveredstatements="3" conditionals="11" coveredconditionals="2" methods="1" coveredmethods="1"/>
        <line num="4" count="7" type="stmt"/>
        <line num="16" count="21" type="cond" truecount="1" falsecount="3"/>
        <line num="21" count="0" type="cond" truecount="0" falsecount="2"/>
        <line num="24" count="0" type="stmt"/>
        <line num="25" count="0" type="stmt"/>
        <line num="27" count="0" type="cond" truecount="0" falsecount="2"/>
        <line num="28" count="0" type="stmt"/>
        <line num="29" count="0" type="stmt"/>
        <line num="30" count="0" type="stmt"/>
        <line num="33" count="0" type="cond" truecount="0" falsecount="2"/>
        <line num="35" count="0" type="stmt"/>
        <line num="40" count="0" type="stmt"/>
        <line num="42" count="0" type="stmt"/>
        <line num="43" count="0" type="stmt"/>
        <line num="44" count="0" type="stmt"/>
        <line num="46" count="0" type="stmt"/>
        <line num="51" count="0" type="stmt"/>
        <line num="56" count="0" type="stmt"/>
        <line num="61" count="21" type="stmt"/>
      </file>
      <file name="thunks_for_User.js" path="/Users/jonathancannon/projects/Graff_Exchange_test/store/User/thunks_for_User.js">
        <metrics statements="21" coveredstatements="2" conditionals="2" coveredconditionals="0" methods="4" coveredmethods="0"/>
        <line num="6" count="7" type="stmt"/>
        <line num="8" count="0" type="stmt"/>
        <line num="16" count="0" type="stmt"/>
        <line num="40" count="0" type="stmt"/>
        <line num="44" count="0" type="stmt"/>
        <line num="48" count="0" type="stmt"/>
        <line num="50" count="0" type="stmt"/>
        <line num="52" count="0" type="stmt"/>
        <line num="54" count="0" type="stmt"/>
        <line num="58" count="0" type="stmt"/>
        <line num="60" count="0" type="stmt"/>
        <line num="63" count="0" type="stmt"/>
        <line num="66" count="7" type="stmt"/>
        <line num="68" count="0" type="stmt"/>
        <line num="100" count="0" type="stmt"/>
        <line num="104" count="0" type="stmt"/>
        <line num="106" count="0" type="stmt"/>
        <line num="108" count="0" type="stmt"/>
        <line num="112" count="0" type="stmt"/>
        <line num="115" count="0" type="stmt"/>
        <line num="117" count="0" type="stmt"/>
      </file>
    </package>
    <package name="test">
      <metrics statements="4" coveredstatements="4" conditionals="0" coveredconditionals="0" methods="1" coveredmethods="1"/>
      <file name="nock.setup.js" path="/Users/jonathancannon/projects/Graff_Exchange_test/test/nock.setup.js">
        <metrics statements="4" coveredstatements="4" conditionals="0" coveredconditionals="0" methods="1" coveredmethods="1"/>
        <line num="1" count="6" type="stmt"/>
        <line num="5" count="36" type="stmt"/>
        <line num="11" count="36" type="stmt"/>
        <line num="17" count="6" type="stmt"/>
      </file>
    </package>
  </project>
</coverage>
