{"/Users/jonathancannon/projects/Graff_Exchange_test/app/apollo_client.js": {"path":"/Users/jonathancannon/projects/Graff_Exchange_test/app/apollo_client.js","statementMap":{"0":{"start":{"line":4,"column":17},"end":{"line":4,"column":138}},"1":{"start":{"line":8,"column":17},"end":{"line":19,"column":2}},"2":{"start":{"line":10,"column":16},"end":{"line":10,"column":45}},"3":{"start":{"line":12,"column":2},"end":{"line":16,"column":5}},"4":{"start":{"line":18,"column":2},"end":{"line":18,"column":28}},"5":{"start":{"line":23,"column":4},"end":{"line":26,"column":7}}},"fnMap":{"0":{"name":"(anonymous_0)","decl":{"start":{"line":8,"column":32},"end":{"line":8,"column":33}},"loc":{"start":{"line":8,"column":56},"end":{"line":19,"column":1}},"line":8},"1":{"name":"(anonymous_1)","decl":{"start":{"line":21,"column":15},"end":{"line":21,"column":16}},"loc":{"start":{"line":21,"column":21},"end":{"line":28,"column":1}},"line":21}},"branchMap":{"0":{"loc":{"start":{"line":4,"column":17},"end":{"line":4,"column":138}},"type":"cond-expr","locations":[{"start":{"line":4,"column":51},"end":{"line":4,"column":119}},{"start":{"line":4,"column":122},"end":{"line":4,"column":138}}],"line":4}},"s":{"0":7,"1":7,"2":7,"3":7,"4":7,"5":7},"f":{"0":7,"1":7},"b":{"0":[7,0]},"_coverageSchema":"43e27e138ebf9cfc5966b082cf9a028302ed4184","hash":"5616753d185cdf948d122f5d1843b934bcbebdd9"}
,"/Users/jonathancannon/projects/Graff_Exchange_test/app/main.js": {"path":"/Users/jonathancannon/projects/Graff_Exchange_test/app/main.js","statementMap":{"0":{"start":{"line":8,"column":12},"end":{"line":8,"column":50}},"1":{"start":{"line":8,"column":23},"end":{"line":8,"column":49}},"2":{"start":{"line":10,"column":22},"end":{"line":10,"column":37}},"3":{"start":{"line":12,"column":0},"end":{"line":12,"column":66}},"4":{"start":{"line":12,"column":34},"end":{"line":12,"column":66}},"5":{"start":{"line":14,"column":0},"end":{"line":23,"column":2}}},"fnMap":{"0":{"name":"(anonymous_0)","decl":{"start":{"line":8,"column":17},"end":{"line":8,"column":18}},"loc":{"start":{"line":8,"column":23},"end":{"line":8,"column":49}},"line":8}},"branchMap":{"0":{"loc":{"start":{"line":12,"column":0},"end":{"line":12,"column":66}},"type":"if","locations":[{"start":{"line":12,"column":0},"end":{"line":12,"column":66}},{"start":{"line":12,"column":0},"end":{"line":12,"column":66}}],"line":12},"1":{"loc":{"start":{"line":22,"column":2},"end":{"line":22,"column":65}},"type":"binary-expr","locations":[{"start":{"line":22,"column":2},"end":{"line":22,"column":32}},{"start":{"line":22,"column":36},"end":{"line":22,"column":65}}],"line":22}},"s":{"0":7,"1":7,"2":7,"3":7,"4":0,"5":7},"f":{"0":7},"b":{"0":[0,7],"1":[7,7]},"_coverageSchema":"43e27e138ebf9cfc5966b082cf9a028302ed4184","hash":"3852a1b7bc4a16ff1678321d7da3ae62c2e08613"}
,"/Users/jonathancannon/projects/Graff_Exchange_test/app/components/DataNav.js": {"path":"/Users/jonathancannon/projects/Graff_Exchange_test/app/components/DataNav.js","statementMap":{"0":{"start":{"line":5,"column":52},"end":{"line":5,"column":57}},"1":{"start":{"line":7,"column":2},"end":{"line":24,"column":4}},"2":{"start":{"line":12,"column":10},"end":{"line":21,"column":11}},"3":{"start":{"line":16,"column":27},"end":{"line":16,"column":43}}},"fnMap":{"0":{"name":"DataNav","decl":{"start":{"line":3,"column":24},"end":{"line":3,"column":31}},"loc":{"start":{"line":3,"column":39},"end":{"line":25,"column":1}},"line":3},"1":{"name":"(anonymous_1)","decl":{"start":{"line":10,"column":19},"end":{"line":10,"column":20}},"loc":{"start":{"line":10,"column":30},"end":{"line":22,"column":9}},"line":10},"2":{"name":"(anonymous_2)","decl":{"start":{"line":16,"column":23},"end":{"line":16,"column":24}},"loc":{"start":{"line":16,"column":27},"end":{"line":16,"column":43}},"line":16}},"branchMap":{"0":{"loc":{"start":{"line":17,"column":25},"end":{"line":17,"column":78}},"type":"cond-expr","locations":[{"start":{"line":17,"column":56},"end":{"line":17,"column":66}},{"start":{"line":17,"column":69},"end":{"line":17,"column":78}}],"line":17}},"s":{"0":26,"1":26,"2":53,"3":2},"f":{"0":26,"1":53,"2":2},"b":{"0":[20,33]},"_coverageSchema":"43e27e138ebf9cfc5966b082cf9a028302ed4184","hash":"43b5815ca3463b9ec01639d5788483554cc5bf1c"}
,"/Users/jonathancannon/projects/Graff_Exchange_test/app/components/Footer.js": {"path":"/Users/jonathancannon/projects/Graff_Exchange_test/app/components/Footer.js","statementMap":{"0":{"start":{"line":4,"column":22},"end":{"line":4,"column":70}},"1":{"start":{"line":5,"column":21},"end":{"line":5,"column":73}},"2":{"start":{"line":7,"column":15},"end":{"line":52,"column":1}},"3":{"start":{"line":9,"column":4},"end":{"line":51,"column":5}}},"fnMap":{"0":{"name":"(anonymous_0)","decl":{"start":{"line":7,"column":15},"end":{"line":7,"column":16}},"loc":{"start":{"line":7,"column":26},"end":{"line":52,"column":1}},"line":7}},"branchMap":{},"s":{"0":7,"1":7,"2":7,"3":6},"f":{"0":6},"b":{},"_coverageSchema":"43e27e138ebf9cfc5966b082cf9a028302ed4184","hash":"4638b873020ed0187416321835844d7120296a72"}
,"/Users/jonathancannon/projects/Graff_Exchange_test/app/components/Landing.js": {"path":"/Users/jonathancannon/projects/Graff_Exchange_test/app/components/Landing.js","statementMap":{"0":{"start":{"line":11,"column":6},"end":{"line":11,"column":18}},"1":{"start":{"line":13,"column":6},"end":{"line":23,"column":7}},"2":{"start":{"line":31,"column":4},"end":{"line":31,"column":51}},"3":{"start":{"line":36,"column":4},"end":{"line":36,"column":49}},"4":{"start":{"line":41,"column":4},"end":{"line":46,"column":5}},"5":{"start":{"line":43,"column":6},"end":{"line":45,"column":22}},"6":{"start":{"line":49,"column":16},"end":{"line":58,"column":3}},"7":{"start":{"line":51,"column":4},"end":{"line":55,"column":6}},"8":{"start":{"line":57,"column":4},"end":{"line":57,"column":43}},"9":{"start":{"line":57,"column":19},"end":{"line":57,"column":38}},"10":{"start":{"line":60,"column":17},"end":{"line":65,"column":3}},"11":{"start":{"line":62,"column":6},"end":{"line":64,"column":8}},"12":{"start":{"line":67,"column":17},"end":{"line":116,"column":3}},"13":{"start":{"line":69,"column":6},"end":{"line":73,"column":7}},"14":{"start":{"line":71,"column":8},"end":{"line":71,"column":28}},"15":{"start":{"line":72,"column":8},"end":{"line":72,"column":29}},"16":{"start":{"line":75,"column":53},"end":{"line":75,"column":63}},"17":{"start":{"line":79,"column":17},"end":{"line":79,"column":31}},"18":{"start":{"line":81,"column":6},"end":{"line":86,"column":7}},"19":{"start":{"line":83,"column":8},"end":{"line":83,"column":66}},"20":{"start":{"line":84,"column":8},"end":{"line":84,"column":78}},"21":{"start":{"line":84,"column":24},"end":{"line":84,"column":71}},"22":{"start":{"line":85,"column":8},"end":{"line":85,"column":14}},"23":{"start":{"line":88,"column":6},"end":{"line":93,"column":7}},"24":{"start":{"line":90,"column":8},"end":{"line":90,"column":69}},"25":{"start":{"line":91,"column":8},"end":{"line":91,"column":78}},"26":{"start":{"line":91,"column":24},"end":{"line":91,"column":71}},"27":{"start":{"line":92,"column":8},"end":{"line":92,"column":14}},"28":{"start":{"line":95,"column":6},"end":{"line":98,"column":7}},"29":{"start":{"line":97,"column":8},"end":{"line":97,"column":47}},"30":{"start":{"line":100,"column":6},"end":{"line":113,"column":7}},"31":{"start":{"line":104,"column":8},"end":{"line":110,"column":9}},"32":{"start":{"line":106,"column":10},"end":{"line":106,"column":77}},"33":{"start":{"line":107,"column":10},"end":{"line":107,"column":80}},"34":{"start":{"line":107,"column":26},"end":{"line":107,"column":73}},"35":{"start":{"line":109,"column":10},"end":{"line":109,"column":16}},"36":{"start":{"line":112,"column":8},"end":{"line":112,"column":71}},"37":{"start":{"line":115,"column":6},"end":{"line":115,"column":71}},"38":{"start":{"line":118,"column":15},"end":{"line":121,"column":3}},"39":{"start":{"line":120,"column":4},"end":{"line":120,"column":101}},"40":{"start":{"line":125,"column":22},"end":{"line":125,"column":46}},"41":{"start":{"line":127,"column":47},"end":{"line":127,"column":57}},"42":{"start":{"line":130,"column":38},"end":{"line":130,"column":114}},"43":{"start":{"line":132,"column":4},"end":{"line":310,"column":3}},"44":{"start":{"line":134,"column":8},"end":{"line":136,"column":9}},"45":{"start":{"line":140,"column":6},"end":{"line":309,"column":8}},"46":{"start":{"line":164,"column":33},"end":{"line":164,"column":59}},"47":{"start":{"line":171,"column":33},"end":{"line":171,"column":59}},"48":{"start":{"line":187,"column":37},"end":{"line":187,"column":63}},"49":{"start":{"line":201,"column":31},"end":{"line":201,"column":57}},"50":{"start":{"line":314,"column":24},"end":{"line":319,"column":1}},"51":{"start":{"line":315,"column":2},"end":{"line":318,"column":4}},"52":{"start":{"line":321,"column":27},"end":{"line":325,"column":2}},"53":{"start":{"line":321,"column":40},"end":{"line":325,"column":1}},"54":{"start":{"line":323,"column":38},"end":{"line":323,"column":75}},"55":{"start":{"line":324,"column":33},"end":{"line":324,"column":65}}},"fnMap":{"0":{"name":"(anonymous_0)","decl":{"start":{"line":9,"column":2},"end":{"line":9,"column":3}},"loc":{"start":{"line":9,"column":20},"end":{"line":24,"column":3}},"line":9},"1":{"name":"(anonymous_1)","decl":{"start":{"line":26,"column":2},"end":{"line":26,"column":3}},"loc":{"start":{"line":26,"column":21},"end":{"line":32,"column":3}},"line":26},"2":{"name":"(anonymous_2)","decl":{"start":{"line":34,"column":2},"end":{"line":34,"column":3}},"loc":{"start":{"line":34,"column":24},"end":{"line":37,"column":3}},"line":34},"3":{"name":"(anonymous_3)","decl":{"start":{"line":39,"column":2},"end":{"line":39,"column":3}},"loc":{"start":{"line":39,"column":22},"end":{"line":47,"column":3}},"line":39},"4":{"name":"(anonymous_4)","decl":{"start":{"line":49,"column":16},"end":{"line":49,"column":17}},"loc":{"start":{"line":49,"column":22},"end":{"line":58,"column":3}},"line":49},"5":{"name":"(anonymous_5)","decl":{"start":{"line":57,"column":15},"end":{"line":57,"column":16}},"loc":{"start":{"line":57,"column":19},"end":{"line":57,"column":38}},"line":57},"6":{"name":"(anonymous_6)","decl":{"start":{"line":60,"column":17},"end":{"line":60,"column":18}},"loc":{"start":{"line":60,"column":26},"end":{"line":65,"column":3}},"line":60},"7":{"name":"(anonymous_7)","decl":{"start":{"line":67,"column":17},"end":{"line":67,"column":18}},"loc":{"start":{"line":67,"column":26},"end":{"line":116,"column":3}},"line":67},"8":{"name":"(anonymous_8)","decl":{"start":{"line":84,"column":19},"end":{"line":84,"column":20}},"loc":{"start":{"line":84,"column":24},"end":{"line":84,"column":71}},"line":84},"9":{"name":"(anonymous_9)","decl":{"start":{"line":91,"column":19},"end":{"line":91,"column":20}},"loc":{"start":{"line":91,"column":24},"end":{"line":91,"column":71}},"line":91},"10":{"name":"(anonymous_10)","decl":{"start":{"line":107,"column":21},"end":{"line":107,"column":22}},"loc":{"start":{"line":107,"column":26},"end":{"line":107,"column":73}},"line":107},"11":{"name":"(anonymous_11)","decl":{"start":{"line":118,"column":15},"end":{"line":118,"column":16}},"loc":{"start":{"line":118,"column":25},"end":{"line":121,"column":3}},"line":118},"12":{"name":"(anonymous_12)","decl":{"start":{"line":123,"column":2},"end":{"line":123,"column":3}},"loc":{"start":{"line":123,"column":11},"end":{"line":311,"column":3}},"line":123},"13":{"name":"(anonymous_13)","decl":{"start":{"line":164,"column":29},"end":{"line":164,"column":30}},"loc":{"start":{"line":164,"column":33},"end":{"line":164,"column":59}},"line":164},"14":{"name":"(anonymous_14)","decl":{"start":{"line":171,"column":29},"end":{"line":171,"column":30}},"loc":{"start":{"line":171,"column":33},"end":{"line":171,"column":59}},"line":171},"15":{"name":"(anonymous_15)","decl":{"start":{"line":187,"column":33},"end":{"line":187,"column":34}},"loc":{"start":{"line":187,"column":37},"end":{"line":187,"column":63}},"line":187},"16":{"name":"(anonymous_16)","decl":{"start":{"line":201,"column":27},"end":{"line":201,"column":28}},"loc":{"start":{"line":201,"column":31},"end":{"line":201,"column":57}},"line":201},"17":{"name":"(anonymous_17)","decl":{"start":{"line":314,"column":24},"end":{"line":314,"column":25}},"loc":{"start":{"line":314,"column":44},"end":{"line":319,"column":1}},"line":314},"18":{"name":"(anonymous_18)","decl":{"start":{"line":321,"column":27},"end":{"line":321,"column":28}},"loc":{"start":{"line":321,"column":40},"end":{"line":325,"column":1}},"line":321},"19":{"name":"(anonymous_19)","decl":{"start":{"line":323,"column":17},"end":{"line":323,"column":18}},"loc":{"start":{"line":323,"column":38},"end":{"line":323,"column":75}},"line":323},"20":{"name":"(anonymous_20)","decl":{"start":{"line":324,"column":20},"end":{"line":324,"column":21}},"loc":{"start":{"line":324,"column":33},"end":{"line":324,"column":65}},"line":324}},"branchMap":{"0":{"loc":{"start":{"line":41,"column":4},"end":{"line":46,"column":5}},"type":"if","locations":[{"start":{"line":41,"column":4},"end":{"line":46,"column":5}},{"start":{"line":41,"column":4},"end":{"line":46,"column":5}}],"line":41},"1":{"loc":{"start":{"line":41,"column":7},"end":{"line":41,"column":67}},"type":"binary-expr","locations":[{"start":{"line":41,"column":7},"end":{"line":41,"column":43}},{"start":{"line":41,"column":47},"end":{"line":41,"column":67}}],"line":41},"2":{"loc":{"start":{"line":69,"column":6},"end":{"line":73,"column":7}},"type":"if","locations":[{"start":{"line":69,"column":6},"end":{"line":73,"column":7}},{"start":{"line":69,"column":6},"end":{"line":73,"column":7}}],"line":69},"3":{"loc":{"start":{"line":81,"column":6},"end":{"line":86,"column":7}},"type":"if","locations":[{"start":{"line":81,"column":6},"end":{"line":86,"column":7}},{"start":{"line":81,"column":6},"end":{"line":86,"column":7}}],"line":81},"4":{"loc":{"start":{"line":88,"column":6},"end":{"line":93,"column":7}},"type":"if","locations":[{"start":{"line":88,"column":6},"end":{"line":93,"column":7}},{"start":{"line":88,"column":6},"end":{"line":93,"column":7}}],"line":88},"5":{"loc":{"start":{"line":95,"column":6},"end":{"line":98,"column":7}},"type":"if","locations":[{"start":{"line":95,"column":6},"end":{"line":98,"column":7}},{"start":{"line":95,"column":6},"end":{"line":98,"column":7}}],"line":95},"6":{"loc":{"start":{"line":100,"column":6},"end":{"line":113,"column":7}},"type":"if","locations":[{"start":{"line":100,"column":6},"end":{"line":113,"column":7}},{"start":{"line":100,"column":6},"end":{"line":113,"column":7}}],"line":100},"7":{"loc":{"start":{"line":104,"column":8},"end":{"line":110,"column":9}},"type":"if","locations":[{"start":{"line":104,"column":8},"end":{"line":110,"column":9}},{"start":{"line":104,"column":8},"end":{"line":110,"column":9}}],"line":104},"8":{"loc":{"start":{"line":130,"column":38},"end":{"line":130,"column":114}},"type":"binary-expr","locations":[{"start":{"line":130,"column":38},"end":{"line":130,"column":74}},{"start":{"line":130,"column":78},"end":{"line":130,"column":114}}],"line":130},"9":{"loc":{"start":{"line":132,"column":4},"end":{"line":310,"column":3}},"type":"if","locations":[{"start":{"line":132,"column":4},"end":{"line":310,"column":3}},{"start":{"line":132,"column":4},"end":{"line":310,"column":3}}],"line":132},"10":{"loc":{"start":{"line":142,"column":25},"end":{"line":142,"column":92}},"type":"cond-expr","locations":[{"start":{"line":142,"column":59},"end":{"line":142,"column":80}},{"start":{"line":142,"column":83},"end":{"line":142,"column":92}}],"line":142},"11":{"loc":{"start":{"line":142,"column":25},"end":{"line":142,"column":56}},"type":"binary-expr","locations":[{"start":{"line":142,"column":25},"end":{"line":142,"column":34}},{"start":{"line":142,"column":38},"end":{"line":142,"column":56}}],"line":142},"12":{"loc":{"start":{"line":158,"column":15},"end":{"line":176,"column":22}},"type":"binary-expr","locations":[{"start":{"line":158,"column":15},"end":{"line":158,"column":25}},{"start":{"line":160,"column":16},"end":{"line":176,"column":22}}],"line":158},"13":{"loc":{"start":{"line":163,"column":32},"end":{"line":163,"column":77}},"type":"cond-expr","locations":[{"start":{"line":163,"column":53},"end":{"line":163,"column":65}},{"start":{"line":163,"column":68},"end":{"line":163,"column":77}}],"line":163},"14":{"loc":{"start":{"line":170,"column":32},"end":{"line":170,"column":91}},"type":"cond-expr","locations":[{"start":{"line":170,"column":67},"end":{"line":170,"column":79}},{"start":{"line":170,"column":82},"end":{"line":170,"column":91}}],"line":170},"15":{"loc":{"start":{"line":170,"column":32},"end":{"line":170,"column":64}},"type":"binary-expr","locations":[{"start":{"line":170,"column":32},"end":{"line":170,"column":50}},{"start":{"line":170,"column":54},"end":{"line":170,"column":64}}],"line":170},"16":{"loc":{"start":{"line":179,"column":15},"end":{"line":191,"column":24}},"type":"binary-expr","locations":[{"start":{"line":179,"column":15},"end":{"line":179,"column":24}},{"start":{"line":179,"column":28},"end":{"line":179,"column":46}},{"start":{"line":181,"column":18},"end":{"line":191,"column":24}}],"line":179},"17":{"loc":{"start":{"line":194,"column":14},"end":{"line":206,"column":20}},"type":"binary-expr","locations":[{"start":{"line":194,"column":14},"end":{"line":194,"column":23}},{"start":{"line":194,"column":27},"end":{"line":194,"column":44}},{"start":{"line":196,"column":14},"end":{"line":206,"column":20}}],"line":194},"18":{"loc":{"start":{"line":215,"column":14},"end":{"line":228,"column":20}},"type":"binary-expr","locations":[{"start":{"line":215,"column":14},"end":{"line":215,"column":32}},{"start":{"line":217,"column":14},"end":{"line":228,"column":20}}],"line":215},"19":{"loc":{"start":{"line":232,"column":14},"end":{"line":245,"column":20}},"type":"binary-expr","locations":[{"start":{"line":232,"column":14},"end":{"line":232,"column":32}},{"start":{"line":234,"column":14},"end":{"line":245,"column":20}}],"line":232},"20":{"loc":{"start":{"line":277,"column":12},"end":{"line":289,"column":18}},"type":"binary-expr","locations":[{"start":{"line":277,"column":12},"end":{"line":277,"column":30}},{"start":{"line":279,"column":12},"end":{"line":289,"column":18}}],"line":277},"21":{"loc":{"start":{"line":296,"column":16},"end":{"line":298,"column":56}},"type":"cond-expr","locations":[{"start":{"line":296,"column":62},"end":{"line":296,"column":71}},{"start":{"line":297,"column":16},"end":{"line":298,"column":56}}],"line":296},"22":{"loc":{"start":{"line":296,"column":16},"end":{"line":296,"column":59}},"type":"binary-expr","locations":[{"start":{"line":296,"column":16},"end":{"line":296,"column":34}},{"start":{"line":296,"column":38},"end":{"line":296,"column":59}}],"line":296},"23":{"loc":{"start":{"line":297,"column":16},"end":{"line":298,"column":56}},"type":"cond-expr","locations":[{"start":{"line":297,"column":62},"end":{"line":297,"column":71}},{"start":{"line":298,"column":16},"end":{"line":298,"column":56}}],"line":297},"24":{"loc":{"start":{"line":297,"column":16},"end":{"line":297,"column":59}},"type":"binary-expr","locations":[{"start":{"line":297,"column":16},"end":{"line":297,"column":34}},{"start":{"line":297,"column":38},"end":{"line":297,"column":59}}],"line":297},"25":{"loc":{"start":{"line":298,"column":16},"end":{"line":298,"column":56}},"type":"cond-expr","locations":[{"start":{"line":298,"column":39},"end":{"line":298,"column":51}},{"start":{"line":298,"column":54},"end":{"line":298,"column":56}}],"line":298},"26":{"loc":{"start":{"line":303,"column":12},"end":{"line":303,"column":119}},"type":"binary-expr","locations":[{"start":{"line":303,"column":12},"end":{"line":303,"column":37}},{"start":{"line":303,"column":41},"end":{"line":303,"column":119}}],"line":303},"27":{"loc":{"start":{"line":304,"column":12},"end":{"line":304,"column":106}},"type":"binary-expr","locations":[{"start":{"line":304,"column":12},"end":{"line":304,"column":36}},{"start":{"line":304,"column":40},"end":{"line":304,"column":106}}],"line":304},"28":{"loc":{"start":{"line":305,"column":12},"end":{"line":305,"column":96}},"type":"binary-expr","locations":[{"start":{"line":305,"column":12},"end":{"line":305,"column":30}},{"start":{"line":305,"column":34},"end":{"line":305,"column":96}}],"line":305}},"s":{"0":6,"1":6,"2":6,"3":0,"4":0,"5":0,"6":6,"7":0,"8":0,"9":0,"10":6,"11":0,"12":6,"13":0,"14":0,"15":0,"16":0,"17":0,"18":0,"19":0,"20":0,"21":0,"22":0,"23":0,"24":0,"25":0,"26":0,"27":0,"28":0,"29":0,"30":0,"31":0,"32":0,"33":0,"34":0,"35":0,"36":0,"37":0,"38":6,"39":0,"40":6,"41":6,"42":6,"43":6,"44":0,"45":6,"46":0,"47":0,"48":0,"49":0,"50":7,"51":6,"52":7,"53":6,"54":0,"55":0},"f":{"0":6,"1":6,"2":0,"3":0,"4":0,"5":0,"6":0,"7":0,"8":0,"9":0,"10":0,"11":0,"12":6,"13":0,"14":0,"15":0,"16":0,"17":6,"18":6,"19":0,"20":0},"b":{"0":[0,0],"1":[0,0],"2":[0,0],"3":[0,0],"4":[0,0],"5":[0,0],"6":[0,0],"7":[0,0],"8":[6,6],"9":[0,6],"10":[0,6],"11":[6,0],"12":[6,6],"13":[0,6],"14":[6,0],"15":[6,6],"16":[6,0,0],"17":[6,0,0],"18":[6,0],"19":[6,0],"20":[6,0],"21":[6,0],"22":[6,6],"23":[0,0],"24":[0,0],"25":[0,0],"26":[6,0],"27":[6,0],"28":[6,6]},"_coverageSchema":"43e27e138ebf9cfc5966b082cf9a028302ed4184","hash":"1ff0aff935f749cda73ad7405353a39f7a0ad50b"}
,"/Users/jonathancannon/projects/Graff_Exchange_test/app/components/MainNav.js": {"path":"/Users/jonathancannon/projects/Graff_Exchange_test/app/components/MainNav.js","statementMap":{"0":{"start":{"line":19,"column":6},"end":{"line":19,"column":18}},"1":{"start":{"line":25,"column":40},"end":{"line":25,"column":50}},"2":{"start":{"line":27,"column":4},"end":{"line":27,"column":27}},"3":{"start":{"line":32,"column":25},"end":{"line":32,"column":44}},"4":{"start":{"line":34,"column":4},"end":{"line":76,"column":6}},"5":{"start":{"line":81,"column":24},"end":{"line":90,"column":1}},"6":{"start":{"line":83,"column":2},"end":{"line":88,"column":4}},"7":{"start":{"line":92,"column":27},"end":{"line":95,"column":2}},"8":{"start":{"line":92,"column":40},"end":{"line":95,"column":1}},"9":{"start":{"line":93,"column":17},"end":{"line":93,"column":47}},"10":{"start":{"line":94,"column":31},"end":{"line":94,"column":69}}},"fnMap":{"0":{"name":"(anonymous_0)","decl":{"start":{"line":18,"column":2},"end":{"line":18,"column":3}},"loc":{"start":{"line":18,"column":20},"end":{"line":21,"column":3}},"line":18},"1":{"name":"(anonymous_1)","decl":{"start":{"line":23,"column":2},"end":{"line":23,"column":3}},"loc":{"start":{"line":23,"column":21},"end":{"line":28,"column":3}},"line":23},"2":{"name":"(anonymous_2)","decl":{"start":{"line":30,"column":2},"end":{"line":30,"column":3}},"loc":{"start":{"line":30,"column":10},"end":{"line":77,"column":3}},"line":30},"3":{"name":"(anonymous_3)","decl":{"start":{"line":81,"column":24},"end":{"line":81,"column":25}},"loc":{"start":{"line":81,"column":61},"end":{"line":90,"column":1}},"line":81},"4":{"name":"(anonymous_4)","decl":{"start":{"line":92,"column":27},"end":{"line":92,"column":28}},"loc":{"start":{"line":92,"column":40},"end":{"line":95,"column":1}},"line":92},"5":{"name":"(anonymous_5)","decl":{"start":{"line":93,"column":11},"end":{"line":93,"column":12}},"loc":{"start":{"line":93,"column":17},"end":{"line":93,"column":47}},"line":93},"6":{"name":"(anonymous_6)","decl":{"start":{"line":94,"column":20},"end":{"line":94,"column":21}},"loc":{"start":{"line":94,"column":31},"end":{"line":94,"column":69}},"line":94}},"branchMap":{"0":{"loc":{"start":{"line":40,"column":10},"end":{"line":47,"column":16}},"type":"binary-expr","locations":[{"start":{"line":40,"column":10},"end":{"line":40,"column":19}},{"start":{"line":42,"column":10},"end":{"line":47,"column":16}}],"line":40},"1":{"loc":{"start":{"line":54,"column":44},"end":{"line":54,"column":65}},"type":"cond-expr","locations":[{"start":{"line":54,"column":56},"end":{"line":54,"column":59}},{"start":{"line":54,"column":62},"end":{"line":54,"column":65}}],"line":54},"2":{"loc":{"start":{"line":54,"column":71},"end":{"line":54,"column":114}},"type":"cond-expr","locations":[{"start":{"line":54,"column":99},"end":{"line":54,"column":109}},{"start":{"line":54,"column":112},"end":{"line":54,"column":114}}],"line":54},"3":{"loc":{"start":{"line":56,"column":13},"end":{"line":56,"column":50}},"type":"binary-expr","locations":[{"start":{"line":56,"column":13},"end":{"line":56,"column":24}},{"start":{"line":56,"column":28},"end":{"line":56,"column":50}}],"line":56},"4":{"loc":{"start":{"line":63,"column":23},"end":{"line":63,"column":102}},"type":"cond-expr","locations":[{"start":{"line":63,"column":70},"end":{"line":63,"column":83}},{"start":{"line":63,"column":86},"end":{"line":63,"column":102}}],"line":63},"5":{"loc":{"start":{"line":65,"column":15},"end":{"line":65,"column":51}},"type":"binary-expr","locations":[{"start":{"line":65,"column":15},"end":{"line":65,"column":26}},{"start":{"line":65,"column":30},"end":{"line":65,"column":51}}],"line":65},"6":{"loc":{"start":{"line":67,"column":51},"end":{"line":67,"column":72}},"type":"cond-expr","locations":[{"start":{"line":67,"column":63},"end":{"line":67,"column":66}},{"start":{"line":67,"column":69},"end":{"line":67,"column":72}}],"line":67},"7":{"loc":{"start":{"line":67,"column":78},"end":{"line":67,"column":123}},"type":"cond-expr","locations":[{"start":{"line":67,"column":108},"end":{"line":67,"column":118}},{"start":{"line":67,"column":121},"end":{"line":67,"column":123}}],"line":67}},"s":{"0":0,"1":0,"2":0,"3":0,"4":0,"5":7,"6":0,"7":7,"8":0,"9":0,"10":0},"f":{"0":0,"1":0,"2":0,"3":0,"4":0,"5":0,"6":0},"b":{"0":[0,0],"1":[0,0],"2":[0,0],"3":[0,0],"4":[0,0],"5":[0,0],"6":[0,0],"7":[0,0]},"_coverageSchema":"43e27e138ebf9cfc5966b082cf9a028302ed4184","hash":"e1f571095f980575ae0ae878d30d6129a66e9122"}
,"/Users/jonathancannon/projects/Graff_Exchange_test/app/components/Socket.js": {"path":"/Users/jonathancannon/projects/Graff_Exchange_test/app/components/Socket.js","statementMap":{"0":{"start":{"line":8,"column":4},"end":{"line":8,"column":17}},"1":{"start":{"line":10,"column":4},"end":{"line":12,"column":5}},"2":{"start":{"line":15,"column":20},"end":{"line":39,"column":3}},"3":{"start":{"line":17,"column":19},"end":{"line":17,"column":63}},"4":{"start":{"line":19,"column":19},"end":{"line":19,"column":21}},"5":{"start":{"line":21,"column":4},"end":{"line":24,"column":5}},"6":{"start":{"line":23,"column":6},"end":{"line":23,"column":53}},"7":{"start":{"line":26,"column":4},"end":{"line":31,"column":6}},"8":{"start":{"line":28,"column":6},"end":{"line":30,"column":8}},"9":{"start":{"line":29,"column":8},"end":{"line":29,"column":39}},"10":{"start":{"line":33,"column":4},"end":{"line":36,"column":6}},"11":{"start":{"line":35,"column":6},"end":{"line":35,"column":57}},"12":{"start":{"line":38,"column":4},"end":{"line":38,"column":86}},"13":{"start":{"line":43,"column":27},"end":{"line":43,"column":67}},"14":{"start":{"line":45,"column":27},"end":{"line":45,"column":72}},"15":{"start":{"line":47,"column":4},"end":{"line":53,"column":5}},"16":{"start":{"line":50,"column":6},"end":{"line":50,"column":37}},"17":{"start":{"line":52,"column":6},"end":{"line":52,"column":28}},"18":{"start":{"line":57,"column":4},"end":{"line":57,"column":26}},"19":{"start":{"line":61,"column":4},"end":{"line":63,"column":6}},"20":{"start":{"line":67,"column":24},"end":{"line":71,"column":3}},"21":{"start":{"line":68,"column":4},"end":{"line":70,"column":6}},"22":{"start":{"line":73,"column":27},"end":{"line":76,"column":2}},"23":{"start":{"line":73,"column":40},"end":{"line":76,"column":1}},"24":{"start":{"line":75,"column":36},"end":{"line":75,"column":82}}},"fnMap":{"0":{"name":"(anonymous_0)","decl":{"start":{"line":7,"column":2},"end":{"line":7,"column":3}},"loc":{"start":{"line":7,"column":21},"end":{"line":13,"column":3}},"line":7},"1":{"name":"(anonymous_1)","decl":{"start":{"line":15,"column":20},"end":{"line":15,"column":21}},"loc":{"start":{"line":15,"column":26},"end":{"line":39,"column":3}},"line":15},"2":{"name":"(anonymous_2)","decl":{"start":{"line":26,"column":25},"end":{"line":26,"column":26}},"loc":{"start":{"line":26,"column":31},"end":{"line":31,"column":5}},"line":26},"3":{"name":"(anonymous_3)","decl":{"start":{"line":28,"column":22},"end":{"line":28,"column":23}},"loc":{"start":{"line":28,"column":29},"end":{"line":30,"column":7}},"line":28},"4":{"name":"(anonymous_4)","decl":{"start":{"line":33,"column":25},"end":{"line":33,"column":26}},"loc":{"start":{"line":33,"column":36},"end":{"line":36,"column":5}},"line":33},"5":{"name":"(anonymous_5)","decl":{"start":{"line":41,"column":2},"end":{"line":41,"column":3}},"loc":{"start":{"line":41,"column":28},"end":{"line":54,"column":3}},"line":41},"6":{"name":"(anonymous_6)","decl":{"start":{"line":56,"column":2},"end":{"line":56,"column":3}},"loc":{"start":{"line":56,"column":21},"end":{"line":58,"column":3}},"line":56},"7":{"name":"(anonymous_7)","decl":{"start":{"line":60,"column":2},"end":{"line":60,"column":3}},"loc":{"start":{"line":60,"column":11},"end":{"line":64,"column":3}},"line":60},"8":{"name":"(anonymous_8)","decl":{"start":{"line":67,"column":24},"end":{"line":67,"column":25}},"loc":{"start":{"line":67,"column":49},"end":{"line":71,"column":3}},"line":67},"9":{"name":"(anonymous_9)","decl":{"start":{"line":73,"column":27},"end":{"line":73,"column":28}},"loc":{"start":{"line":73,"column":40},"end":{"line":76,"column":1}},"line":73},"10":{"name":"(anonymous_10)","decl":{"start":{"line":75,"column":25},"end":{"line":75,"column":26}},"loc":{"start":{"line":75,"column":36},"end":{"line":75,"column":82}},"line":75}},"branchMap":{"0":{"loc":{"start":{"line":47,"column":4},"end":{"line":53,"column":5}},"type":"if","locations":[{"start":{"line":47,"column":4},"end":{"line":53,"column":5}},{"start":{"line":47,"column":4},"end":{"line":53,"column":5}}],"line":47}},"s":{"0":0,"1":0,"2":0,"3":0,"4":0,"5":0,"6":0,"7":0,"8":0,"9":0,"10":0,"11":0,"12":0,"13":0,"14":0,"15":0,"16":0,"17":0,"18":0,"19":0,"20":7,"21":0,"22":7,"23":0,"24":0},"f":{"0":0,"1":0,"2":0,"3":0,"4":0,"5":0,"6":0,"7":0,"8":0,"9":0,"10":0},"b":{"0":[0,0]},"_coverageSchema":"43e27e138ebf9cfc5966b082cf9a028302ed4184","hash":"c7135e9d147b9b8dcc818939c590361683c149dc"}
,"/Users/jonathancannon/projects/Graff_Exchange_test/app/components/app.js": {"path":"/Users/jonathancannon/projects/Graff_Exchange_test/app/components/app.js","statementMap":{"0":{"start":{"line":19,"column":12},"end":{"line":72,"column":1}},"1":{"start":{"line":23,"column":2},"end":{"line":71,"column":3}},"2":{"start":{"line":25,"column":4},"end":{"line":34,"column":5}},"3":{"start":{"line":41,"column":4},"end":{"line":70,"column":5}},"4":{"start":{"line":43,"column":6},"end":{"line":46,"column":7}},"5":{"start":{"line":52,"column":8},"end":{"line":69,"column":7}},"6":{"start":{"line":74,"column":24},"end":{"line":78,"column":1}},"7":{"start":{"line":75,"column":2},"end":{"line":77,"column":4}}},"fnMap":{"0":{"name":"(anonymous_0)","decl":{"start":{"line":19,"column":12},"end":{"line":19,"column":13}},"loc":{"start":{"line":19,"column":23},"end":{"line":72,"column":1}},"line":19},"1":{"name":"(anonymous_1)","decl":{"start":{"line":74,"column":24},"end":{"line":74,"column":25}},"loc":{"start":{"line":74,"column":44},"end":{"line":78,"column":1}},"line":74}},"branchMap":{"0":{"loc":{"start":{"line":23,"column":2},"end":{"line":71,"column":3}},"type":"if","locations":[{"start":{"line":23,"column":2},"end":{"line":71,"column":3}},{"start":{"line":23,"column":2},"end":{"line":71,"column":3}}],"line":23},"1":{"loc":{"start":{"line":41,"column":4},"end":{"line":70,"column":5}},"type":"if","locations":[{"start":{"line":41,"column":4},"end":{"line":70,"column":5}},{"start":{"line":41,"column":4},"end":{"line":70,"column":5}}],"line":41}},"s":{"0":7,"1":6,"2":6,"3":0,"4":0,"5":0,"6":7,"7":6},"f":{"0":6,"1":6},"b":{"0":[6,0],"1":[0,0]},"_coverageSchema":"43e27e138ebf9cfc5966b082cf9a028302ed4184","hash":"adef30066bb8e79a52f62279676f2f486f814505"}
,"/Users/jonathancannon/projects/Graff_Exchange_test/app/components/loadingDots.js": {"path":"/Users/jonathancannon/projects/Graff_Exchange_test/app/components/loadingDots.js","statementMap":{"0":{"start":{"line":3,"column":20},"end":{"line":19,"column":1}},"1":{"start":{"line":5,"column":18},"end":{"line":9,"column":5}},"2":{"start":{"line":11,"column":4},"end":{"line":18,"column":5}}},"fnMap":{"0":{"name":"(anonymous_0)","decl":{"start":{"line":3,"column":20},"end":{"line":3,"column":21}},"loc":{"start":{"line":3,"column":31},"end":{"line":19,"column":1}},"line":3}},"branchMap":{},"s":{"0":8,"1":26,"2":26},"f":{"0":26},"b":{},"_coverageSchema":"43e27e138ebf9cfc5966b082cf9a028302ed4184","hash":"29ceefa720a6ba04b80bcaf4e643d72c3d403423"}
,"/Users/jonathancannon/projects/Graff_Exchange_test/app/components/utils.js": {"path":"/Users/jonathancannon/projects/Graff_Exchange_test/app/components/utils.js","statementMap":{"0":{"start":{"line":1,"column":23},"end":{"line":1,"column":51}},"1":{"start":{"line":3,"column":21},"end":{"line":3,"column":180}},"2":{"start":{"line":7,"column":4},"end":{"line":7,"column":36}},"3":{"start":{"line":12,"column":4},"end":{"line":12,"column":35}},"4":{"start":{"line":17,"column":4},"end":{"line":17,"column":33}}},"fnMap":{"0":{"name":"isDesktop","decl":{"start":{"line":5,"column":16},"end":{"line":5,"column":25}},"loc":{"start":{"line":5,"column":27},"end":{"line":8,"column":1}},"line":5},"1":{"name":"isCell","decl":{"start":{"line":10,"column":16},"end":{"line":10,"column":22}},"loc":{"start":{"line":10,"column":24},"end":{"line":13,"column":1}},"line":10},"2":{"name":"isTab","decl":{"start":{"line":15,"column":16},"end":{"line":15,"column":21}},"loc":{"start":{"line":15,"column":23},"end":{"line":18,"column":1}},"line":15}},"branchMap":{"0":{"loc":{"start":{"line":17,"column":11},"end":{"line":17,"column":32}},"type":"binary-expr","locations":[{"start":{"line":17,"column":11},"end":{"line":17,"column":18}},{"start":{"line":17,"column":22},"end":{"line":17,"column":32}}],"line":17}},"s":{"0":8,"1":8,"2":17,"3":125,"4":0},"f":{"0":17,"1":125,"2":0},"b":{"0":[0,0]},"_coverageSchema":"43e27e138ebf9cfc5966b082cf9a028302ed4184","hash":"ae110303bd872c792dce6dd7b55e947bd755a630"}
,"/Users/jonathancannon/projects/Graff_Exchange_test/app/components/indiv/IndivFin.js": {"path":"/Users/jonathancannon/projects/Graff_Exchange_test/app/components/indiv/IndivFin.js","statementMap":{"0":{"start":{"line":13,"column":4},"end":{"line":13,"column":17}},"1":{"start":{"line":14,"column":4},"end":{"line":16,"column":5}},"2":{"start":{"line":19,"column":15},"end":{"line":25,"column":3}},"3":{"start":{"line":21,"column":4},"end":{"line":24,"column":6}},"4":{"start":{"line":27,"column":17},"end":{"line":32,"column":3}},"5":{"start":{"line":29,"column":70},"end":{"line":29,"column":80}},"6":{"start":{"line":31,"column":4},"end":{"line":31,"column":58}},"7":{"start":{"line":36,"column":49},"end":{"line":36,"column":59}},"8":{"start":{"line":38,"column":41},"end":{"line":38,"column":73}},"9":{"start":{"line":40,"column":4},"end":{"line":43,"column":5}},"10":{"start":{"line":42,"column":6},"end":{"line":42,"column":25}},"11":{"start":{"line":49,"column":49},"end":{"line":49,"column":59}},"12":{"start":{"line":51,"column":41},"end":{"line":51,"column":73}},"13":{"start":{"line":53,"column":4},"end":{"line":56,"column":5}},"14":{"start":{"line":55,"column":6},"end":{"line":55,"column":25}},"15":{"start":{"line":62,"column":49},"end":{"line":62,"column":59}},"16":{"start":{"line":64,"column":41},"end":{"line":64,"column":73}},"17":{"start":{"line":67,"column":22},"end":{"line":69,"column":71}},"18":{"start":{"line":71,"column":30},"end":{"line":73,"column":85}},"19":{"start":{"line":76,"column":25},"end":{"line":76,"column":27}},"20":{"start":{"line":78,"column":4},"end":{"line":83,"column":5}},"21":{"start":{"line":80,"column":29},"end":{"line":80,"column":57}},"22":{"start":{"line":82,"column":6},"end":{"line":82,"column":63}},"23":{"start":{"line":82,"column":32},"end":{"line":82,"column":62}},"24":{"start":{"line":91,"column":4},"end":{"line":99,"column":5}},"25":{"start":{"line":93,"column":6},"end":{"line":93,"column":45}},"26":{"start":{"line":98,"column":6},"end":{"line":98,"column":58}},"27":{"start":{"line":101,"column":25},"end":{"line":101,"column":68}},"28":{"start":{"line":103,"column":4},"end":{"line":148,"column":6}},"29":{"start":{"line":116,"column":18},"end":{"line":127,"column":19}},"30":{"start":{"line":152,"column":24},"end":{"line":157,"column":1}},"31":{"start":{"line":153,"column":2},"end":{"line":156,"column":4}},"32":{"start":{"line":159,"column":27},"end":{"line":162,"column":2}},"33":{"start":{"line":159,"column":40},"end":{"line":162,"column":1}},"34":{"start":{"line":161,"column":47},"end":{"line":161,"column":96}}},"fnMap":{"0":{"name":"(anonymous_0)","decl":{"start":{"line":12,"column":2},"end":{"line":12,"column":3}},"loc":{"start":{"line":12,"column":21},"end":{"line":17,"column":3}},"line":12},"1":{"name":"(anonymous_1)","decl":{"start":{"line":19,"column":15},"end":{"line":19,"column":16}},"loc":{"start":{"line":19,"column":31},"end":{"line":25,"column":3}},"line":19},"2":{"name":"(anonymous_2)","decl":{"start":{"line":27,"column":17},"end":{"line":27,"column":18}},"loc":{"start":{"line":27,"column":23},"end":{"line":32,"column":3}},"line":27},"3":{"name":"(anonymous_3)","decl":{"start":{"line":34,"column":2},"end":{"line":34,"column":3}},"loc":{"start":{"line":34,"column":21},"end":{"line":45,"column":3}},"line":34},"4":{"name":"(anonymous_4)","decl":{"start":{"line":47,"column":2},"end":{"line":47,"column":3}},"loc":{"start":{"line":47,"column":22},"end":{"line":58,"column":3}},"line":47},"5":{"name":"(anonymous_5)","decl":{"start":{"line":60,"column":2},"end":{"line":60,"column":3}},"loc":{"start":{"line":60,"column":11},"end":{"line":149,"column":3}},"line":60},"6":{"name":"(anonymous_6)","decl":{"start":{"line":82,"column":25},"end":{"line":82,"column":26}},"loc":{"start":{"line":82,"column":32},"end":{"line":82,"column":62}},"line":82},"7":{"name":"(anonymous_7)","decl":{"start":{"line":114,"column":22},"end":{"line":114,"column":23}},"loc":{"start":{"line":114,"column":34},"end":{"line":128,"column":17}},"line":114},"8":{"name":"(anonymous_8)","decl":{"start":{"line":152,"column":24},"end":{"line":152,"column":25}},"loc":{"start":{"line":152,"column":49},"end":{"line":157,"column":1}},"line":152},"9":{"name":"(anonymous_9)","decl":{"start":{"line":159,"column":27},"end":{"line":159,"column":28}},"loc":{"start":{"line":159,"column":40},"end":{"line":162,"column":1}},"line":159},"10":{"name":"(anonymous_10)","decl":{"start":{"line":161,"column":35},"end":{"line":161,"column":36}},"loc":{"start":{"line":161,"column":47},"end":{"line":161,"column":96}},"line":161}},"branchMap":{"0":{"loc":{"start":{"line":40,"column":4},"end":{"line":43,"column":5}},"type":"if","locations":[{"start":{"line":40,"column":4},"end":{"line":43,"column":5}},{"start":{"line":40,"column":4},"end":{"line":43,"column":5}}],"line":40},"1":{"loc":{"start":{"line":40,"column":7},"end":{"line":40,"column":60}},"type":"binary-expr","locations":[{"start":{"line":40,"column":7},"end":{"line":40,"column":16}},{"start":{"line":40,"column":20},"end":{"line":40,"column":60}}],"line":40},"2":{"loc":{"start":{"line":53,"column":4},"end":{"line":56,"column":5}},"type":"if","locations":[{"start":{"line":53,"column":4},"end":{"line":56,"column":5}},{"start":{"line":53,"column":4},"end":{"line":56,"column":5}}],"line":53},"3":{"loc":{"start":{"line":53,"column":7},"end":{"line":53,"column":60}},"type":"binary-expr","locations":[{"start":{"line":53,"column":7},"end":{"line":53,"column":16}},{"start":{"line":53,"column":20},"end":{"line":53,"column":60}}],"line":53},"4":{"loc":{"start":{"line":67,"column":22},"end":{"line":69,"column":71}},"type":"binary-expr","locations":[{"start":{"line":67,"column":22},"end":{"line":67,"column":50}},{"start":{"line":68,"column":25},"end":{"line":68,"column":64}},{"start":{"line":69,"column":25},"end":{"line":69,"column":71}}],"line":67},"5":{"loc":{"start":{"line":71,"column":30},"end":{"line":73,"column":85}},"type":"binary-expr","locations":[{"start":{"line":71,"column":30},"end":{"line":71,"column":58}},{"start":{"line":72,"column":33},"end":{"line":72,"column":72}},{"start":{"line":73,"column":33},"end":{"line":73,"column":85}}],"line":71},"6":{"loc":{"start":{"line":78,"column":4},"end":{"line":83,"column":5}},"type":"if","locations":[{"start":{"line":78,"column":4},"end":{"line":83,"column":5}},{"start":{"line":78,"column":4},"end":{"line":83,"column":5}}],"line":78},"7":{"loc":{"start":{"line":91,"column":4},"end":{"line":99,"column":5}},"type":"if","locations":[{"start":{"line":91,"column":4},"end":{"line":99,"column":5}},{"start":{"line":91,"column":4},"end":{"line":99,"column":5}}],"line":91},"8":{"loc":{"start":{"line":107,"column":10},"end":{"line":139,"column":18}},"type":"cond-expr","locations":[{"start":{"line":108,"column":10},"end":{"line":131,"column":16}},{"start":{"line":132,"column":14},"end":{"line":139,"column":18}}],"line":107},"9":{"loc":{"start":{"line":107,"column":10},"end":{"line":107,"column":51}},"type":"binary-expr","locations":[{"start":{"line":107,"column":10},"end":{"line":107,"column":19}},{"start":{"line":107,"column":23},"end":{"line":107,"column":51}}],"line":107},"10":{"loc":{"start":{"line":132,"column":14},"end":{"line":139,"column":18}},"type":"cond-expr","locations":[{"start":{"line":133,"column":12},"end":{"line":135,"column":19}},{"start":{"line":137,"column":12},"end":{"line":139,"column":18}}],"line":132}},"s":{"0":13,"1":13,"2":13,"3":2,"4":13,"5":3,"6":3,"7":13,"8":13,"9":13,"10":3,"11":2,"12":2,"13":2,"14":0,"15":15,"16":15,"17":15,"18":15,"19":15,"20":15,"21":10,"22":10,"23":20,"24":15,"25":13,"26":2,"27":15,"28":15,"29":30,"30":7,"31":13,"32":7,"33":13,"34":3},"f":{"0":13,"1":2,"2":3,"3":13,"4":2,"5":15,"6":20,"7":30,"8":13,"9":13,"10":3},"b":{"0":[3,10],"1":[13,13],"2":[0,2],"3":[2,2],"4":[15,15,12],"5":[15,15,12],"6":[10,5],"7":[13,2],"8":[10,5],"9":[15,10],"10":[2,3]},"_coverageSchema":"43e27e138ebf9cfc5966b082cf9a028302ed4184","hash":"976418bb3832f805823e7fb3b6237db575cded93"}
,"/Users/jonathancannon/projects/Graff_Exchange_test/app/components/indiv/IndivNav.js": {"path":"/Users/jonathancannon/projects/Graff_Exchange_test/app/components/indiv/IndivNav.js","statementMap":{"0":{"start":{"line":17,"column":4},"end":{"line":17,"column":17}},"1":{"start":{"line":19,"column":4},"end":{"line":23,"column":5}},"2":{"start":{"line":28,"column":38},"end":{"line":28,"column":48}},"3":{"start":{"line":30,"column":4},"end":{"line":30,"column":66}},"4":{"start":{"line":35,"column":49},"end":{"line":35,"column":59}},"5":{"start":{"line":37,"column":41},"end":{"line":37,"column":73}},"6":{"start":{"line":39,"column":4},"end":{"line":42,"column":5}},"7":{"start":{"line":41,"column":6},"end":{"line":41,"column":25}},"8":{"start":{"line":47,"column":49},"end":{"line":47,"column":59}},"9":{"start":{"line":49,"column":41},"end":{"line":49,"column":73}},"10":{"start":{"line":51,"column":4},"end":{"line":54,"column":5}},"11":{"start":{"line":53,"column":6},"end":{"line":53,"column":25}},"12":{"start":{"line":58,"column":15},"end":{"line":61,"column":3}},"13":{"start":{"line":60,"column":4},"end":{"line":60,"column":45}},"14":{"start":{"line":65,"column":43},"end":{"line":65,"column":53}},"15":{"start":{"line":66,"column":25},"end":{"line":66,"column":44}},"16":{"start":{"line":67,"column":69},"end":{"line":67,"column":79}},"17":{"start":{"line":69,"column":41},"end":{"line":69,"column":73}},"18":{"start":{"line":71,"column":4},"end":{"line":166,"column":6}},"19":{"start":{"line":80,"column":26},"end":{"line":80,"column":92}},"20":{"start":{"line":92,"column":23},"end":{"line":92,"column":91}},"21":{"start":{"line":102,"column":23},"end":{"line":102,"column":85}},"22":{"start":{"line":125,"column":54},"end":{"line":125,"column":92}},"23":{"start":{"line":127,"column":31},"end":{"line":127,"column":50}},"24":{"start":{"line":148,"column":22},"end":{"line":148,"column":62}},"25":{"start":{"line":149,"column":22},"end":{"line":149,"column":60}},"26":{"start":{"line":156,"column":24},"end":{"line":158,"column":25}},"27":{"start":{"line":170,"column":24},"end":{"line":175,"column":1}},"28":{"start":{"line":171,"column":2},"end":{"line":174,"column":4}},"29":{"start":{"line":177,"column":27},"end":{"line":180,"column":2}},"30":{"start":{"line":177,"column":40},"end":{"line":180,"column":1}},"31":{"start":{"line":178,"column":43},"end":{"line":178,"column":88}},"32":{"start":{"line":179,"column":34},"end":{"line":179,"column":78}}},"fnMap":{"0":{"name":"(anonymous_0)","decl":{"start":{"line":16,"column":2},"end":{"line":16,"column":3}},"loc":{"start":{"line":16,"column":21},"end":{"line":24,"column":3}},"line":16},"1":{"name":"(anonymous_1)","decl":{"start":{"line":26,"column":2},"end":{"line":26,"column":3}},"loc":{"start":{"line":26,"column":16},"end":{"line":31,"column":3}},"line":26},"2":{"name":"(anonymous_2)","decl":{"start":{"line":33,"column":2},"end":{"line":33,"column":3}},"loc":{"start":{"line":33,"column":21},"end":{"line":43,"column":3}},"line":33},"3":{"name":"(anonymous_3)","decl":{"start":{"line":45,"column":2},"end":{"line":45,"column":3}},"loc":{"start":{"line":45,"column":22},"end":{"line":56,"column":3}},"line":45},"4":{"name":"(anonymous_4)","decl":{"start":{"line":58,"column":15},"end":{"line":58,"column":16}},"loc":{"start":{"line":58,"column":21},"end":{"line":61,"column":3}},"line":58},"5":{"name":"(anonymous_5)","decl":{"start":{"line":63,"column":2},"end":{"line":63,"column":3}},"loc":{"start":{"line":63,"column":11},"end":{"line":167,"column":3}},"line":63},"6":{"name":"(anonymous_6)","decl":{"start":{"line":80,"column":22},"end":{"line":80,"column":23}},"loc":{"start":{"line":80,"column":26},"end":{"line":80,"column":92}},"line":80},"7":{"name":"(anonymous_7)","decl":{"start":{"line":92,"column":19},"end":{"line":92,"column":20}},"loc":{"start":{"line":92,"column":23},"end":{"line":92,"column":91}},"line":92},"8":{"name":"(anonymous_8)","decl":{"start":{"line":102,"column":19},"end":{"line":102,"column":20}},"loc":{"start":{"line":102,"column":23},"end":{"line":102,"column":85}},"line":102},"9":{"name":"(anonymous_9)","decl":{"start":{"line":115,"column":18},"end":{"line":115,"column":19}},"loc":{"start":{"line":115,"column":22},"end":{"line":115,"column":24}},"line":115},"10":{"name":"(anonymous_10)","decl":{"start":{"line":125,"column":50},"end":{"line":125,"column":51}},"loc":{"start":{"line":125,"column":54},"end":{"line":125,"column":92}},"line":125},"11":{"name":"(anonymous_11)","decl":{"start":{"line":127,"column":25},"end":{"line":127,"column":26}},"loc":{"start":{"line":127,"column":31},"end":{"line":127,"column":50}},"line":127},"12":{"name":"(anonymous_12)","decl":{"start":{"line":147,"column":32},"end":{"line":147,"column":33}},"loc":{"start":{"line":147,"column":38},"end":{"line":150,"column":21}},"line":147},"13":{"name":"(anonymous_13)","decl":{"start":{"line":154,"column":29},"end":{"line":154,"column":30}},"loc":{"start":{"line":154,"column":41},"end":{"line":159,"column":21}},"line":154},"14":{"name":"(anonymous_14)","decl":{"start":{"line":170,"column":24},"end":{"line":170,"column":25}},"loc":{"start":{"line":170,"column":49},"end":{"line":175,"column":1}},"line":170},"15":{"name":"(anonymous_15)","decl":{"start":{"line":177,"column":27},"end":{"line":177,"column":28}},"loc":{"start":{"line":177,"column":40},"end":{"line":180,"column":1}},"line":177},"16":{"name":"(anonymous_16)","decl":{"start":{"line":178,"column":30},"end":{"line":178,"column":31}},"loc":{"start":{"line":178,"column":43},"end":{"line":178,"column":88}},"line":178},"17":{"name":"(anonymous_17)","decl":{"start":{"line":179,"column":22},"end":{"line":179,"column":23}},"loc":{"start":{"line":179,"column":34},"end":{"line":179,"column":78}},"line":179}},"branchMap":{"0":{"loc":{"start":{"line":39,"column":4},"end":{"line":42,"column":5}},"type":"if","locations":[{"start":{"line":39,"column":4},"end":{"line":42,"column":5}},{"start":{"line":39,"column":4},"end":{"line":42,"column":5}}],"line":39},"1":{"loc":{"start":{"line":39,"column":8},"end":{"line":39,"column":60}},"type":"binary-expr","locations":[{"start":{"line":39,"column":8},"end":{"line":39,"column":16}},{"start":{"line":39,"column":20},"end":{"line":39,"column":60}}],"line":39},"2":{"loc":{"start":{"line":51,"column":4},"end":{"line":54,"column":5}},"type":"if","locations":[{"start":{"line":51,"column":4},"end":{"line":54,"column":5}},{"start":{"line":51,"column":4},"end":{"line":54,"column":5}}],"line":51},"3":{"loc":{"start":{"line":51,"column":7},"end":{"line":51,"column":59}},"type":"binary-expr","locations":[{"start":{"line":51,"column":7},"end":{"line":51,"column":15}},{"start":{"line":51,"column":19},"end":{"line":51,"column":59}}],"line":51},"4":{"loc":{"start":{"line":77,"column":10},"end":{"line":87,"column":16}},"type":"cond-expr","locations":[{"start":{"line":79,"column":10},"end":{"line":81,"column":12}},{"start":{"line":85,"column":10},"end":{"line":87,"column":16}}],"line":77},"5":{"loc":{"start":{"line":85,"column":32},"end":{"line":85,"column":60}},"type":"cond-expr","locations":[{"start":{"line":85,"column":45},"end":{"line":85,"column":52}},{"start":{"line":85,"column":55},"end":{"line":85,"column":60}}],"line":85},"6":{"loc":{"start":{"line":95,"column":17},"end":{"line":95,"column":84}},"type":"binary-expr","locations":[{"start":{"line":95,"column":17},"end":{"line":95,"column":45}},{"start":{"line":95,"column":49},"end":{"line":95,"column":84}}],"line":95},"7":{"loc":{"start":{"line":109,"column":8},"end":{"line":118,"column":14}},"type":"binary-expr","locations":[{"start":{"line":109,"column":8},"end":{"line":109,"column":17}},{"start":{"line":111,"column":8},"end":{"line":118,"column":14}}],"line":109},"8":{"loc":{"start":{"line":123,"column":8},"end":{"line":163,"column":14}},"type":"binary-expr","locations":[{"start":{"line":123,"column":8},"end":{"line":123,"column":22}},{"start":{"line":125,"column":8},"end":{"line":163,"column":14}}],"line":123},"9":{"loc":{"start":{"line":129,"column":16},"end":{"line":134,"column":18}},"type":"binary-expr","locations":[{"start":{"line":129,"column":16},"end":{"line":129,"column":46}},{"start":{"line":131,"column":16},"end":{"line":134,"column":18}}],"line":129},"10":{"loc":{"start":{"line":137,"column":16},"end":{"line":141,"column":18}},"type":"binary-expr","locations":[{"start":{"line":137,"column":16},"end":{"line":137,"column":42}},{"start":{"line":139,"column":16},"end":{"line":141,"column":18}}],"line":137},"11":{"loc":{"start":{"line":145,"column":16},"end":{"line":160,"column":24}},"type":"binary-expr","locations":[{"start":{"line":145,"column":16},"end":{"line":145,"column":48}},{"start":{"line":145,"column":52},"end":{"line":145,"column":61}},{"start":{"line":147,"column":18},"end":{"line":160,"column":24}}],"line":145}},"s":{"0":18,"1":18,"2":0,"3":0,"4":18,"5":18,"6":18,"7":0,"8":13,"9":13,"10":13,"11":0,"12":18,"13":2,"14":31,"15":31,"16":31,"17":31,"18":31,"19":0,"20":1,"21":1,"22":0,"23":0,"24":2,"25":2,"26":12,"27":7,"28":18,"29":7,"30":18,"31":0,"32":2},"f":{"0":18,"1":0,"2":18,"3":13,"4":2,"5":31,"6":0,"7":1,"8":1,"9":0,"10":0,"11":0,"12":2,"13":12,"14":18,"15":18,"16":0,"17":2},"b":{"0":[0,18],"1":[18,12],"2":[0,13],"3":[13,11],"4":[23,8],"5":[0,8],"6":[31,31],"7":[31,8],"8":[31,9],"9":[9,2],"10":[9,3],"11":[9,4,4]},"_coverageSchema":"43e27e138ebf9cfc5966b082cf9a028302ed4184","hash":"4deb89fdad08e5d9ccd0562b68fa496fccb3b151"}
,"/Users/jonathancannon/projects/Graff_Exchange_test/app/components/indiv/IndivNews.js": {"path":"/Users/jonathancannon/projects/Graff_Exchange_test/app/components/indiv/IndivNews.js","statementMap":{"0":{"start":{"line":10,"column":4},"end":{"line":10,"column":17}},"1":{"start":{"line":14,"column":17},"end":{"line":19,"column":3}},"2":{"start":{"line":16,"column":56},"end":{"line":16,"column":66}},"3":{"start":{"line":18,"column":4},"end":{"line":18,"column":43}},"4":{"start":{"line":23,"column":49},"end":{"line":23,"column":59}},"5":{"start":{"line":25,"column":41},"end":{"line":25,"column":73}},"6":{"start":{"line":27,"column":4},"end":{"line":30,"column":5}},"7":{"start":{"line":29,"column":6},"end":{"line":29,"column":25}},"8":{"start":{"line":36,"column":49},"end":{"line":36,"column":59}},"9":{"start":{"line":38,"column":41},"end":{"line":38,"column":73}},"10":{"start":{"line":40,"column":4},"end":{"line":43,"column":5}},"11":{"start":{"line":42,"column":6},"end":{"line":42,"column":25}},"12":{"start":{"line":49,"column":49},"end":{"line":49,"column":59}},"13":{"start":{"line":51,"column":41},"end":{"line":51,"column":73}},"14":{"start":{"line":53,"column":22},"end":{"line":55,"column":65}},"15":{"start":{"line":57,"column":25},"end":{"line":59,"column":73}},"16":{"start":{"line":61,"column":4},"end":{"line":105,"column":6}},"17":{"start":{"line":67,"column":12},"end":{"line":92,"column":13}},"18":{"start":{"line":110,"column":24},"end":{"line":115,"column":3}},"19":{"start":{"line":111,"column":4},"end":{"line":114,"column":6}},"20":{"start":{"line":117,"column":27},"end":{"line":120,"column":2}},"21":{"start":{"line":117,"column":40},"end":{"line":120,"column":1}},"22":{"start":{"line":119,"column":32},"end":{"line":119,"column":66}}},"fnMap":{"0":{"name":"(anonymous_0)","decl":{"start":{"line":9,"column":2},"end":{"line":9,"column":3}},"loc":{"start":{"line":9,"column":21},"end":{"line":12,"column":3}},"line":9},"1":{"name":"(anonymous_1)","decl":{"start":{"line":14,"column":17},"end":{"line":14,"column":18}},"loc":{"start":{"line":14,"column":23},"end":{"line":19,"column":3}},"line":14},"2":{"name":"(anonymous_2)","decl":{"start":{"line":21,"column":2},"end":{"line":21,"column":3}},"loc":{"start":{"line":21,"column":21},"end":{"line":32,"column":3}},"line":21},"3":{"name":"(anonymous_3)","decl":{"start":{"line":34,"column":2},"end":{"line":34,"column":3}},"loc":{"start":{"line":34,"column":22},"end":{"line":45,"column":3}},"line":34},"4":{"name":"(anonymous_4)","decl":{"start":{"line":47,"column":2},"end":{"line":47,"column":3}},"loc":{"start":{"line":47,"column":10},"end":{"line":107,"column":3}},"line":47},"5":{"name":"(anonymous_5)","decl":{"start":{"line":65,"column":60},"end":{"line":65,"column":61}},"loc":{"start":{"line":65,"column":76},"end":{"line":93,"column":9}},"line":65},"6":{"name":"(anonymous_6)","decl":{"start":{"line":110,"column":24},"end":{"line":110,"column":25}},"loc":{"start":{"line":110,"column":49},"end":{"line":115,"column":3}},"line":110},"7":{"name":"(anonymous_7)","decl":{"start":{"line":117,"column":27},"end":{"line":117,"column":28}},"loc":{"start":{"line":117,"column":40},"end":{"line":120,"column":1}},"line":117},"8":{"name":"(anonymous_8)","decl":{"start":{"line":119,"column":20},"end":{"line":119,"column":21}},"loc":{"start":{"line":119,"column":32},"end":{"line":119,"column":66}},"line":119}},"branchMap":{"0":{"loc":{"start":{"line":27,"column":4},"end":{"line":30,"column":5}},"type":"if","locations":[{"start":{"line":27,"column":4},"end":{"line":30,"column":5}},{"start":{"line":27,"column":4},"end":{"line":30,"column":5}}],"line":27},"1":{"loc":{"start":{"line":27,"column":7},"end":{"line":27,"column":54}},"type":"binary-expr","locations":[{"start":{"line":27,"column":7},"end":{"line":27,"column":16}},{"start":{"line":27,"column":20},"end":{"line":27,"column":54}}],"line":27},"2":{"loc":{"start":{"line":40,"column":4},"end":{"line":43,"column":5}},"type":"if","locations":[{"start":{"line":40,"column":4},"end":{"line":43,"column":5}},{"start":{"line":40,"column":4},"end":{"line":43,"column":5}}],"line":40},"3":{"loc":{"start":{"line":40,"column":7},"end":{"line":40,"column":54}},"type":"binary-expr","locations":[{"start":{"line":40,"column":7},"end":{"line":40,"column":16}},{"start":{"line":40,"column":20},"end":{"line":40,"column":54}}],"line":40},"4":{"loc":{"start":{"line":53,"column":22},"end":{"line":55,"column":65}},"type":"binary-expr","locations":[{"start":{"line":53,"column":22},"end":{"line":53,"column":50}},{"start":{"line":54,"column":25},"end":{"line":54,"column":58}},{"start":{"line":55,"column":25},"end":{"line":55,"column":65}}],"line":53},"5":{"loc":{"start":{"line":57,"column":25},"end":{"line":59,"column":73}},"type":"binary-expr","locations":[{"start":{"line":57,"column":25},"end":{"line":57,"column":53}},{"start":{"line":58,"column":27},"end":{"line":58,"column":60}},{"start":{"line":59,"column":27},"end":{"line":59,"column":73}}],"line":57},"6":{"loc":{"start":{"line":65,"column":10},"end":{"line":102,"column":14}},"type":"cond-expr","locations":[{"start":{"line":65,"column":22},"end":{"line":93,"column":10}},{"start":{"line":94,"column":10},"end":{"line":102,"column":14}}],"line":65},"7":{"loc":{"start":{"line":94,"column":10},"end":{"line":102,"column":14}},"type":"cond-expr","locations":[{"start":{"line":95,"column":12},"end":{"line":97,"column":19}},{"start":{"line":100,"column":8},"end":{"line":102,"column":14}}],"line":94}},"s":{"0":6,"1":6,"2":3,"3":3,"4":6,"5":6,"6":6,"7":3,"8":0,"9":0,"10":0,"11":0,"12":6,"13":6,"14":6,"15":6,"16":6,"17":2,"18":7,"19":6,"20":7,"21":6,"22":3},"f":{"0":6,"1":3,"2":6,"3":0,"4":6,"5":2,"6":6,"7":6,"8":3},"b":{"0":[3,3],"1":[6,6],"2":[0,0],"3":[0,0],"4":[6,6,3],"5":[6,6,3],"6":[2,4],"7":[1,3]},"_coverageSchema":"43e27e138ebf9cfc5966b082cf9a028302ed4184","hash":"682fa30e9a4d33bd1ebaa6d986cb769f3bbac9b1"}
,"/Users/jonathancannon/projects/Graff_Exchange_test/app/components/indiv/IndivPerf.js": {"path":"/Users/jonathancannon/projects/Graff_Exchange_test/app/components/indiv/IndivPerf.js","statementMap":{"0":{"start":{"line":7,"column":25},"end":{"line":7,"column":65}},"1":{"start":{"line":7,"column":36},"end":{"line":7,"column":64}},"2":{"start":{"line":12,"column":4},"end":{"line":12,"column":17}},"3":{"start":{"line":13,"column":4},"end":{"line":17,"column":5}},"4":{"start":{"line":25,"column":49},"end":{"line":25,"column":59}},"5":{"start":{"line":27,"column":41},"end":{"line":27,"column":73}},"6":{"start":{"line":29,"column":4},"end":{"line":32,"column":5}},"7":{"start":{"line":31,"column":6},"end":{"line":31,"column":25}},"8":{"start":{"line":42,"column":49},"end":{"line":42,"column":59}},"9":{"start":{"line":44,"column":41},"end":{"line":44,"column":73}},"10":{"start":{"line":46,"column":4},"end":{"line":49,"column":5}},"11":{"start":{"line":48,"column":6},"end":{"line":48,"column":25}},"12":{"start":{"line":52,"column":17},"end":{"line":57,"column":3}},"13":{"start":{"line":54,"column":65},"end":{"line":54,"column":75}},"14":{"start":{"line":56,"column":4},"end":{"line":56,"column":53}},"15":{"start":{"line":59,"column":15},"end":{"line":65,"column":3}},"16":{"start":{"line":61,"column":4},"end":{"line":64,"column":6}},"17":{"start":{"line":69,"column":36},"end":{"line":69,"column":46}},"18":{"start":{"line":71,"column":49},"end":{"line":71,"column":59}},"19":{"start":{"line":73,"column":41},"end":{"line":73,"column":73}},"20":{"start":{"line":75,"column":30},"end":{"line":75,"column":58}},"21":{"start":{"line":79,"column":6},"end":{"line":79,"column":37}},"22":{"start":{"line":84,"column":6},"end":{"line":92,"column":7}},"23":{"start":{"line":87,"column":10},"end":{"line":87,"column":18}},"24":{"start":{"line":89,"column":10},"end":{"line":89,"column":19}},"25":{"start":{"line":91,"column":10},"end":{"line":91,"column":20}},"26":{"start":{"line":95,"column":4},"end":{"line":161,"column":6}},"27":{"start":{"line":125,"column":20},"end":{"line":135,"column":21}},"28":{"start":{"line":165,"column":24},"end":{"line":170,"column":1}},"29":{"start":{"line":166,"column":2},"end":{"line":169,"column":4}},"30":{"start":{"line":172,"column":27},"end":{"line":175,"column":2}},"31":{"start":{"line":172,"column":40},"end":{"line":175,"column":1}},"32":{"start":{"line":174,"column":42},"end":{"line":174,"column":86}}},"fnMap":{"0":{"name":"(anonymous_0)","decl":{"start":{"line":7,"column":30},"end":{"line":7,"column":31}},"loc":{"start":{"line":7,"column":36},"end":{"line":7,"column":64}},"line":7},"1":{"name":"(anonymous_1)","decl":{"start":{"line":11,"column":2},"end":{"line":11,"column":3}},"loc":{"start":{"line":11,"column":21},"end":{"line":18,"column":3}},"line":11},"2":{"name":"(anonymous_2)","decl":{"start":{"line":23,"column":2},"end":{"line":23,"column":3}},"loc":{"start":{"line":23,"column":21},"end":{"line":34,"column":3}},"line":23},"3":{"name":"(anonymous_3)","decl":{"start":{"line":40,"column":2},"end":{"line":40,"column":3}},"loc":{"start":{"line":40,"column":22},"end":{"line":50,"column":3}},"line":40},"4":{"name":"(anonymous_4)","decl":{"start":{"line":52,"column":17},"end":{"line":52,"column":18}},"loc":{"start":{"line":52,"column":23},"end":{"line":57,"column":3}},"line":52},"5":{"name":"(anonymous_5)","decl":{"start":{"line":59,"column":15},"end":{"line":59,"column":16}},"loc":{"start":{"line":59,"column":31},"end":{"line":65,"column":3}},"line":59},"6":{"name":"(anonymous_6)","decl":{"start":{"line":67,"column":2},"end":{"line":67,"column":3}},"loc":{"start":{"line":67,"column":11},"end":{"line":162,"column":3}},"line":67},"7":{"name":"formatChange","decl":{"start":{"line":77,"column":13},"end":{"line":77,"column":25}},"loc":{"start":{"line":77,"column":32},"end":{"line":80,"column":5}},"line":77},"8":{"name":"chartPeriod","decl":{"start":{"line":82,"column":13},"end":{"line":82,"column":24}},"loc":{"start":{"line":82,"column":32},"end":{"line":93,"column":5}},"line":82},"9":{"name":"(anonymous_9)","decl":{"start":{"line":123,"column":110},"end":{"line":123,"column":111}},"loc":{"start":{"line":123,"column":121},"end":{"line":136,"column":19}},"line":123},"10":{"name":"(anonymous_10)","decl":{"start":{"line":165,"column":24},"end":{"line":165,"column":25}},"loc":{"start":{"line":165,"column":49},"end":{"line":170,"column":1}},"line":165},"11":{"name":"(anonymous_11)","decl":{"start":{"line":172,"column":27},"end":{"line":172,"column":28}},"loc":{"start":{"line":172,"column":40},"end":{"line":175,"column":1}},"line":172},"12":{"name":"(anonymous_12)","decl":{"start":{"line":174,"column":30},"end":{"line":174,"column":31}},"loc":{"start":{"line":174,"column":42},"end":{"line":174,"column":86}},"line":174}},"branchMap":{"0":{"loc":{"start":{"line":29,"column":4},"end":{"line":32,"column":5}},"type":"if","locations":[{"start":{"line":29,"column":4},"end":{"line":32,"column":5}},{"start":{"line":29,"column":4},"end":{"line":32,"column":5}}],"line":29},"1":{"loc":{"start":{"line":29,"column":7},"end":{"line":29,"column":60}},"type":"binary-expr","locations":[{"start":{"line":29,"column":7},"end":{"line":29,"column":16}},{"start":{"line":29,"column":20},"end":{"line":29,"column":60}}],"line":29},"2":{"loc":{"start":{"line":46,"column":4},"end":{"line":49,"column":5}},"type":"if","locations":[{"start":{"line":46,"column":4},"end":{"line":49,"column":5}},{"start":{"line":46,"column":4},"end":{"line":49,"column":5}}],"line":46},"3":{"loc":{"start":{"line":46,"column":7},"end":{"line":46,"column":60}},"type":"binary-expr","locations":[{"start":{"line":46,"column":7},"end":{"line":46,"column":16}},{"start":{"line":46,"column":20},"end":{"line":46,"column":60}}],"line":46},"4":{"loc":{"start":{"line":84,"column":6},"end":{"line":92,"column":7}},"type":"switch","locations":[{"start":{"line":86,"column":8},"end":{"line":87,"column":18}},{"start":{"line":88,"column":8},"end":{"line":89,"column":19}},{"start":{"line":90,"column":8},"end":{"line":91,"column":20}}],"line":84},"5":{"loc":{"start":{"line":102,"column":15},"end":{"line":106,"column":61}},"type":"cond-expr","locations":[{"start":{"line":104,"column":16},"end":{"line":104,"column":50}},{"start":{"line":106,"column":16},"end":{"line":106,"column":61}}],"line":102},"6":{"loc":{"start":{"line":102,"column":15},"end":{"line":102,"column":81}},"type":"binary-expr","locations":[{"start":{"line":102,"column":15},"end":{"line":102,"column":43}},{"start":{"line":102,"column":47},"end":{"line":102,"column":81}}],"line":102},"7":{"loc":{"start":{"line":112,"column":13},"end":{"line":112,"column":143}},"type":"binary-expr","locations":[{"start":{"line":112,"column":13},"end":{"line":112,"column":41}},{"start":{"line":112,"column":45},"end":{"line":112,"column":78}},{"start":{"line":112,"column":82},"end":{"line":112,"column":143}}],"line":112},"8":{"loc":{"start":{"line":118,"column":8},"end":{"line":137,"column":16}},"type":"binary-expr","locations":[{"start":{"line":118,"column":8},"end":{"line":118,"column":36}},{"start":{"line":118,"column":40},"end":{"line":118,"column":74}},{"start":{"line":120,"column":10},"end":{"line":137,"column":16}}],"line":118}},"s":{"0":7,"1":1,"2":10,"3":10,"4":10,"5":10,"6":10,"7":4,"8":1,"9":1,"10":1,"11":0,"12":10,"13":4,"14":4,"15":10,"16":1,"17":11,"18":11,"19":11,"20":11,"21":8,"22":11,"23":10,"24":0,"25":0,"26":11,"27":20,"28":7,"29":10,"30":7,"31":10,"32":4},"f":{"0":1,"1":10,"2":10,"3":1,"4":4,"5":1,"6":11,"7":8,"8":11,"9":20,"10":10,"11":10,"12":4},"b":{"0":[4,6],"1":[10,10],"2":[0,1],"3":[1,1],"4":[10,0,0],"5":[10,1],"6":[11,11],"7":[11,11,8],"8":[11,11,10]},"_coverageSchema":"43e27e138ebf9cfc5966b082cf9a028302ed4184","hash":"acb369b52c450bdf6411459942687155c18ab695"}
,"/Users/jonathancannon/projects/Graff_Exchange_test/app/components/indiv/IndivSelector.js": {"path":"/Users/jonathancannon/projects/Graff_Exchange_test/app/components/indiv/IndivSelector.js","statementMap":{"0":{"start":{"line":6,"column":23},"end":{"line":6,"column":28}},"1":{"start":{"line":10,"column":4},"end":{"line":10,"column":65}},"2":{"start":{"line":13,"column":2},"end":{"line":50,"column":4}}},"fnMap":{"0":{"name":"IndivSelector","decl":{"start":{"line":4,"column":24},"end":{"line":4,"column":37}},"loc":{"start":{"line":4,"column":45},"end":{"line":51,"column":1}},"line":4},"1":{"name":"isSelectedSelector","decl":{"start":{"line":8,"column":11},"end":{"line":8,"column":29}},"loc":{"start":{"line":8,"column":39},"end":{"line":11,"column":3}},"line":8}},"branchMap":{"0":{"loc":{"start":{"line":10,"column":11},"end":{"line":10,"column":63}},"type":"cond-expr","locations":[{"start":{"line":10,"column":41},"end":{"line":10,"column":51}},{"start":{"line":10,"column":54},"end":{"line":10,"column":63}}],"line":10}},"s":{"0":13,"1":52,"2":13},"f":{"0":13,"1":52},"b":{"0":[1,51]},"_coverageSchema":"43e27e138ebf9cfc5966b082cf9a028302ed4184","hash":"4d0b941c0ee65de99af3fc8abe75665809ddc55d"}
,"/Users/jonathancannon/projects/Graff_Exchange_test/app/components/indiv/IndivTrans.js": {"path":"/Users/jonathancannon/projects/Graff_Exchange_test/app/components/indiv/IndivTrans.js","statementMap":{"0":{"start":{"line":7,"column":4},"end":{"line":7,"column":17}},"1":{"start":{"line":8,"column":4},"end":{"line":10,"column":5}},"2":{"start":{"line":15,"column":58},"end":{"line":15,"column":68}},"3":{"start":{"line":17,"column":4},"end":{"line":56,"column":6}},"4":{"start":{"line":36,"column":16},"end":{"line":36,"column":87}},"5":{"start":{"line":40,"column":27},"end":{"line":40,"column":49}},"6":{"start":{"line":41,"column":16},"end":{"line":41,"column":56}},"7":{"start":{"line":43,"column":16},"end":{"line":51,"column":17}},"8":{"start":{"line":61,"column":24},"end":{"line":67,"column":1}},"9":{"start":{"line":63,"column":2},"end":{"line":66,"column":4}}},"fnMap":{"0":{"name":"(anonymous_0)","decl":{"start":{"line":6,"column":2},"end":{"line":6,"column":3}},"loc":{"start":{"line":6,"column":21},"end":{"line":11,"column":3}},"line":6},"1":{"name":"(anonymous_1)","decl":{"start":{"line":13,"column":2},"end":{"line":13,"column":3}},"loc":{"start":{"line":13,"column":11},"end":{"line":57,"column":3}},"line":13},"2":{"name":"(anonymous_2)","decl":{"start":{"line":34,"column":22},"end":{"line":34,"column":23}},"loc":{"start":{"line":34,"column":29},"end":{"line":37,"column":15}},"line":34},"3":{"name":"(anonymous_3)","decl":{"start":{"line":38,"column":19},"end":{"line":38,"column":20}},"loc":{"start":{"line":38,"column":30},"end":{"line":52,"column":13}},"line":38},"4":{"name":"(anonymous_4)","decl":{"start":{"line":61,"column":24},"end":{"line":61,"column":25}},"loc":{"start":{"line":61,"column":49},"end":{"line":67,"column":1}},"line":61}},"branchMap":{"0":{"loc":{"start":{"line":31,"column":12},"end":{"line":52,"column":14}},"type":"binary-expr","locations":[{"start":{"line":31,"column":12},"end":{"line":31,"column":30}},{"start":{"line":32,"column":12},"end":{"line":52,"column":14}}],"line":31},"1":{"loc":{"start":{"line":36,"column":23},"end":{"line":36,"column":87}},"type":"binary-expr","locations":[{"start":{"line":36,"column":23},"end":{"line":36,"column":63}},{"start":{"line":36,"column":67},"end":{"line":36,"column":87}}],"line":36}},"s":{"0":3,"1":3,"2":3,"3":3,"4":3,"5":3,"6":3,"7":3,"8":8,"9":3},"f":{"0":3,"1":3,"2":3,"3":3,"4":3},"b":{"0":[3,3],"1":[3,3]},"_coverageSchema":"43e27e138ebf9cfc5966b082cf9a028302ed4184","hash":"f71a72c6a7d2e1a79edbdfac3dada160050e4032"}
,"/Users/jonathancannon/projects/Graff_Exchange_test/app/components/indiv/PerformanceChart.js": {"path":"/Users/jonathancannon/projects/Graff_Exchange_test/app/components/indiv/PerformanceChart.js","statementMap":{"0":{"start":{"line":10,"column":8},"end":{"line":10,"column":20}},"1":{"start":{"line":12,"column":8},"end":{"line":12,"column":23}},"2":{"start":{"line":17,"column":8},"end":{"line":17,"column":21}},"3":{"start":{"line":19,"column":8},"end":{"line":19,"column":65}},"4":{"start":{"line":25,"column":8},"end":{"line":25,"column":68}},"5":{"start":{"line":29,"column":13},"end":{"line":43,"column":5}},"6":{"start":{"line":31,"column":8},"end":{"line":35,"column":9}},"7":{"start":{"line":32,"column":12},"end":{"line":32,"column":31}},"8":{"start":{"line":33,"column":12},"end":{"line":33,"column":45}},"9":{"start":{"line":34,"column":12},"end":{"line":34,"column":44}},"10":{"start":{"line":37,"column":8},"end":{"line":42,"column":13}},"11":{"start":{"line":47,"column":34},"end":{"line":47,"column":55}},"12":{"start":{"line":49,"column":62},"end":{"line":49,"column":72}},"13":{"start":{"line":51,"column":45},"end":{"line":51,"column":77}},"14":{"start":{"line":53,"column":19},"end":{"line":53,"column":85}},"15":{"start":{"line":55,"column":8},"end":{"line":57,"column":9}},"16":{"start":{"line":56,"column":12},"end":{"line":56,"column":87}},"17":{"start":{"line":59,"column":8},"end":{"line":74,"column":10}},"18":{"start":{"line":79,"column":31},"end":{"line":79,"column":41}},"19":{"start":{"line":81,"column":53},"end":{"line":81,"column":63}},"20":{"start":{"line":83,"column":45},"end":{"line":83,"column":77}},"21":{"start":{"line":85,"column":8},"end":{"line":96,"column":9}},"22":{"start":{"line":87,"column":47},"end":{"line":87,"column":66}},"23":{"start":{"line":100,"column":24},"end":{"line":106,"column":1}},"24":{"start":{"line":102,"column":4},"end":{"line":105,"column":6}}},"fnMap":{"0":{"name":"(anonymous_0)","decl":{"start":{"line":9,"column":4},"end":{"line":9,"column":5}},"loc":{"start":{"line":9,"column":22},"end":{"line":13,"column":5}},"line":9},"1":{"name":"(anonymous_1)","decl":{"start":{"line":15,"column":4},"end":{"line":15,"column":5}},"loc":{"start":{"line":15,"column":24},"end":{"line":21,"column":5}},"line":15},"2":{"name":"(anonymous_2)","decl":{"start":{"line":23,"column":4},"end":{"line":23,"column":5}},"loc":{"start":{"line":23,"column":26},"end":{"line":27,"column":5}},"line":23},"3":{"name":"(anonymous_3)","decl":{"start":{"line":29,"column":13},"end":{"line":29,"column":14}},"loc":{"start":{"line":29,"column":19},"end":{"line":43,"column":5}},"line":29},"4":{"name":"(anonymous_4)","decl":{"start":{"line":45,"column":4},"end":{"line":45,"column":5}},"loc":{"start":{"line":45,"column":19},"end":{"line":75,"column":5}},"line":45},"5":{"name":"(anonymous_5)","decl":{"start":{"line":77,"column":4},"end":{"line":77,"column":5}},"loc":{"start":{"line":77,"column":12},"end":{"line":97,"column":5}},"line":77},"6":{"name":"(anonymous_6)","decl":{"start":{"line":87,"column":40},"end":{"line":87,"column":41}},"loc":{"start":{"line":87,"column":47},"end":{"line":87,"column":66}},"line":87},"7":{"name":"(anonymous_7)","decl":{"start":{"line":100,"column":24},"end":{"line":100,"column":25}},"loc":{"start":{"line":100,"column":49},"end":{"line":106,"column":1}},"line":100}},"branchMap":{"0":{"loc":{"start":{"line":31,"column":8},"end":{"line":35,"column":9}},"type":"if","locations":[{"start":{"line":31,"column":8},"end":{"line":35,"column":9}},{"start":{"line":31,"column":8},"end":{"line":35,"column":9}}],"line":31},"1":{"loc":{"start":{"line":65,"column":46},"end":{"line":65,"column":89}},"type":"cond-expr","locations":[{"start":{"line":65,"column":77},"end":{"line":65,"column":81}},{"start":{"line":65,"column":84},"end":{"line":65,"column":89}}],"line":65},"2":{"loc":{"start":{"line":65,"column":46},"end":{"line":65,"column":74}},"type":"binary-expr","locations":[{"start":{"line":65,"column":46},"end":{"line":65,"column":58}},{"start":{"line":65,"column":62},"end":{"line":65,"column":74}}],"line":65},"3":{"loc":{"start":{"line":89,"column":18},"end":{"line":92,"column":47}},"type":"cond-expr","locations":[{"start":{"line":90,"column":20},"end":{"line":90,"column":40}},{"start":{"line":92,"column":20},"end":{"line":92,"column":47}}],"line":89},"4":{"loc":{"start":{"line":89,"column":18},"end":{"line":89,"column":71}},"type":"binary-expr","locations":[{"start":{"line":89,"column":18},"end":{"line":89,"column":28}},{"start":{"line":89,"column":32},"end":{"line":89,"column":71}}],"line":89}},"s":{"0":14,"1":14,"2":14,"3":14,"4":0,"5":14,"6":14,"7":14,"8":14,"9":14,"10":14,"11":9,"12":9,"13":9,"14":9,"15":9,"16":9,"17":9,"18":29,"19":29,"20":29,"21":29,"22":44,"23":2,"24":14},"f":{"0":14,"1":14,"2":0,"3":14,"4":9,"5":29,"6":44,"7":14},"b":{"0":[14,0],"1":[9,0],"2":[9,0],"3":[9,20],"4":[29,15]},"_coverageSchema":"43e27e138ebf9cfc5966b082cf9a028302ed4184","hash":"41f6e4662d7c7446e106239be1f813ecbe00b2fd"}
,"/Users/jonathancannon/projects/Graff_Exchange_test/app/components/indiv/TradeBox.js": {"path":"/Users/jonathancannon/projects/Graff_Exchange_test/app/components/indiv/TradeBox.js","statementMap":{"0":{"start":{"line":8,"column":6},"end":{"line":8,"column":18}},"1":{"start":{"line":10,"column":6},"end":{"line":14,"column":7}},"2":{"start":{"line":17,"column":16},"end":{"line":63,"column":3}},"3":{"start":{"line":22,"column":26},"end":{"line":22,"column":36}},"4":{"start":{"line":24,"column":43},"end":{"line":24,"column":75}},"5":{"start":{"line":26,"column":49},"end":{"line":26,"column":77}},"6":{"start":{"line":30,"column":6},"end":{"line":62,"column":7}},"7":{"start":{"line":32,"column":10},"end":{"line":35,"column":12}},"8":{"start":{"line":37,"column":10},"end":{"line":39,"column":18}},"9":{"start":{"line":38,"column":14},"end":{"line":38,"column":54}},"10":{"start":{"line":41,"column":10},"end":{"line":41,"column":16}},"11":{"start":{"line":43,"column":11},"end":{"line":62,"column":7}},"12":{"start":{"line":45,"column":10},"end":{"line":48,"column":12}},"13":{"start":{"line":50,"column":10},"end":{"line":52,"column":18}},"14":{"start":{"line":51,"column":14},"end":{"line":51,"column":54}},"15":{"start":{"line":54,"column":10},"end":{"line":54,"column":16}},"16":{"start":{"line":58,"column":10},"end":{"line":58,"column":62}},"17":{"start":{"line":59,"column":10},"end":{"line":59,"column":34}},"18":{"start":{"line":60,"column":10},"end":{"line":60,"column":27}},"19":{"start":{"line":61,"column":10},"end":{"line":61,"column":16}},"20":{"start":{"line":67,"column":4},"end":{"line":95,"column":6}},"21":{"start":{"line":78,"column":29},"end":{"line":78,"column":66}},"22":{"start":{"line":82,"column":36},"end":{"line":82,"column":59}},"23":{"start":{"line":86,"column":36},"end":{"line":86,"column":60}},"24":{"start":{"line":99,"column":24},"end":{"line":105,"column":1}},"25":{"start":{"line":100,"column":2},"end":{"line":104,"column":4}},"26":{"start":{"line":107,"column":27},"end":{"line":109,"column":2}},"27":{"start":{"line":107,"column":40},"end":{"line":109,"column":1}},"28":{"start":{"line":108,"column":31},"end":{"line":108,"column":64}}},"fnMap":{"0":{"name":"(anonymous_0)","decl":{"start":{"line":7,"column":2},"end":{"line":7,"column":3}},"loc":{"start":{"line":7,"column":20},"end":{"line":15,"column":3}},"line":7},"1":{"name":"(anonymous_1)","decl":{"start":{"line":17,"column":16},"end":{"line":17,"column":17}},"loc":{"start":{"line":17,"column":25},"end":{"line":63,"column":3}},"line":17},"2":{"name":"(anonymous_2)","decl":{"start":{"line":37,"column":21},"end":{"line":37,"column":22}},"loc":{"start":{"line":37,"column":25},"end":{"line":39,"column":11}},"line":37},"3":{"name":"(anonymous_3)","decl":{"start":{"line":50,"column":21},"end":{"line":50,"column":22}},"loc":{"start":{"line":50,"column":25},"end":{"line":52,"column":11}},"line":50},"4":{"name":"(anonymous_4)","decl":{"start":{"line":65,"column":2},"end":{"line":65,"column":3}},"loc":{"start":{"line":65,"column":10},"end":{"line":96,"column":3}},"line":65},"5":{"name":"(anonymous_5)","decl":{"start":{"line":78,"column":24},"end":{"line":78,"column":25}},"loc":{"start":{"line":78,"column":29},"end":{"line":78,"column":66}},"line":78},"6":{"name":"(anonymous_6)","decl":{"start":{"line":82,"column":31},"end":{"line":82,"column":32}},"loc":{"start":{"line":82,"column":36},"end":{"line":82,"column":59}},"line":82},"7":{"name":"(anonymous_7)","decl":{"start":{"line":86,"column":31},"end":{"line":86,"column":32}},"loc":{"start":{"line":86,"column":36},"end":{"line":86,"column":60}},"line":86},"8":{"name":"(anonymous_8)","decl":{"start":{"line":99,"column":24},"end":{"line":99,"column":25}},"loc":{"start":{"line":99,"column":61},"end":{"line":105,"column":1}},"line":99},"9":{"name":"(anonymous_9)","decl":{"start":{"line":107,"column":27},"end":{"line":107,"column":28}},"loc":{"start":{"line":107,"column":40},"end":{"line":109,"column":1}},"line":107},"10":{"name":"(anonymous_10)","decl":{"start":{"line":108,"column":18},"end":{"line":108,"column":19}},"loc":{"start":{"line":108,"column":31},"end":{"line":108,"column":64}},"line":108}},"branchMap":{"0":{"loc":{"start":{"line":30,"column":6},"end":{"line":62,"column":7}},"type":"if","locations":[{"start":{"line":30,"column":6},"end":{"line":62,"column":7}},{"start":{"line":30,"column":6},"end":{"line":62,"column":7}}],"line":30},"1":{"loc":{"start":{"line":30,"column":9},"end":{"line":30,"column":63}},"type":"binary-expr","locations":[{"start":{"line":30,"column":9},"end":{"line":30,"column":24}},{"start":{"line":30,"column":29},"end":{"line":30,"column":62}}],"line":30},"2":{"loc":{"start":{"line":43,"column":11},"end":{"line":62,"column":7}},"type":"if","locations":[{"start":{"line":43,"column":11},"end":{"line":62,"column":7}},{"start":{"line":43,"column":11},"end":{"line":62,"column":7}}],"line":43},"3":{"loc":{"start":{"line":43,"column":14},"end":{"line":43,"column":70}},"type":"binary-expr","locations":[{"start":{"line":43,"column":14},"end":{"line":43,"column":28}},{"start":{"line":43,"column":34},"end":{"line":43,"column":69}}],"line":43},"4":{"loc":{"start":{"line":92,"column":14},"end":{"line":92,"column":85}},"type":"binary-expr","locations":[{"start":{"line":92,"column":14},"end":{"line":92,"column":41}},{"start":{"line":92,"column":45},"end":{"line":92,"column":85}}],"line":92}},"s":{"0":11,"1":11,"2":11,"3":3,"4":3,"5":3,"6":3,"7":1,"8":1,"9":0,"10":1,"11":2,"12":1,"13":1,"14":0,"15":1,"16":1,"17":1,"18":1,"19":1,"20":18,"21":4,"22":2,"23":1,"24":7,"25":11,"26":7,"27":11,"28":1},"f":{"0":11,"1":3,"2":0,"3":0,"4":18,"5":4,"6":2,"7":1,"8":11,"9":11,"10":1},"b":{"0":[1,2],"1":[3,1],"2":[1,1],"3":[2,2],"4":[18,2]},"_coverageSche
[...]
{"line":131,"column":51}},"37":{"start":{"line":133,"column":29},"end":{"line":133,"column":51}},"38":{"start":{"line":135,"column":6},"end":{"line":135,"column":58}},"39":{"start":{"line":137,"column":6},"end":{"line":137,"column":54}},"40":{"start":{"line":142,"column":6},"end":{"line":142,"column":65}},"41":{"start":{"line":147,"column":6},"end":{"line":147,"column":25}},"42":{"start":{"line":151,"column":6},"end":{"line":151,"column":18}}},"fnMap":{"0":{"name":"Portfolio_reducer","decl":{"start":{"line":18,"column":24},"end":{"line":18,"column":41}},"loc":{"start":{"line":18,"column":73},"end":{"line":153,"column":1}},"line":18}},"branchMap":{"0":{"loc":{"start":{"line":18,"column":43},"end":{"line":18,"column":63}},"type":"default-arg","locations":[{"start":{"line":18,"column":51},"end":{"line":18,"column":63}}],"line":18},"1":{"loc":{"start":{"line":20,"column":2},"end":{"line":152,"column":3}},"type":"switch","locations":[{"start":{"line":22,"column":4},"end":{"line":51,"column":5}},{"start":{"line":53,"column":4},"end":{"line":71,"column":5}},{"start":{"line":73,"column":4},"end":{"line":94,"column":5}},{"start":{"line":96,"column":4},"end":{"line":105,"column":5}},{"start":{"line":107,"column":4},"end":{"line":116,"column":5}},{"start":{"line":118,"column":4},"end":{"line":127,"column":5}},{"start":{"line":129,"column":4},"end":{"line":138,"column":5}},{"start":{"line":140,"column":4},"end":{"line":143,"column":5}},{"start":{"line":145,"column":4},"end":{"line":148,"column":5}},{"start":{"line":150,"column":4},"end":{"line":151,"column":18}}],"line":20},"2":{"loc":{"start":{"line":25,"column":6},"end":{"line":28,"column":7}},"type":"if","locations":[{"start":{"line":25,"column":6},"end":{"line":28,"column":7}},{"start":{"line":25,"column":6},"end":{"line":28,"column":7}}],"line":25},"3":{"loc":{"start":{"line":30,"column":6},"end":{"line":30,"column":56}},"type":"if","locations":[{"start":{"line":30,"column":6},"end":{"line":30,"column":56}},{"start":{"line":30,"column":6},"end":{"line":30,"column":56}}],"line":30},"4":{"loc":{"start":{"line":56,"column":6},"end":{"line":59,"column":7}},"type":"if","locations":[{"start":{"line":56,"column":6},"end":{"line":59,"column":7}},{"start":{"line":56,"column":6},"end":{"line":59,"column":7}}],"line":56},"5":{"loc":{"start":{"line":81,"column":6},"end":{"line":81,"column":105}},"type":"if","locations":[{"start":{"line":81,"column":6},"end":{"line":81,"column":105}},{"start":{"line":81,"column":6},"end":{"line":81,"column":105}}],"line":81}},"s":{"0":7,"1":21,"2":0,"3":0,"4":0,"5":0,"6":0,"7":0,"8":0,"9":0,"10":0,"11":0,"12":0,"13":0,"14":0,"15":0,"16":0,"17":0,"18":0,"19":0,"20":0,"21":0,"22":0,"23":0,"24":0,"25":0,"26":0,"27":0,"28":0,"29":0,"30":0,"31":0,"32":0,"33":0,"34":0,"35":0,"36":0,"37":0,"38":0,"39":0,"40":0,"41":0,"42":21},"f":{"0":21},"b":{"0":[21],"1":[0,0,0,0,0,0,0,0,0,21],"2":[0,0],"3":[0,0],"4":[0,0],"5":[0,0]},"_coverageSchema":"43e27e138ebf9cfc5966b082cf9a028302ed4184","hash":"45518834c12f431d213c98fccd6ebd515b338727"}
,"/Users/jonathancannon/projects/Graff_Exchange_test/store/Portfolio/thunks_for_Portfolio.js": {"path":"/Users/jonathancannon/projects/Graff_Exchange_test/store/Portfolio/thunks_for_Portfolio.js","statementMap":{"0":{"start":{"line":5,"column":35},"end":{"line":50,"column":1}},"1":{"start":{"line":5,"column":48},"end":{"line":50,"column":1}},"2":{"start":{"line":7,"column":16},"end":{"line":22,"column":22}},"3":{"start":{"line":26,"column":20},"end":{"line":26,"column":29}},"4":{"start":{"line":28,"column":4},"end":{"line":47,"column":5}},"5":{"start":{"line":30,"column":45},"end":{"line":30,"column":85}},"6":{"start":{"line":32,"column":6},"end":{"line":32,"column":34}},"7":{"start":{"line":37,"column":6},"end":{"line":46,"column":7}},"8":{"start":{"line":41,"column":8},"end":{"line":41,"column":62}},"9":{"start":{"line":45,"column":8},"end":{"line":45,"column":24}},"10":{"start":{"line":49,"column":2},"end":{"line":49,"column":48}},"11":{"start":{"line":54,"column":42},"end":{"line":107,"column":1}},"12":{"start":{"line":54,"column":71},"end":{"line":107,"column":1}},"13":{"start":{"line":56,"column":18},"end":{"line":56,"column":39}},"14":{"start":{"line":58,"column":16},"end":{"line":80,"column":4}},"15":{"start":{"line":82,"column":18},"end":{"line":82,"column":28}},"16":{"start":{"line":88,"column":2},"end":{"line":99,"column":3}},"17":{"start":{"line":90,"column":49},"end":{"line":90,"column":89}},"18":{"start":{"line":92,"column":4},"end":{"line":92,"column":41}},"19":{"start":{"line":93,"column":4},"end":{"line":93,"column":90}},"20":{"start":{"line":94,"column":4},"end":{"line":94,"column":54}},"21":{"start":{"line":98,"column":4},"end":{"line":98,"column":22}},"22":{"start":{"line":101,"column":2},"end":{"line":101,"column":48}},"23":{"start":{"line":103,"column":2},"end":{"line":103,"column":70}},"24":{"start":{"line":105,"column":2},"end":{"line":105,"column":65}},"25":{"start":{"line":109,"column":30},"end":{"line":193,"column":1}},"26":{"start":{"line":109,"column":78},"end":{"line":193,"column":1}},"27":{"start":{"line":112,"column":28},"end":{"line":160,"column":6}},"28":{"start":{"line":162,"column":21},"end":{"line":162,"column":43}},"29":{"start":{"line":164,"column":4},"end":{"line":164,"column":31}},"30":{"start":{"line":166,"column":20},"end":{"line":166,"column":65}},"31":{"start":{"line":170,"column":4},"end":{"line":179,"column":5}},"32":{"start":{"line":172,"column":47},"end":{"line":172,"column":91}},"33":{"start":{"line":174,"column":6},"end":{"line":174,"column":36}},"34":{"start":{"line":178,"column":6},"end":{"line":178,"column":24}},"35":{"start":{"line":181,"column":33},"end":{"line":181,"column":41}},"36":{"start":{"line":183,"column":4},"end":{"line":192,"column":5}},"37":{"start":{"line":185,"column":26},"end":{"line":185,"column":34}},"38":{"start":{"line":187,"column":6},"end":{"line":187,"column":68}},"39":{"start":{"line":191,"column":6},"end":{"line":191,"column":57}},"40":{"start":{"line":195,"column":32},"end":{"line":224,"column":1}},"41":{"start":{"line":195,"column":46},"end":{"line":224,"column":1}},"42":{"start":{"line":197,"column":16},"end":{"line":206,"column":4}},"43":{"start":{"line":208,"column":20},"end":{"line":208,"column":30}},"44":{"start":{"line":212,"column":2},"end":{"line":221,"column":3}},"45":{"start":{"line":214,"column":35},"end":{"line":214,"column":75}},"46":{"start":{"line":216,"column":4},"end":{"line":216,"column":27}},"47":{"start":{"line":220,"column":4},"end":{"line":220,"column":22}},"48":{"start":{"line":223,"column":2},"end":{"line":223,"column":56}},"49":{"start":{"line":226,"column":45},"end":{"line":253,"column":1}},"50":{"start":{"line":226,"column":59},"end":{"line":253,"column":1}},"51":{"start":{"line":228,"column":16},"end":{"line":233,"column":4}},"52":{"start":{"line":235,"column":20},"end":{"line":235,"column":30}},"53":{"start":{"line":239,"column":2},"end":{"line":250,"column":3}},"54":{"start":{"line":241,"column":53},"end":{"line":241,"column":93}},"55":{"start":{"line":243,"column":4},"end":{"line":243,"column":43}},"56":{"start":{"line":249,"column":4},"end":{"line":249,"column":22}},"57":{"start":{"line":252,"column":2},"end":{"line":252,"column":95}},"58":{"start":{"line":255,"column":42},"end":{"line":284,"column":1}},"59":{"start":{"line":255,"column":56},"end":{"line":284,"column":1}},"60":{"start":{"line":257,"column":16},"end":{"line":266,"column":4}},"61":{"start":{"line":268,"column":20},"end":{"line":268,"column":30}},"62":{"start":{"line":272,"column":2},"end":{"line":281,"column":3}},"63":{"start":{"line":274,"column":49},"end":{"line":274,"column":89}},"64":{"start":{"line":276,"column":4},"end":{"line":276,"column":39}},"65":{"start":{"line":280,"column":4},"end":{"line":280,"column":22}},"66":{"start":{"line":283,"column":2},"end":{"line":283,"column":73}}},"fnMap":{"0":{"name":"(anonymous_0)","decl":{"start":{"line":5,"column":35},"end":{"line":5,"column":36}},"loc":{"start":{"line":5,"column":48},"end":{"line":50,"column":1}},"line":5},"1":{"name":"(anonymous_1)","decl":{"start":{"line":5,"column":48},"end":{"line":5,"column":49}},"loc":{"start":{"line":5,"column":66},"end":{"line":50,"column":1}},"line":5},"2":{"name":"(anonymous_2)","decl":{"start":{"line":54,"column":42},"end":{"line":54,"column":43}},"loc":{"start":{"line":54,"column":71},"end":{"line":107,"column":1}},"line":54},"3":{"name":"(anonymous_3)","decl":{"start":{"line":54,"column":71},"end":{"line":54,"column":72}},"loc":{"start":{"line":54,"column":89},"end":{"line":107,"column":1}},"line":54},"4":{"name":"(anonymous_4)","decl":{"start":{"line":109,"column":30},"end":{"line":109,"column":31}},"loc":{"start":{"line":109,"column":78},"end":{"line":193,"column":1}},"line":109},"5":{"name":"(anonymous_5)","decl":{"start":{"line":109,"column":78},"end":{"line":109,"column":79}},"loc":{"start":{"line":109,"column":96},"end":{"line":193,"column":1}},"line":109},"6":{"name":"(anonymous_6)","decl":{"start":{"line":195,"column":32},"end":{"line":195,"column":33}},"loc":{"start":{"line":195,"column":46},"end":{"line":224,"column":1}},"line":195},"7":{"name":"(anonymous_7)","decl":{"start":{"line":195,"column":46},"end":{"line":195,"column":47}},"loc":{"start":{"line":195,"column":63},"end":{"line":224,"column":1}},"line":195},"8":{"name":"(anonymous_8)","decl":{"start":{"line":226,"column":45},"end":{"line":226,"column":46}},"loc":{"start":{"line":226,"column":59},"end":{"line":253,"column":1}},"line":226},"9":{"name":"(anonymous_9)","decl":{"start":{"line":226,"column":59},"end":{"line":226,"column":60}},"loc":{"start":{"line":226,"column":76},"end":{"line":253,"column":1}},"line":226},"10":{"name":"(anonymous_10)","decl":{"start":{"line":255,"column":42},"end":{"line":255,"column":43}},"loc":{"start":{"line":255,"column":56},"end":{"line":284,"column":1}},"line":255},"11":{"name":"(anonymous_11)","decl":{"start":{"line":255,"column":56},"end":{"line":255,"column":57}},"loc":{"start":{"line":255,"column":73},"end":{"line":284,"column":1}},"line":255}},"branchMap":{"0":{"loc":{"start":{"line":37,"column":6},"end":{"line":46,"column":7}},"type":"if","locations":[{"start":{"line":37,"column":6},"end":{"line":46,"column":7}},{"start":{"line":37,"column":6},"end":{"line":46,"column":7}}],"line":37},"1":{"loc":{"start":{"line":112,"column":28},"end":{"line":160,"column":6}},"type":"cond-expr","locations":[{"start":{"line":112,"column":43},"end":{"line":132,"column":6}},{"start":{"line":132,"column":9},"end":{"line":160,"column":6}}],"line":112},"2":{"loc":{"start":{"line":183,"column":4},"end":{"line":192,"column":5}},"type":"if","locations":[{"start":{"line":183,"column":4},"end":{"line":192,"column":5}},{"start":{"line":183,"column":4},"end":{"line":192,"column":5}}],"line":183}},"s":{"0":7,"1":0,"2":0,"3":0,"4":0,"5":0,"6":0,"7":0,"8":0,"9":0,"10":0,"11":7,"12":1,"13":1,"14":1,"15":1,"16":1,"17":1,"18":0,"19":0,"20":0,"21":0,"22":0,"23":0,"24":0,"25":7,"26":3,"27":3,"28":3,"29":3,"30":3,"31":3,"32":3,"33":2,"34":0,"35":2,"36":2,"37":0,"38":0,"39":2,"40":7,"41":5,"42":5,"43":5,"44":5,"45":5,"46":5,"47":0,"48":5,"49":7,"50":4,"51":4,"52":4,"53":4,"54":4,"55":4,"56":0,"57":4,"58":7,"59":6,"60":6,"61":6,"62":6,"63":6,"64":6,"65":0,"66":6},"f":{"0":0,"1":0,"2":1,"3":1,"4":3,"5":3,"6":5,"7":5,"8":4,"9":4,"10":6,"11":6},"b":{"0":[0,0],"1":[3,0],"2":[0,2]},"_coverageSchema":"43e27e138ebf9cfc5966b082cf9a028302ed4184","hash":"69bdd16f0d7b3c688917c6c501cf65b34a80e23a"}
,"/Users/jonathancannon/projects/Graff_Exchange_test/store/User/action_constants_for_User.js": {"path":"/Users/jonathancannon/projects/Graff_Exchange_test/store/User/action_constants_for_User.js","statementMap":{},"fnMap":{},"branchMap":{},"s":{},"f":{},"b":{},"_coverageSchema":"43e27e138ebf9cfc5966b082cf9a028302ed4184","hash":"25cd61a8a3088c22f59d500419c070c2e783682c"}
,"/Users/jonathancannon/projects/Graff_Exchange_test/store/User/actions_for_User.js": {"path":"/Users/jonathancannon/projects/Graff_Exchange_test/store/User/actions_for_User.js","statementMap":{"0":{"start":{"line":3,"column":14},"end":{"line":8,"column":7}},"1":{"start":{"line":4,"column":7},"end":{"line":7,"column":8}},"2":{"start":{"line":10,"column":15},"end":{"line":15,"column":7}},"3":{"start":{"line":11,"column":7},"end":{"line":14,"column":8}}},"fnMap":{"0":{"name":"(anonymous_0)","decl":{"start":{"line":3,"column":14},"end":{"line":3,"column":15}},"loc":{"start":{"line":3,"column":27},"end":{"line":8,"column":7}},"line":3},"1":{"name":"(anonymous_1)","decl":{"start":{"line":10,"column":15},"end":{"line":10,"column":16}},"loc":{"start":{"line":10,"column":28},"end":{"line":15,"column":7}},"line":10}},"branchMap":{},"s":{"0":7,"1":0,"2":7,"3":0},"f":{"0":0,"1":0},"b":{},"_coverageSchema":"43e27e138ebf9cfc5966b082cf9a028302ed4184","hash":"6618ea87edc03f8b2f9b78b9deaf60e252544939"}
,"/Users/jonathancannon/projects/Graff_Exchange_test/store/User/reducer_for_User.js": {"path":"/Users/jonathancannon/projects/Graff_Exchange_test/store/User/reducer_for_User.js","statementMap":{"0":{"start":{"line":4,"column":21},"end":{"line":12,"column":1}},"1":{"start":{"line":16,"column":2},"end":{"line":62,"column":3}},"2":{"start":{"line":21,"column":6},"end":{"line":38,"column":7}},"3":{"start":{"line":24,"column":29},"end":{"line":24,"column":83}},"4":{"start":{"line":25,"column":33},"end":{"line":25,"column":84}},"5":{"start":{"line":27,"column":8},"end":{"line":31,"column":9}},"6":{"start":{"line":28,"column":10},"end":{"line":28,"column":53}},"7":{"start":{"line":29,"column":10},"end":{"line":29,"column":45}},"8":{"start":{"line":30,"column":10},"end":{"line":30,"column":74}},"9":{"start":{"line":33,"column":8},"end":{"line":36,"column":9}},"10":{"start":{"line":35,"column":10},"end":{"line":35,"column":67}},"11":{"start":{"line":40,"column":6},"end":{"line":40,"column":57}},"12":{"start":{"line":42,"column":35},"end":{"line":42,"column":77}},"13":{"start":{"line":43,"column":6},"end":{"line":43,"column":42}},"14":{"start":{"line":44,"column":6},"end":{"line":44,"column":53}},"15":{"start":{"line":46,"column":6},"end":{"line":46,"column":57}},"16":{"start":{"line":51,"column":6},"end":{"line":51,"column":34}},"17":{"start":{"line":56,"column":6},"end":{"line":56,"column":79}},"18":{"start":{"line":61,"column":6},"end":{"line":61,"column":18}}},"fnMap":{"0":{"name":"User_reducer","decl":{"start":{"line":14,"column":24},"end":{"line":14,"column":36}},"loc":{"start":{"line":14,"column":68},"end":{"line":63,"column":1}},"line":14}},"branchMap":{"0":{"loc":{"start":{"line":14,"column":38},"end":{"line":14,"column":58}},"type":"default-arg","locations":[{"start":{"line":14,"column":46},"end":{"line":14,"column":58}}],"line":14},"1":{"loc":{"start":{"line":16,"column":2},"end":{"line":62,"column":3}},"type":"switch","locations":[{"start":{"line":18,"column":4},"end":{"line":47,"column":5}},{"start":{"line":49,"column":4},"end":{"line":52,"column":5}},{"start":{"line":54,"column":4},"end":{"line":58,"column":5}},{"start":{"line":60,"column":4},"end":{"line":61,"column":18}}],"line":16},"2":{"loc":{"start":{"line":21,"column":6},"end":{"line":38,"column":7}},"type":"if","locations":[{"start":{"line":21,"column":6},"end":{"line":38,"column":7}},{"start":{"line":21,"column":6},"end":{"line":38,"column":7}}],"line":21},"3":{"loc":{"start":{"line":27,"column":8},"end":{"line":31,"column":9}},"type":"if","locations":[{"start":{"line":27,"column":8},"end":{"line":31,"column":9}},{"start":{"line":27,"column":8},"end":{"line":31,"column":9}}],"line":27},"4":{"loc":{"start":{"line":33,"column":8},"end":{"line":36,"column":9}},"type":"if","locations":[{"start":{"line":33,"column":8},"end":{"line":36,"column":9}},{"start":{"line":33,"column":8},"end":{"line":36,"column":9}}],"line":33}},"s":{"0":7,"1":21,"2":0,"3":0,"4":0,"5":0,"6":0,"7":0,"8":0,"9":0,"10":0,"11":0,"12":0,"13":0,"14":0,"15":0,"16":0,"17":0,"18":21},"f":{"0":21},"b":{"0":[21],"1":[0,0,0,21],"2":[0,0],"3":[0,0],"4":[0,0]},"_coverageSchema":"43e27e138ebf9cfc5966b082cf9a028302ed4184","hash":"7072736659cf1dbfd0504a273a58690644716018"}
,"/Users/jonathancannon/projects/Graff_Exchange_test/store/User/thunks_for_User.js": {"path":"/Users/jonathancannon/projects/Graff_Exchange_test/store/User/thunks_for_User.js","statementMap":{"0":{"start":{"line":6,"column":26},"end":{"line":64,"column":1}},"1":{"start":{"line":6,"column":47},"end":{"line":64,"column":1}},"2":{"start":{"line":8,"column":20},"end":{"line":14,"column":22}},"3":{"start":{"line":16,"column":21},"end":{"line":38,"column":3}},"4":{"start":{"line":40,"column":16},"end":{"line":42,"column":4}},"5":{"start":{"line":44,"column":18},"end":{"line":44,"column":37}},"6":{"start":{"line":48,"column":2},"end":{"line":61,"column":3}},"7":{"start":{"line":50,"column":31},"end":{"line":50,"column":71}},"8":{"start":{"line":52,"column":4},"end":{"line":52,"column":20}},"9":{"start":{"line":54,"column":4},"end":{"line":54,"column":49}},"10":{"start":{"line":58,"column":4},"end":{"line":58,"column":20}},"11":{"start":{"line":60,"column":4},"end":{"line":60,"column":22}},"12":{"start":{"line":63,"column":2},"end":{"line":63,"column":35}},"13":{"start":{"line":66,"column":29},"end":{"line":118,"column":1}},"14":{"start":{"line":66,"column":75},"end":{"line":118,"column":1}},"15":{"start":{"line":68,"column":19},"end":{"line":98,"column":4}},"16":{"start":{"line":100,"column":18},"end":{"line":100,"column":72}},"17":{"start":{"line":104,"column":2},"end":{"line":113,"column":3}},"18":{"start":{"line":106,"column":33},"end":{"line":106,"column":77}},"19":{"start":{"line":108,"column":4},"end":{"line":108,"column":22}},"20":{"start":{"line":112,"column":4},"end":{"line":112,"column":22}},"21":{"start":{"line":115,"column":2},"end":{"line":115,"column":47}},"22":{"start":{"line":117,"column":2},"end":{"line":117,"column":35}}},"fnMap":{"0":{"name":"(anonymous_0)","decl":{"start":{"line":6,"column":26},"end":{"line":6,"column":27}},"loc":{"start":{"line":6,"column":47},"end":{"line":64,"column":1}},"line":6},"1":{"name":"(anonymous_1)","decl":{"start":{"line":6,"column":47},"end":{"line":6,"column":48}},"loc":{"start":{"line":6,"column":65},"end":{"line":64,"column":1}},"line":6},"2":{"name":"(anonymous_2)","decl":{"start":{"line":66,"column":29},"end":{"line":66,"column":30}},"loc":{"start":{"line":66,"column":75},"end":{"line":118,"column":1}},"line":66},"3":{"name":"(anonymous_3)","decl":{"start":{"line":66,"column":75},"end":{"line":66,"column":76}},"loc":{"start":{"line":66,"column":93},"end":{"line":118,"column":1}},"line":66}},"branchMap":{"0":{"loc":{"start":{"line":27,"column":9},"end":{"line":27,"column":34}},"type":"cond-expr","locations":[{"start":{"line":27,"column":20},"end":{"line":27,"column":29}},{"start":{"line":27,"column":32},"end":{"line":27,"column":34}}],"line":27}},"s":{"0":7,"1":0,"2":0,"3":0,"4":0,"5":0,"6":0,"7":0,"8":0,"9":0,"10":0,"11":0,"12":0,"13":7,"14":0,"15":0,"16":0,"17":0,"18":0,"19":0,"20":0,"21":0,"22":0},"f":{"0":0,"1":0,"2":0,"3":0},"b":{"0":[0,0]},"_coverageSchema":"43e27e138ebf9cfc5966b082cf9a028302ed4184","hash":"4f0546012f0232f1958d736583815ac0631f1bab"}
,"/Users/jonathancannon/projects/Graff_Exchange_test/test/nock.setup.js": {"path":"/Users/jonathancannon/projects/Graff_Exchange_test/test/nock.setup.js","statementMap":{"0":{"start":{"line":1,"column":13},"end":{"line":1,"column":28}},"1":{"start":{"line":5,"column":4},"end":{"line":9,"column":23}},"2":{"start":{"line":11,"column":4},"end":{"line":13,"column":35}},"3":{"start":{"line":17,"column":0},"end":{"line":17,"column":23}}},"fnMap":{"0":{"name":"nocked","decl":{"start":{"line":3,"column":9},"end":{"line":3,"column":15}},"loc":{"start":{"line":3,"column":21},"end":{"line":15,"column":1}},"line":3}},"branchMap":{},"s":{"0":6,"1":36,"2":36,"3":6},"f":{"0":36},"b":{},"_coverageSchema":"43e27e138ebf9cfc5966b082cf9a028302ed4184","hash":"eb011aef8a23c936b569d964bcbd43021929bd0a"}
}
