TN:
SF:/Users/jonathancannon/projects/Graff_Exchange_test/app/apollo_client.js
FN:8,(anonymous_0)
FN:21,(anonymous_1)
FNF:2
FNH:2
FNDA:1,(anonymous_0)
FNDA:1,(anonymous_1)
DA:4,1
DA:8,1
DA:10,1
DA:12,1
DA:18,1
DA:21,1
DA:23,1
LF:7
LH:7
BRDA:4,0,0,1
BRDA:4,0,1,0
BRF:2
BRH:1
end_of_record
TN:
SF:/Users/jonathancannon/projects/Graff_Exchange_test/app/main.js
FN:8,(anonymous_0)
FNF:1
FNH:1
FNDA:1,(anonymous_0)
DA:8,1
DA:10,1
DA:12,1
DA:14,1
LF:4
LH:4
BRDA:12,0,0,0
BRDA:12,0,1,1
BRDA:22,1,0,1
BRDA:22,1,1,1
BRF:4
BRH:3
end_of_record
TN:
SF:/Users/jonathancannon/projects/Graff_Exchange_test/app/components/DataNav.js
FN:3,DataNav
FN:10,(anonymous_1)
FN:16,(anonymous_2)
FNF:3
FNH:3
FNDA:15,DataNav
FNDA:20,(anonymous_1)
FNDA:2,(anonymous_2)
DA:5,15
DA:7,15
DA:12,20
DA:16,2
LF:4
LH:4
BRDA:17,0,0,10
BRDA:17,0,1,10
BRF:2
BRH:2
end_of_record
TN:
SF:/Users/jonathancannon/projects/Graff_Exchange_test/app/components/Footer.js
FN:7,(anonymous_0)
FNF:1
FNH:1
FNDA:1,(anonymous_0)
DA:4,1
DA:5,1
DA:7,1
DA:9,1
LF:4
LH:4
BRF:0
BRH:0
end_of_record
TN:
SF:/Users/jonathancannon/projects/Graff_Exchange_test/app/components/Landing.js
FN:9,(anonymous_0)
FN:26,(anonymous_1)
FN:34,(anonymous_2)
FN:39,(anonymous_3)
FN:49,(anonymous_4)
FN:57,(anonymous_5)
FN:60,(anonymous_6)
FN:67,(anonymous_7)
FN:84,(anonymous_8)
FN:91,(anonymous_9)
FN:107,(anonymous_10)
FN:118,(anonymous_11)
FN:123,(anonymous_12)
FN:164,(anonymous_13)
FN:171,(anonymous_14)
FN:187,(anonymous_15)
FN:201,(anonymous_16)
FN:314,(anonymous_17)
FN:321,(anonymous_18)
FN:323,(anonymous_19)
FN:324,(anonymous_20)
FNF:21
FNH:5
FNDA:1,(anonymous_0)
FNDA:1,(anonymous_1)
FNDA:0,(anonymous_2)
FNDA:0,(anonymous_3)
FNDA:0,(anonymous_4)
FNDA:0,(anonymous_5)
FNDA:0,(anonymous_6)
FNDA:0,(anonymous_7)
FNDA:0,(anonymous_8)
FNDA:0,(anonymous_9)
FNDA:0,(anonymous_10)
FNDA:0,(anonymous_11)
FNDA:1,(anonymous_12)
FNDA:0,(anonymous_13)
FNDA:0,(anonymous_14)
FNDA:0,(anonymous_15)
FNDA:0,(anonymous_16)
FNDA:1,(anonymous_17)
FNDA:1,(anonymous_18)
FNDA:0,(anonymous_19)
FNDA:0,(anonymous_20)
DA:11,1
DA:13,1
DA:31,1
DA:36,0
DA:41,0
DA:43,0
DA:49,1
DA:51,0
DA:57,0
DA:60,1
DA:62,0
DA:67,1
DA:69,0
DA:71,0
DA:72,0
DA:75,0
DA:79,0
DA:81,0
DA:83,0
DA:84,0
DA:85,0
DA:88,0
DA:90,0
DA:91,0
DA:92,0
DA:95,0
DA:97,0
DA:100,0
DA:104,0
DA:106,0
DA:107,0
DA:109,0
DA:112,0
DA:115,0
DA:118,1
DA:120,0
DA:125,1
DA:127,1
DA:130,1
DA:132,1
DA:134,0
DA:140,1
DA:164,0
DA:171,0
DA:187,0
DA:201,0
DA:314,1
DA:315,1
DA:321,1
DA:323,0
DA:324,0
LF:51
LH:15
BRDA:41,0,0,0
BRDA:41,0,1,0
BRDA:41,1,0,0
BRDA:41,1,1,0
BRDA:69,2,0,0
BRDA:69,2,1,0
BRDA:81,3,0,0
BRDA:81,3,1,0
BRDA:88,4,0,0
BRDA:88,4,1,0
BRDA:95,5,0,0
BRDA:95,5,1,0
BRDA:100,6,0,0
BRDA:100,6,1,0
BRDA:104,7,0,0
BRDA:104,7,1,0
BRDA:130,8,0,1
BRDA:130,8,1,1
BRDA:132,9,0,0
BRDA:132,9,1,1
BRDA:142,10,0,0
BRDA:142,10,1,1
BRDA:142,11,0,1
BRDA:142,11,1,0
BRDA:158,12,0,1
BRDA:158,12,1,1
BRDA:163,13,0,0
BRDA:163,13,1,1
BRDA:170,14,0,1
BRDA:170,14,1,0
BRDA:170,15,0,1
BRDA:170,15,1,1
BRDA:179,16,0,1
BRDA:179,16,1,0
BRDA:179,16,2,0
BRDA:194,17,0,1
BRDA:194,17,1,0
BRDA:194,17,2,0
BRDA:215,18,0,1
BRDA:215,18,1,0
BRDA:232,19,0,1
BRDA:232,19,1,0
BRDA:277,20,0,1
BRDA:277,20,1,0
BRDA:296,21,0,1
BRDA:296,21,1,0
BRDA:296,22,0,1
BRDA:296,22,1,1
BRDA:297,23,0,0
BRDA:297,23,1,0
BRDA:297,24,0,0
BRDA:297,24,1,0
BRDA:298,25,0,0
BRDA:298,25,1,0
BRDA:303,26,0,1
BRDA:303,26,1,0
BRDA:304,27,0,1
BRDA:304,27,1,0
BRDA:305,28,0,1
BRDA:305,28,1,1
BRF:60
BRH:23
end_of_record
TN:
SF:/Users/jonathancannon/projects/Graff_Exchange_test/app/components/MainNav.js
FN:18,(anonymous_0)
FN:23,(anonymous_1)
FN:30,(anonymous_2)
FN:82,(anonymous_3)
FN:92,(anonymous_4)
FN:93,(anonymous_5)
FN:94,(anonymous_6)
FNF:7
FNH:0
FNDA:0,(anonymous_0)
FNDA:0,(anonymous_1)
FNDA:0,(anonymous_2)
FNDA:0,(anonymous_3)
FNDA:0,(anonymous_4)
FNDA:0,(anonymous_5)
FNDA:0,(anonymous_6)
DA:19,0
DA:25,0
DA:27,0
DA:32,0
DA:34,0
DA:82,1
DA:84,0
DA:92,1
DA:93,0
DA:94,0
LF:10
LH:2
BRDA:40,0,0,0
BRDA:40,0,1,0
BRDA:55,1,0,0
BRDA:55,1,1,0
BRDA:55,2,0,0
BRDA:55,2,1,0
BRDA:57,3,0,0
BRDA:57,3,1,0
BRDA:64,4,0,0
BRDA:64,4,1,0
BRDA:66,5,0,0
BRDA:66,5,1,0
BRDA:68,6,0,0
BRDA:68,6,1,0
BRDA:68,7,0,0
BRDA:68,7,1,0
BRF:16
BRH:0
end_of_record
TN:
SF:/Users/jonathancannon/projects/Graff_Exchange_test/app/components/Socket.js
FN:8,(anonymous_0)
FN:16,(anonymous_1)
FN:27,(anonymous_2)
FN:29,(anonymous_3)
FN:34,(anonymous_4)
FN:42,(anonymous_5)
FN:57,(anonymous_6)
FN:61,(anonymous_7)
FN:68,(anonymous_8)
FN:74,(anonymous_9)
FN:76,(anonymous_10)
FNF:11
FNH:0
FNDA:0,(anonymous_0)
FNDA:0,(anonymous_1)
FNDA:0,(anonymous_2)
FNDA:0,(anonymous_3)
FNDA:0,(anonymous_4)
FNDA:0,(anonymous_5)
FNDA:0,(anonymous_6)
FNDA:0,(anonymous_7)
FNDA:0,(anonymous_8)
FNDA:0,(anonymous_9)
FNDA:0,(anonymous_10)
DA:9,0
DA:11,0
DA:16,0
DA:18,0
DA:20,0
DA:22,0
DA:24,0
DA:27,0
DA:29,0
DA:30,0
DA:34,0
DA:36,0
DA:39,0
DA:44,0
DA:46,0
DA:48,0
DA:51,0
DA:53,0
DA:58,0
DA:62,0
DA:68,1
DA:69,0
DA:74,1
DA:76,0
LF:24
LH:2
BRDA:48,0,0,0
BRDA:48,0,1,0
BRF:2
BRH:0
end_of_record
TN:
SF:/Users/jonathancannon/projects/Graff_Exchange_test/app/components/app.js
FN:19,(anonymous_0)
FN:74,(anonymous_1)
FNF:2
FNH:2
FNDA:1,(anonymous_0)
FNDA:1,(anonymous_1)
DA:19,1
DA:23,1
DA:25,1
DA:41,0
DA:43,0
DA:52,0
DA:74,1
DA:75,1
LF:8
LH:5
BRDA:23,0,0,1
BRDA:23,0,1,0
BRDA:41,1,0,0
BRDA:41,1,1,0
BRF:4
BRH:1
end_of_record
TN:
SF:/Users/jonathancannon/projects/Graff_Exchange_test/app/components/loadingDots.js
FN:3,(anonymous_0)
FNF:1
FNH:1
FNDA:3,(anonymous_0)
DA:3,1
DA:5,3
DA:11,3
LF:3
LH:3
BRF:0
BRH:0
end_of_record
TN:
SF:/Users/jonathancannon/projects/Graff_Exchange_test/app/components/utils.js
FN:5,isDesktop
FN:10,isCell
FN:15,isTab
FNF:3
FNH:1
FNDA:0,isDesktop
FNDA:15,isCell
FNDA:0,isTab
DA:1,1
DA:3,1
DA:7,0
DA:12,15
DA:17,0
LF:5
LH:3
BRDA:17,0,0,0
BRDA:17,0,1,0
BRF:2
BRH:0
end_of_record
TN:
SF:/Users/jonathancannon/projects/Graff_Exchange_test/app/components/indiv/IndivFin.js
FN:12,(anonymous_0)
FN:19,(anonymous_1)
FN:27,(anonymous_2)
FN:34,(anonymous_3)
FN:47,(anonymous_4)
FN:60,(anonymous_5)
FN:82,(anonymous_6)
FN:114,(anonymous_7)
FN:152,(anonymous_8)
FN:159,(anonymous_9)
FN:161,(anonymous_10)
FNF:11
FNH:11
FNDA:13,(anonymous_0)
FNDA:2,(anonymous_1)
FNDA:3,(anonymous_2)
FNDA:13,(anonymous_3)
FNDA:2,(anonymous_4)
FNDA:15,(anonymous_5)
FNDA:20,(anonymous_6)
FNDA:30,(anonymous_7)
FNDA:13,(anonymous_8)
FNDA:13,(anonymous_9)
FNDA:3,(anonymous_10)
DA:13,13
DA:14,13
DA:19,13
DA:21,2
DA:27,13
DA:29,3
DA:31,3
DA:36,13
DA:38,13
DA:40,13
DA:42,3
DA:49,2
DA:51,2
DA:53,2
DA:55,0
DA:62,15
DA:64,15
DA:67,15
DA:71,15
DA:76,15
DA:78,15
DA:80,10
DA:82,20
DA:91,15
DA:93,13
DA:98,2
DA:101,15
DA:103,15
DA:116,30
DA:152,1
DA:153,13
DA:159,13
DA:161,3
LF:33
LH:32
BRDA:40,0,0,3
BRDA:40,0,1,10
BRDA:40,1,0,13
BRDA:40,1,1,13
BRDA:53,2,0,0
BRDA:53,2,1,2
BRDA:53,3,0,2
BRDA:53,3,1,2
BRDA:67,4,0,15
BRDA:67,4,1,15
BRDA:67,4,2,12
BRDA:71,5,0,15
BRDA:71,5,1,15
BRDA:71,5,2,12
BRDA:78,6,0,10
BRDA:78,6,1,5
BRDA:91,7,0,13
BRDA:91,7,1,2
BRDA:107,8,0,10
BRDA:107,8,1,5
BRDA:107,9,0,15
BRDA:107,9,1,10
BRDA:132,10,0,2
BRDA:132,10,1,3
BRF:24
BRH:23
end_of_record
TN:
SF:/Users/jonathancannon/projects/Graff_Exchange_test/app/components/indiv/IndivNav.js
FN:17,(anonymous_0)
FN:27,(anonymous_1)
FN:34,(anonymous_2)
FN:46,(anonymous_3)
FN:59,(anonymous_4)
FN:64,(anonymous_5)
FN:81,(anonymous_6)
FN:93,(anonymous_7)
FN:103,(anonymous_8)
FN:116,(anonymous_9)
FN:126,(anonymous_10)
FN:128,(anonymous_11)
FN:148,(anonymous_12)
FN:155,(anonymous_13)
FN:171,(anonymous_14)
FN:179,(anonymous_15)
FN:180,(anonymous_16)
FN:181,(anonymous_17)
FNF:18
FNH:0
FNDA:0,(anonymous_0)
FNDA:0,(anonymous_1)
FNDA:0,(anonymous_2)
FNDA:0,(anonymous_3)
FNDA:0,(anonymous_4)
FNDA:0,(anonymous_5)
FNDA:0,(anonymous_6)
FNDA:0,(anonymous_7)
FNDA:0,(anonymous_8)
FNDA:0,(anonymous_9)
FNDA:0,(anonymous_10)
FNDA:0,(anonymous_11)
FNDA:0,(anonymous_12)
FNDA:0,(anonymous_13)
FNDA:0,(anonymous_14)
FNDA:0,(anonymous_15)
FNDA:0,(anonymous_16)
FNDA:0,(anonymous_17)
DA:18,0
DA:20,0
DA:29,0
DA:31,0
DA:36,0
DA:38,0
DA:40,0
DA:42,0
DA:48,0
DA:50,0
DA:52,0
DA:54,0
DA:59,0
DA:61,0
DA:66,0
DA:67,0
DA:68,0
DA:70,0
DA:72,0
DA:81,0
DA:93,0
DA:103,0
DA:126,0
DA:128,0
DA:149,0
DA:150,0
DA:157,0
DA:171,1
DA:172,0
DA:179,1
DA:180,0
DA:181,0
LF:32
LH:2
BRDA:40,0,0,0
BRDA:40,0,1,0
BRDA:40,1,0,0
BRDA:40,1,1,0
BRDA:52,2,0,0
BRDA:52,2,1,0
BRDA:52,3,0,0
BRDA:52,3,1,0
BRDA:78,4,0,0
BRDA:78,4,1,0
BRDA:86,5,0,0
BRDA:86,5,1,0
BRDA:96,6,0,0
BRDA:96,6,1,0
BRDA:110,7,0,0
BRDA:110,7,1,0
BRDA:124,8,0,0
BRDA:124,8,1,0
BRDA:130,9,0,0
BRDA:130,9,1,0
BRDA:138,10,0,0
BRDA:138,10,1,0
BRDA:146,11,0,0
BRDA:146,11,1,0
BRDA:146,11,2,0
BRF:25
BRH:0
end_of_record
TN:
SF:/Users/jonathancannon/projects/Graff_Exchange_test/app/components/indiv/IndivNews.js
FN:9,(anonymous_0)
FN:14,(anonymous_1)
FN:21,(anonymous_2)
FN:34,(anonymous_3)
FN:47,(anonymous_4)
FN:65,(anonymous_5)
FN:110,(anonymous_6)
FN:117,(anonymous_7)
FN:119,(anonymous_8)
FNF:9
FNH:0
FNDA:0,(anonymous_0)
FNDA:0,(anonymous_1)
FNDA:0,(anonymous_2)
FNDA:0,(anonymous_3)
FNDA:0,(anonymous_4)
FNDA:0,(anonymous_5)
FNDA:0,(anonymous_6)
FNDA:0,(anonymous_7)
FNDA:0,(anonymous_8)
DA:10,0
DA:14,0
DA:16,0
DA:18,0
DA:23,0
DA:25,0
DA:27,0
DA:29,0
DA:36,0
DA:38,0
DA:40,0
DA:42,0
DA:49,0
DA:51,0
DA:53,0
DA:57,0
DA:61,0
DA:67,0
DA:110,1
DA:111,0
DA:117,1
DA:119,0
LF:22
LH:2
BRDA:27,0,0,0
BRDA:27,0,1,0
BRDA:27,1,0,0
BRDA:27,1,1,0
BRDA:40,2,0,0
BRDA:40,2,1,0
BRDA:40,3,0,0
BRDA:40,3,1,0
BRDA:53,4,0,0
BRDA:53,4,1,0
BRDA:53,4,2,0
BRDA:57,5,0,0
BRDA:57,5,1,0
BRDA:57,5,2,0
BRDA:65,6,0,0
BRDA:65,6,1,0
BRDA:94,7,0,0
BRDA:94,7,1,0
BRF:18
BRH:0
end_of_record
TN:
SF:/Users/jonathancannon/projects/Graff_Exchange_test/app/components/indiv/IndivPerf.js
FN:7,(anonymous_0)
FN:11,(anonymous_1)
FN:23,(anonymous_2)
FN:40,(anonymous_3)
FN:52,(anonymous_4)
FN:59,(anonymous_5)
FN:67,(anonymous_6)
FN:77,formatChange
FN:82,chartPeriod
FN:123,(anonymous_9)
FN:165,(anonymous_10)
FN:172,(anonymous_11)
FN:174,(anonymous_12)
FNF:13
FNH:0
FNDA:0,(anonymous_0)
FNDA:0,(anonymous_1)
FNDA:0,(anonymous_2)
FNDA:0,(anonymous_3)
FNDA:0,(anonymous_4)
FNDA:0,(anonymous_5)
FNDA:0,(anonymous_6)
FNDA:0,formatChange
FNDA:0,chartPeriod
FNDA:0,(anonymous_9)
FNDA:0,(anonymous_10)
FNDA:0,(anonymous_11)
FNDA:0,(anonymous_12)
DA:7,1
DA:12,0
DA:13,0
DA:25,0
DA:27,0
DA:29,0
DA:31,0
DA:42,0
DA:44,0
DA:46,0
DA:48,0
DA:52,0
DA:54,0
DA:56,0
DA:59,0
DA:61,0
DA:69,0
DA:71,0
DA:73,0
DA:75,0
DA:79,0
DA:84,0
DA:87,0
DA:89,0
DA:91,0
DA:95,0
DA:125,0
DA:165,1
DA:166,0
DA:172,1
DA:174,0
LF:31
LH:3
BRDA:29,0,0,0
BRDA:29,0,1,0
BRDA:29,1,0,0
BRDA:29,1,1,0
BRDA:46,2,0,0
BRDA:46,2,1,0
BRDA:46,3,0,0
BRDA:46,3,1,0
BRDA:84,4,0,0
BRDA:84,4,1,0
BRDA:84,4,2,0
BRDA:102,5,0,0
BRDA:102,5,1,0
BRDA:102,6,0,0
BRDA:102,6,1,0
BRDA:112,7,0,0
BRDA:112,7,1,0
BRDA:112,7,2,0
BRDA:118,8,0,0
BRDA:118,8,1,0
BRDA:118,8,2,0
BRF:21
BRH:0
end_of_record
TN:
SF:/Users/jonathancannon/projects/Graff_Exchange_test/app/components/indiv/IndivSelector.js
FN:4,IndivSelector
FN:8,isSelectedSelector
FNF:2
FNH:0
FNDA:0,IndivSelector
FNDA:0,isSelectedSelector
DA:6,0
DA:10,0
DA:13,0
LF:3
LH:0
BRDA:10,0,0,0
BRDA:10,0,1,0
BRF:2
BRH:0
end_of_record
TN:
SF:/Users/jonathancannon/projects/Graff_Exchange_test/app/components/indiv/IndivTrans.js
FN:6,(anonymous_0)
FN:13,(anonymous_1)
FN:34,(anonymous_2)
FN:38,(anonymous_3)
FN:61,(anonymous_4)
FNF:5
FNH:0
FNDA:0,(anonymous_0)
FNDA:0,(anonymous_1)
FNDA:0,(anonymous_2)
FNDA:0,(anonymous_3)
FNDA:0,(anonymous_4)
DA:7,0
DA:8,0
DA:15,0
DA:17,0
DA:36,0
DA:40,0
DA:41,0
DA:43,0
DA:61,1
DA:63,0
LF:10
LH:1
BRDA:31,0,0,0
BRDA:31,0,1,0
BRDA:36,1,0,0
BRDA:36,1,1,0
BRF:4
BRH:0
end_of_record
TN:
SF:/Users/jonathancannon/projects/Graff_Exchange_test/app/components/indiv/TradeBox.js
FN:7,(anonymous_0)
FN:17,(anonymous_1)
FN:37,(anonymous_2)
FN:50,(anonymous_3)
FN:65,(anonymous_4)
FN:79,(anonymous_5)
FN:83,(anonymous_6)
FN:87,(anonymous_7)
FN:100,(anonymous_8)
FN:109,(anonymous_9)
FN:110,(anonymous_10)
FNF:11
FNH:0
FNDA:0,(anonymous_0)
FNDA:0,(anonymous_1)
FNDA:0,(anonymous_2)
FNDA:0,(anonymous_3)
FNDA:0,(anonymous_4)
FNDA:0,(anonymous_5)
FNDA:0,(anonymous_6)
FNDA:0,(anonymous_7)
FNDA:0,(anonymous_8)
FNDA:0,(anonymous_9)
FNDA:0,(anonymous_10)
DA:8,0
DA:10,0
DA:17,0
DA:22,0
DA:24,0
DA:26,0
DA:30,0
DA:32,0
DA:37,0
DA:38,0
DA:41,0
DA:43,0
DA:45,0
DA:50,0
DA:51,0
DA:54,0
DA:58,0
DA:59,0
DA:60,0
DA:61,0
DA:67,0
DA:79,0
DA:83,0
DA:87,0
DA:100,1
DA:101,0
DA:109,1
DA:110,0
LF:28
LH:2
BRDA:30,0,0,0
BRDA:30,0,1,0
BRDA:30,1,0,0
BRDA:30,1,1,0
BRDA:43,2,0,0
BRDA:43,2,1,0
BRDA:43,3,0,0
BRDA:43,3,1,0
BRDA:93,4,0,0
BRDA:93,4,1,0
BRF:10
BRH:0
end_of_record
TN:
SF:/Users/jonathancannon/projects/Graff_Exchange_test/app/components/portfolio/AddSymbolBox.js
FN:8,(anonymous_0)
FN:17,(anonymous_1)
FN:22,(anonymous_2)
FN:43,(anonymous_3)
FN:57,(anonymous_4)
FN:96,(anonymous_5)
FN:103,(anonymous_6)
FN:105,(anonymous_7)
FNF:8
FNH:0
FNDA:0,(anonymous_0)
FNDA:0,(anonymous_1)
FNDA:0,(anonymous_2)
FNDA:0,(anonymous_3)
FNDA:0,(anonymous_4)
FNDA:0,(anonymous_5)
FNDA:0,(anonymous_6)
FNDA:0,(anonymous_7)
DA:9,0
DA:11,0
DA:17,0
DA:19,0
DA:22,0
DA:24,0
DA:26,0
DA:28,0
DA:30,0
DA:36,0
DA:43,0
DA:45,0
DA:47,0
DA:49,0
DA:51,0
DA:54,0
DA:59,0
DA:61,0
DA:96,1
DA:97,0
DA:103,1
DA:105,0
LF:22
LH:2
BRDA:28,0,0,0
BRDA:28,0,1,0
BRDA:49,1,0,0
BRDA:49,1,1,0
BRDA:49,2,0,0
BRDA:49,2,1,0
BRDA:79,3,0,0
BRDA:79,3,1,0
BRDA:79,4,0,0
BRDA:79,4,1,0
BRDA:88,5,0,0
BRDA:88,5,1,0
BRF:12
BRH:0
end_of_record
TN:
SF:/Users/jonathancannon/projects/Graff_Exchange_test/app/components/portfolio/AllNav.js
FN:6,(anonymous_0)
FN:11,(anonymous_1)
FNF:2
FNH:0
FNDA:0,(anonymous_0)
FNDA:0,(anonymous_1)
DA:7,0
DA:13,0
DA:15,0
LF:3
LH:0
BRDA:21,0,0,0
BRDA:21,0,1,0
BRDA:29,1,0,0
BRDA:29,1,1,0
BRF:4
BRH:0
end_of_record
TN:
SF:/Users/jonathancannon/projects/Graff_Exchange_test/app/components/portfolio/AllTrans.js
FN:6,(anonymous_0)
FN:14,(anonymous_1)
FN:36,(anonymous_2)
FN:40,(anonymous_3)
FN:67,(anonymous_4)
FNF:5
FNH:0
FNDA:0,(anonymous_0)
FNDA:0,(anonymous_1)
FNDA:0,(anonymous_2)
FNDA:0,(anonymous_3)
FNDA:0,(anonymous_4)
DA:7,0
DA:8,0
DA:16,0
DA:38,0
DA:44,0
DA:48,0
DA:67,1
DA:69,0
LF:8
LH:1
BRF:0
BRH:0
end_of_record
TN:
SF:/Users/jonathancannon/projects/Graff_Exchange_test/app/components/portfolio/AllWatchlist.js
FN:9,(anonymous_0)
FN:20,(anonymous_1)
FN:32,(anonymous_2)
FN:37,(anonymous_3)
FN:47,(anonymous_4)
FN:62,(anonymous_5)
FN:77,(anonymous_6)
FN:82,(anonymous_7)
FN:102,(anonymous_8)
FN:113,(anonymous_9)
FN:128,(anonymous_10)
FN:173,(anonymous_11)
FN:175,(anonymous_12)
FN:187,(anonymous_13)
FNF:14
FNH:0
FNDA:0,(anonymous_0)
FNDA:0,(anonymous_1)
FNDA:0,(anonymous_2)
FNDA:0,(anonymous_3)
FNDA:0,(anonymous_4)
FNDA:0,(anonymous_5)
FNDA:0,(anonymous_6)
FNDA:0,(anonymous_7)
FNDA:0,(anonymous_8)
FNDA:0,(anonymous_9)
FNDA:0,(anonymous_10)
FNDA:0,(anonymous_11)
FNDA:0,(anonymous_12)
FNDA:0,(anonymous_13)
DA:10,0
DA:12,0
DA:22,0
DA:24,0
DA:26,0
DA:32,0
DA:34,0
DA:37,0
DA:39,0
DA:40,0
DA:41,0
DA:45,0
DA:47,0
DA:51,0
DA:54,0
DA:56,0
DA:64,0
DA:65,0
DA:67,0
DA:77,0
DA:82,0
DA:104,0
DA:106,0
DA:110,0
DA:115,0
DA:117,0
DA:119,0
DA:128,0
DA:173,0
DA:175,0
DA:187,1
DA:189,0
LF:32
LH:1
BRDA:28,0,0,0
BRDA:28,0,1,0
BRDA:45,1,0,0
BRDA:45,1,1,0
BRDA:76,2,0,0
BRDA:76,2,1,0
BRDA:81,3,0,0
BRDA:81,3,1,0
BRDA:91,4,0,0
BRDA:91,4,1,0
BRDA:98,5,0,0
BRDA:98,5,1,0
BRDA:104,6,0,0
BRDA:104,6,1,0
BRDA:123,7,0,0
BRDA:123,7,1,0
BRDA:127,8,0,0
BRDA:127,8,1,0
BRDA:127,9,0,0
BRDA:127,9,1,0
BRDA:133,10,0,0
BRDA:133,10,1,0
BRDA:134,11,0,0
BRDA:134,11,1,0
BRDA:139,12,0,0
BRDA:139,12,1,0
BRDA:143,13,0,0
BRDA:143,13,1,0
BRDA:144,14,0,0
BRDA:144,14,1,0
BRDA:148,15,0,0
BRDA:148,15,1,0
BRDA:171,16,0,0
BRDA:171,16,1,0
BRF:34
BRH:0
end_of_record
TN:
SF:/Users/jonathancannon/projects/Graff_Exchange_test/store/combine_reducers.js
FNF:0
FNH:0
LF:0
LH:0
BRF:0
BRH:0
end_of_record
TN:
SF:/Users/jonathancannon/projects/Graff_Exchange_test/store/store.js
FNF:0
FNH:0
DA:7,1
LF:1
LH:1
BRF:0
BRH:0
end_of_record
TN:
SF:/Users/jonathancannon/projects/Graff_Exchange_test/store/Portfolio/action_constants_for_Portfolio.js
FNF:0
FNH:0
LF:0
LH:0
BRF:0
BRH:0
end_of_record
TN:
SF:/Users/jonathancannon/projects/Graff_Exchange_test/store/Portfolio/actions_for_Portfolio.js
FN:3,(anonymous_0)
FN:10,(anonymous_1)
FN:17,(anonymous_2)
FN:24,(anonymous_3)
FN:31,(anonymous_4)
FN:38,(anonymous_5)
FN:45,(anonymous_6)
FN:52,(anonymous_7)
FN:59,(anonymous_8)
FNF:9
FNH:1
FNDA:0,(anonymous_0)
FNDA:0,(anonymous_1)
FNDA:0,(anonymous_2)
FNDA:0,(anonymous_3)
FNDA:0,(anonymous_4)
FNDA:0,(anonymous_5)
FNDA:4,(anonymous_6)
FNDA:0,(anonymous_7)
FNDA:0,(anonymous_8)
DA:3,1
DA:4,0
DA:10,1
DA:11,0
DA:17,1
DA:18,0
DA:24,1
DA:25,0
DA:31,1
DA:32,0
DA:38,1
DA:39,0
DA:45,1
DA:46,4
DA:52,1
DA:53,0
DA:59,1
DA:60,0
LF:18
LH:10
BRF:0
BRH:0
end_of_record
TN:
SF:/Users/jonathancannon/projects/Graff_Exchange_test/store/Portfolio/reducer_for_Portfolio.js
FN:18,Portfolio_reducer
FNF:1
FNH:1
FNDA:3,Portfolio_reducer
DA:11,1
DA:20,3
DA:25,0
DA:27,0
DA:30,0
DA:32,0
DA:38,0
DA:40,0
DA:42,0
DA:47,0
DA:51,0
DA:60,0
DA:62,0
DA:65,0
DA:67,0
DA:69,0
DA:72,0
DA:81,0
DA:83,0
DA:85,0
DA:87,0
DA:91,0
DA:93,0
DA:102,0
DA:104,0
DA:106,0
DA:108,0
DA:113,0
DA:115,0
DA:117,0
DA:119,0
DA:124,0
DA:126,0
DA:128,0
DA:130,0
DA:135,0
DA:137,0
DA:139,0
DA:141,0
DA:146,0
DA:151,0
DA:155,3
LF:42
LH:3
BRDA:18,0,0,3
BRDA:20,1,0,0
BRDA:20,1,1,0
BRDA:20,1,2,0
BRDA:20,1,3,0
BRDA:20,1,4,0
BRDA:20,1,5,0
BRDA:20,1,6,0
BRDA:20,1,7,0
BRDA:20,1,8,0
BRDA:20,1,9,3
BRDA:25,2,0,0
BRDA:25,2,1,0
BRDA:30,3,0,0
BRDA:30,3,1,0
BRDA:60,4,0,0
BRDA:60,4,1,0
BRDA:85,5,0,0
BRDA:85,5,1,0
BRF:19
BRH:2
end_of_record
TN:
SF:/Users/jonathancannon/projects/Graff_Exchange_test/store/Portfolio/thunks_for_Portfolio.js
FN:5,(anonymous_0)
FN:5,(anonymous_1)
FN:54,(anonymous_2)
FN:54,(anonymous_3)
FN:109,(anonymous_4)
FN:109,(anonymous_5)
FN:195,(anonymous_6)
FN:195,(anonymous_7)
FN:226,(anonymous_8)
FN:226,(anonymous_9)
FN:255,(anonymous_10)
FN:255,(anonymous_11)
FNF:12
FNH:2
FNDA:0,(anonymous_0)
FNDA:0,(anonymous_1)
FNDA:0,(anonymous_2)
FNDA:0,(anonymous_3)
FNDA:0,(anonymous_4)
FNDA:0,(anonymous_5)
FNDA:0,(anonymous_6)
FNDA:0,(anonymous_7)
FNDA:4,(anonymous_8)
FNDA:4,(anonymous_9)
FNDA:0,(anonymous_10)
FNDA:0,(anonymous_11)
DA:5,1
DA:7,0
DA:26,0
DA:28,0
DA:30,0
DA:32,0
DA:37,0
DA:41,0
DA:45,0
DA:49,0
DA:54,1
DA:56,0
DA:58,0
DA:82,0
DA:88,0
DA:90,0
DA:92,0
DA:93,0
DA:94,0
DA:98,0
DA:101,0
DA:103,0
DA:105,0
DA:109,1
DA:112,0
DA:162,0
DA:164,0
DA:166,0
DA:170,0
DA:172,0
DA:174,0
DA:178,0
DA:181,0
DA:183,0
DA:185,0
DA:187,0
DA:191,0
DA:195,1
DA:197,0
DA:208,0
DA:212,0
DA:214,0
DA:216,0
DA:220,0
DA:223,0
DA:226,4
DA:228,4
DA:235,4
DA:239,4
DA:241,4
DA:243,4
DA:249,0
DA:252,4
DA:255,1
DA:257,0
DA:268,0
DA:272,0
DA:274,0
DA:276,0
DA:280,0
DA:283,0
LF:61
LH:12
BRDA:37,0,0,0
BRDA:37,0,1,0
BRDA:112,1,0,0
BRDA:112,1,1,0
BRDA:183,2,0,0
BRDA:183,2,1,0
BRF:6
BRH:0
end_of_record
TN:
SF:/Users/jonathancannon/projects/Graff_Exchange_test/store/User/action_constants_for_User.js
FNF:0
FNH:0
LF:0
LH:0
BRF:0
BRH:0
end_of_record
TN:
SF:/Users/jonathancannon/projects/Graff_Exchange_test/store/User/actions_for_User.js
FN:3,(anonymous_0)
FN:10,(anonymous_1)
FNF:2
FNH:0
FNDA:0,(anonymous_0)
FNDA:0,(anonymous_1)
DA:3,1
DA:4,0
DA:10,1
DA:11,0
LF:4
LH:2
BRF:0
BRH:0
end_of_record
TN:
SF:/Users/jonathancannon/projects/Graff_Exchange_test/store/User/reducer_for_User.js
FN:14,User_reducer
FNF:1
FNH:1
FNDA:3,User_reducer
DA:4,1
DA:16,3
DA:21,0
DA:24,0
DA:25,0
DA:27,0
DA:28,0
DA:29,0
DA:30,0
DA:33,0
DA:35,0
DA:40,0
DA:42,0
DA:43,0
DA:44,0
DA:46,0
DA:51,0
DA:56,0
DA:61,3
LF:19
LH:3
BRDA:14,0,0,3
BRDA:16,1,0,0
BRDA:16,1,1,0
BRDA:16,1,2,0
BRDA:16,1,3,3
BRDA:21,2,0,0
BRDA:21,2,1,0
BRDA:27,3,0,0
BRDA:27,3,1,0
BRDA:33,4,0,0
BRDA:33,4,1,0
BRF:11
BRH:2
end_of_record
TN:
SF:/Users/jonathancannon/projects/Graff_Exchange_test/store/User/thunks_for_User.js
FN:6,(anonymous_0)
FN:6,(anonymous_1)
FN:66,(anonymous_2)
FN:66,(anonymous_3)
FNF:4
FNH:0
FNDA:0,(anonymous_0)
FNDA:0,(anonymous_1)
FNDA:0,(anonymous_2)
FNDA:0,(anonymous_3)
DA:6,1
DA:8,0
DA:16,0
DA:40,0
DA:44,0
DA:48,0
DA:50,0
DA:52,0
DA:54,0
DA:58,0
DA:60,0
DA:63,0
DA:66,1
DA:68,0
DA:100,0
DA:104,0
DA:106,0
DA:108,0
DA:112,0
DA:115,0
DA:117,0
LF:21
LH:2
BRDA:27,0,0,0
BRDA:27,0,1,0
BRF:2
BRH:0
end_of_record
TN:
SF:/Users/jonathancannon/projects/Graff_Exchange_test/test/nock.setup.js
FN:3,nocked
FNF:1
FNH:1
FNDA:3,nocked
DA:1,1
DA:5,3
DA:11,1
LF:3
LH:3
BRF:0
BRH:0
end_of_record
