TN:
SF:/Users/jonathancannon/projects/Graff_Exchange_test/app/apollo_client.js
FN:8,(anonymous_0)
FN:21,(anonymous_1)
FNF:2
FNH:2
FNDA:7,(anonymous_0)
FNDA:7,(anonymous_1)
DA:4,7
DA:8,7
DA:10,7
DA:12,7
DA:18,7
DA:23,7
LF:6
LH:6
BRDA:4,0,0,7
BRDA:4,0,1,0
BRF:2
BRH:1
end_of_record
TN:
SF:/Users/jonathancannon/projects/Graff_Exchange_test/app/main.js
FN:8,(anonymous_0)
FNF:1
FNH:1
FNDA:7,(anonymous_0)
DA:8,7
DA:10,7
DA:12,7
DA:14,7
LF:4
LH:4
BRDA:12,0,0,0
BRDA:12,0,1,7
BRDA:22,1,0,7
BRDA:22,1,1,7
BRF:4
BRH:3
end_of_record
TN:
SF:/Users/jonathancannon/projects/Graff_Exchange_test/app/components/DataNav.js
FN:3,DataNav
FN:10,(anonymous_1)
FN:16,(anonymous_2)
FNF:3
FNH:3
FNDA:26,DataNav
FNDA:53,(anonymous_1)
FNDA:2,(anonymous_2)
DA:5,26
DA:7,26
DA:12,53
DA:16,2
LF:4
LH:4
BRDA:17,0,0,20
BRDA:17,0,1,33
BRF:2
BRH:2
end_of_record
TN:
SF:/Users/jonathancannon/projects/Graff_Exchange_test/app/components/Footer.js
FN:7,(anonymous_0)
FNF:1
FNH:1
FNDA:6,(anonymous_0)
DA:4,7
DA:5,7
DA:7,7
DA:9,6
LF:4
LH:4
BRF:0
BRH:0
end_of_record
TN:
SF:/Users/jonathancannon/projects/Graff_Exchange_test/app/components/Landing.js
FN:9,(anonymous_0)
FN:26,(anonymous_1)
FN:34,(anonymous_2)
FN:39,(anonymous_3)
FN:49,(anonymous_4)
FN:57,(anonymous_5)
FN:60,(anonymous_6)
FN:67,(anonymous_7)
FN:84,(anonymous_8)
FN:91,(anonymous_9)
FN:107,(anonymous_10)
FN:118,(anonymous_11)
FN:123,(anonymous_12)
FN:164,(anonymous_13)
FN:171,(anonymous_14)
FN:187,(anonymous_15)
FN:201,(anonymous_16)
FN:314,(anonymous_17)
FN:321,(anonymous_18)
FN:323,(anonymous_19)
FN:324,(anonymous_20)
FNF:21
FNH:5
FNDA:6,(anonymous_0)
FNDA:6,(anonymous_1)
FNDA:0,(anonymous_2)
FNDA:0,(anonymous_3)
FNDA:0,(anonymous_4)
FNDA:0,(anonymous_5)
FNDA:0,(anonymous_6)
FNDA:0,(anonymous_7)
FNDA:0,(anonymous_8)
FNDA:0,(anonymous_9)
FNDA:0,(anonymous_10)
FNDA:0,(anonymous_11)
FNDA:6,(anonymous_12)
FNDA:0,(anonymous_13)
FNDA:0,(anonymous_14)
FNDA:0,(anonymous_15)
FNDA:0,(anonymous_16)
FNDA:6,(anonymous_17)
FNDA:6,(anonymous_18)
FNDA:0,(anonymous_19)
FNDA:0,(anonymous_20)
DA:11,6
DA:13,6
DA:31,6
DA:36,0
DA:41,0
DA:43,0
DA:49,6
DA:51,0
DA:57,0
DA:60,6
DA:62,0
DA:67,6
DA:69,0
DA:71,0
DA:72,0
DA:75,0
DA:79,0
DA:81,0
DA:83,0
DA:84,0
DA:85,0
DA:88,0
DA:90,0
DA:91,0
DA:92,0
DA:95,0
DA:97,0
DA:100,0
DA:104,0
DA:106,0
DA:107,0
DA:109,0
DA:112,0
DA:115,0
DA:118,6
DA:120,0
DA:125,6
DA:127,6
DA:130,6
DA:132,6
DA:134,0
DA:140,6
DA:164,0
DA:171,0
DA:187,0
DA:201,0
DA:314,7
DA:315,6
DA:321,7
DA:323,0
DA:324,0
LF:51
LH:15
BRDA:41,0,0,0
BRDA:41,0,1,0
BRDA:41,1,0,0
BRDA:41,1,1,0
BRDA:69,2,0,0
BRDA:69,2,1,0
BRDA:81,3,0,0
BRDA:81,3,1,0
BRDA:88,4,0,0
BRDA:88,4,1,0
BRDA:95,5,0,0
BRDA:95,5,1,0
BRDA:100,6,0,0
BRDA:100,6,1,0
BRDA:104,7,0,0
BRDA:104,7,1,0
BRDA:130,8,0,6
BRDA:130,8,1,6
BRDA:132,9,0,0
BRDA:132,9,1,6
BRDA:142,10,0,0
BRDA:142,10,1,6
BRDA:142,11,0,6
BRDA:142,11,1,0
BRDA:158,12,0,6
BRDA:158,12,1,6
BRDA:163,13,0,0
BRDA:163,13,1,6
BRDA:170,14,0,6
BRDA:170,14,1,0
BRDA:170,15,0,6
BRDA:170,15,1,6
BRDA:179,16,0,6
BRDA:179,16,1,0
BRDA:179,16,2,0
BRDA:194,17,0,6
BRDA:194,17,1,0
BRDA:194,17,2,0
BRDA:215,18,0,6
BRDA:215,18,1,0
BRDA:232,19,0,6
BRDA:232,19,1,0
BRDA:277,20,0,6
BRDA:277,20,1,0
BRDA:296,21,0,6
BRDA:296,21,1,0
BRDA:296,22,0,6
BRDA:296,22,1,6
BRDA:297,23,0,0
BRDA:297,23,1,0
BRDA:297,24,0,0
BRDA:297,24,1,0
BRDA:298,25,0,0
BRDA:298,25,1,0
BRDA:303,26,0,6
BRDA:303,26,1,0
BRDA:304,27,0,6
BRDA:304,27,1,0
BRDA:305,28,0,6
BRDA:305,28,1,6
BRF:60
BRH:23
end_of_record
TN:
SF:/Users/jonathancannon/projects/Graff_Exchange_test/app/components/MainNav.js
FN:18,(anonymous_0)
FN:23,(anonymous_1)
FN:30,(anonymous_2)
FN:81,(anonymous_3)
FN:92,(anonymous_4)
FN:93,(anonymous_5)
FN:94,(anonymous_6)
FNF:7
FNH:0
FNDA:0,(anonymous_0)
FNDA:0,(anonymous_1)
FNDA:0,(anonymous_2)
FNDA:0,(anonymous_3)
FNDA:0,(anonymous_4)
FNDA:0,(anonymous_5)
FNDA:0,(anonymous_6)
DA:19,0
DA:25,0
DA:27,0
DA:32,0
DA:34,0
DA:81,7
DA:83,0
DA:92,7
DA:93,0
DA:94,0
LF:10
LH:2
BRDA:40,0,0,0
BRDA:40,0,1,0
BRDA:54,1,0,0
BRDA:54,1,1,0
BRDA:54,2,0,0
BRDA:54,2,1,0
BRDA:56,3,0,0
BRDA:56,3,1,0
BRDA:63,4,0,0
BRDA:63,4,1,0
BRDA:65,5,0,0
BRDA:65,5,1,0
BRDA:67,6,0,0
BRDA:67,6,1,0
BRDA:67,7,0,0
BRDA:67,7,1,0
BRF:16
BRH:0
end_of_record
TN:
SF:/Users/jonathancannon/projects/Graff_Exchange_test/app/components/Socket.js
FN:7,(anonymous_0)
FN:15,(anonymous_1)
FN:26,(anonymous_2)
FN:28,(anonymous_3)
FN:33,(anonymous_4)
FN:41,(anonymous_5)
FN:56,(anonymous_6)
FN:60,(anonymous_7)
FN:67,(anonymous_8)
FN:73,(anonymous_9)
FN:75,(anonymous_10)
FNF:11
FNH:0
FNDA:0,(anonymous_0)
FNDA:0,(anonymous_1)
FNDA:0,(anonymous_2)
FNDA:0,(anonymous_3)
FNDA:0,(anonymous_4)
FNDA:0,(anonymous_5)
FNDA:0,(anonymous_6)
FNDA:0,(anonymous_7)
FNDA:0,(anonymous_8)
FNDA:0,(anonymous_9)
FNDA:0,(anonymous_10)
DA:8,0
DA:10,0
DA:15,0
DA:17,0
DA:19,0
DA:21,0
DA:23,0
DA:26,0
DA:28,0
DA:29,0
DA:33,0
DA:35,0
DA:38,0
DA:43,0
DA:45,0
DA:47,0
DA:50,0
DA:52,0
DA:57,0
DA:61,0
DA:67,7
DA:68,0
DA:73,7
DA:75,0
LF:24
LH:2
BRDA:47,0,0,0
BRDA:47,0,1,0
BRF:2
BRH:0
end_of_record
TN:
SF:/Users/jonathancannon/projects/Graff_Exchange_test/app/components/app.js
FN:19,(anonymous_0)
FN:74,(anonymous_1)
FNF:2
FNH:2
FNDA:6,(anonymous_0)
FNDA:6,(anonymous_1)
DA:19,7
DA:23,6
DA:25,6
DA:41,0
DA:43,0
DA:52,0
DA:74,7
DA:75,6
LF:8
LH:5
BRDA:23,0,0,6
BRDA:23,0,1,0
BRDA:41,1,0,0
BRDA:41,1,1,0
BRF:4
BRH:1
end_of_record
TN:
SF:/Users/jonathancannon/projects/Graff_Exchange_test/app/components/loadingDots.js
FN:3,(anonymous_0)
FNF:1
FNH:1
FNDA:26,(anonymous_0)
DA:3,8
DA:5,26
DA:11,26
LF:3
LH:3
BRF:0
BRH:0
end_of_record
TN:
SF:/Users/jonathancannon/projects/Graff_Exchange_test/app/components/utils.js
FN:5,isDesktop
FN:10,isCell
FN:15,isTab
FNF:3
FNH:2
FNDA:17,isDesktop
FNDA:125,isCell
FNDA:0,isTab
DA:1,8
DA:3,8
DA:7,17
DA:12,125
DA:17,0
LF:5
LH:4
BRDA:17,0,0,0
BRDA:17,0,1,0
BRF:2
BRH:0
end_of_record
TN:
SF:/Users/jonathancannon/projects/Graff_Exchange_test/app/components/indiv/IndivFin.js
FN:12,(anonymous_0)
FN:19,(anonymous_1)
FN:27,(anonymous_2)
FN:34,(anonymous_3)
FN:47,(anonymous_4)
FN:60,(anonymous_5)
FN:82,(anonymous_6)
FN:114,(anonymous_7)
FN:152,(anonymous_8)
FN:159,(anonymous_9)
FN:161,(anonymous_10)
FNF:11
FNH:11
FNDA:13,(anonymous_0)
FNDA:2,(anonymous_1)
FNDA:3,(anonymous_2)
FNDA:13,(anonymous_3)
FNDA:2,(anonymous_4)
FNDA:15,(anonymous_5)
FNDA:20,(anonymous_6)
FNDA:30,(anonymous_7)
FNDA:13,(anonymous_8)
FNDA:13,(anonymous_9)
FNDA:3,(anonymous_10)
DA:13,13
DA:14,13
DA:19,13
DA:21,2
DA:27,13
DA:29,3
DA:31,3
DA:36,13
DA:38,13
DA:40,13
DA:42,3
DA:49,2
DA:51,2
DA:53,2
DA:55,0
DA:62,15
DA:64,15
DA:67,15
DA:71,15
DA:76,15
DA:78,15
DA:80,10
DA:82,20
DA:91,15
DA:93,13
DA:98,2
DA:101,15
DA:103,15
DA:116,30
DA:152,7
DA:153,13
DA:159,13
DA:161,3
LF:33
LH:32
BRDA:40,0,0,3
BRDA:40,0,1,10
BRDA:40,1,0,13
BRDA:40,1,1,13
BRDA:53,2,0,0
BRDA:53,2,1,2
BRDA:53,3,0,2
BRDA:53,3,1,2
BRDA:67,4,0,15
BRDA:67,4,1,15
BRDA:67,4,2,12
BRDA:71,5,0,15
BRDA:71,5,1,15
BRDA:71,5,2,12
BRDA:78,6,0,10
BRDA:78,6,1,5
BRDA:91,7,0,13
BRDA:91,7,1,2
BRDA:107,8,0,10
BRDA:107,8,1,5
BRDA:107,9,0,15
BRDA:107,9,1,10
BRDA:132,10,0,2
BRDA:132,10,1,3
BRF:24
BRH:23
end_of_record
TN:
SF:/Users/jonathancannon/projects/Graff_Exchange_test/app/components/indiv/IndivNav.js
FN:16,(anonymous_0)
FN:26,(anonymous_1)
FN:33,(anonymous_2)
FN:45,(anonymous_3)
FN:58,(anonymous_4)
FN:63,(anonymous_5)
FN:80,(anonymous_6)
FN:92,(anonymous_7)
FN:102,(anonymous_8)
FN:115,(anonymous_9)
FN:125,(anonymous_10)
FN:127,(anonymous_11)
FN:147,(anonymous_12)
FN:154,(anonymous_13)
FN:170,(anonymous_14)
FN:177,(anonymous_15)
FN:178,(anonymous_16)
FN:179,(anonymous_17)
FNF:18
FNH:12
FNDA:18,(anonymous_0)
FNDA:0,(anonymous_1)
FNDA:18,(anonymous_2)
FNDA:13,(anonymous_3)
FNDA:2,(anonymous_4)
FNDA:31,(anonymous_5)
FNDA:0,(anonymous_6)
FNDA:1,(anonymous_7)
FNDA:1,(anonymous_8)
FNDA:0,(anonymous_9)
FNDA:0,(anonymous_10)
FNDA:0,(anonymous_11)
FNDA:2,(anonymous_12)
FNDA:12,(anonymous_13)
FNDA:18,(anonymous_14)
FNDA:18,(anonymous_15)
FNDA:0,(anonymous_16)
FNDA:2,(anonymous_17)
DA:17,18
DA:19,18
DA:28,0
DA:30,0
DA:35,18
DA:37,18
DA:39,18
DA:41,0
DA:47,13
DA:49,13
DA:51,13
DA:53,0
DA:58,18
DA:60,2
DA:65,31
DA:66,31
DA:67,31
DA:69,31
DA:71,31
DA:80,0
DA:92,1
DA:102,1
DA:125,0
DA:127,0
DA:148,2
DA:149,2
DA:156,12
DA:170,7
DA:171,18
DA:177,18
DA:178,0
DA:179,2
LF:32
LH:24
BRDA:39,0,0,0
BRDA:39,0,1,18
BRDA:39,1,0,18
BRDA:39,1,1,12
BRDA:51,2,0,0
BRDA:51,2,1,13
BRDA:51,3,0,13
BRDA:51,3,1,11
BRDA:77,4,0,23
BRDA:77,4,1,8
BRDA:85,5,0,0
BRDA:85,5,1,8
BRDA:95,6,0,31
BRDA:95,6,1,31
BRDA:109,7,0,31
BRDA:109,7,1,8
BRDA:123,8,0,31
BRDA:123,8,1,9
BRDA:129,9,0,9
BRDA:129,9,1,2
BRDA:137,10,0,9
BRDA:137,10,1,3
BRDA:145,11,0,9
BRDA:145,11,1,4
BRDA:145,11,2,4
BRF:25
BRH:22
end_of_record
TN:
SF:/Users/jonathancannon/projects/Graff_Exchange_test/app/components/indiv/IndivNews.js
FN:9,(anonymous_0)
FN:14,(anonymous_1)
FN:21,(anonymous_2)
FN:34,(anonymous_3)
FN:47,(anonymous_4)
FN:65,(anonymous_5)
FN:110,(anonymous_6)
FN:117,(anonymous_7)
FN:119,(anonymous_8)
FNF:9
FNH:8
FNDA:6,(anonymous_0)
FNDA:3,(anonymous_1)
FNDA:6,(anonymous_2)
FNDA:0,(anonymous_3)
FNDA:6,(anonymous_4)
FNDA:2,(anonymous_5)
FNDA:6,(anonymous_6)
FNDA:6,(anonymous_7)
FNDA:3,(anonymous_8)
DA:10,6
DA:14,6
DA:16,3
DA:18,3
DA:23,6
DA:25,6
DA:27,6
DA:29,3
DA:36,0
DA:38,0
DA:40,0
DA:42,0
DA:49,6
DA:51,6
DA:53,6
DA:57,6
DA:61,6
DA:67,2
DA:110,7
DA:111,6
DA:117,7
DA:119,3
LF:22
LH:18
BRDA:27,0,0,3
BRDA:27,0,1,3
BRDA:27,1,0,6
BRDA:27,1,1,6
BRDA:40,2,0,0
BRDA:40,2,1,0
BRDA:40,3,0,0
BRDA:40,3,1,0
BRDA:53,4,0,6
BRDA:53,4,1,6
BRDA:53,4,2,3
BRDA:57,5,0,6
BRDA:57,5,1,6
BRDA:57,5,2,3
BRDA:65,6,0,2
BRDA:65,6,1,4
BRDA:94,7,0,1
BRDA:94,7,1,3
BRF:18
BRH:14
end_of_record
TN:
SF:/Users/jonathancannon/projects/Graff_Exchange_test/app/components/indiv/IndivPerf.js
FN:7,(anonymous_0)
FN:11,(anonymous_1)
FN:23,(anonymous_2)
FN:40,(anonymous_3)
FN:52,(anonymous_4)
FN:59,(anonymous_5)
FN:67,(anonymous_6)
FN:77,formatChange
FN:82,chartPeriod
FN:123,(anonymous_9)
FN:165,(anonymous_10)
FN:172,(anonymous_11)
FN:174,(anonymous_12)
FNF:13
FNH:13
FNDA:1,(anonymous_0)
FNDA:10,(anonymous_1)
FNDA:10,(anonymous_2)
FNDA:1,(anonymous_3)
FNDA:4,(anonymous_4)
FNDA:1,(anonymous_5)
FNDA:11,(anonymous_6)
FNDA:8,formatChange
FNDA:11,chartPeriod
FNDA:20,(anonymous_9)
FNDA:10,(anonymous_10)
FNDA:10,(anonymous_11)
FNDA:4,(anonymous_12)
DA:7,7
DA:12,10
DA:13,10
DA:25,10
DA:27,10
DA:29,10
DA:31,4
DA:42,1
DA:44,1
DA:46,1
DA:48,0
DA:52,10
DA:54,4
DA:56,4
DA:59,10
DA:61,1
DA:69,11
DA:71,11
DA:73,11
DA:75,11
DA:79,8
DA:84,11
DA:87,10
DA:89,0
DA:91,0
DA:95,11
DA:125,20
DA:165,7
DA:166,10
DA:172,10
DA:174,4
LF:31
LH:28
BRDA:29,0,0,4
BRDA:29,0,1,6
BRDA:29,1,0,10
BRDA:29,1,1,10
BRDA:46,2,0,0
BRDA:46,2,1,1
BRDA:46,3,0,1
BRDA:46,3,1,1
BRDA:84,4,0,10
BRDA:84,4,1,0
BRDA:84,4,2,0
BRDA:102,5,0,10
BRDA:102,5,1,1
BRDA:102,6,0,11
BRDA:102,6,1,11
BRDA:112,7,0,11
BRDA:112,7,1,11
BRDA:112,7,2,8
BRDA:118,8,0,11
BRDA:118,8,1,11
BRDA:118,8,2,10
BRF:21
BRH:18
end_of_record
TN:
SF:/Users/jonathancannon/projects/Graff_Exchange_test/app/components/indiv/IndivSelector.js
FN:4,IndivSelector
FN:8,isSelectedSelector
FNF:2
FNH:2
FNDA:13,IndivSelector
FNDA:52,isSelectedSelector
DA:6,13
DA:10,52
DA:13,13
LF:3
LH:3
BRDA:10,0,0,1
BRDA:10,0,1,51
BRF:2
BRH:2
end_of_record
TN:
SF:/Users/jonathancannon/projects/Graff_Exchange_test/app/components/indiv/IndivTrans.js
FN:6,(anonymous_0)
FN:13,(anonymous_1)
FN:34,(anonymous_2)
FN:38,(anonymous_3)
FN:61,(anonymous_4)
FNF:5
FNH:5
FNDA:3,(anonymous_0)
FNDA:3,(anonymous_1)
FNDA:3,(anonymous_2)
FNDA:3,(anonymous_3)
FNDA:3,(anonymous_4)
DA:7,3
DA:8,3
DA:15,3
DA:17,3
DA:36,3
DA:40,3
DA:41,3
DA:43,3
DA:61,8
DA:63,3
LF:10
LH:10
BRDA:31,0,0,3
BRDA:31,0,1,3
BRDA:36,1,0,3
BRDA:36,1,1,3
BRF:4
BRH:4
end_of_record
TN:
SF:/Users/jonathancannon/projects/Graff_Exchange_test/app/components/indiv/PerformanceChart.js
FN:9,(anonymous_0)
FN:15,(anonymous_1)
FN:23,(anonymous_2)
FN:29,(anonymous_3)
FN:45,(anonymous_4)
FN:77,(anonymous_5)
FN:87,(anonymous_6)
FN:100,(anonymous_7)
FNF:8
FNH:7
FNDA:14,(anonymous_0)
FNDA:14,(anonymous_1)
FNDA:0,(anonymous_2)
FNDA:14,(anonymous_3)
FNDA:9,(anonymous_4)
FNDA:29,(anonymous_5)
FNDA:44,(anonymous_6)
FNDA:14,(anonymous_7)
DA:10,14
DA:12,14
DA:17,14
DA:19,14
DA:25,0
DA:29,14
DA:31,14
DA:32,14
DA:33,14
DA:34,14
DA:37,14
DA:47,9
DA:49,9
DA:51,9
DA:53,9
DA:55,9
DA:56,9
DA:59,9
DA:79,29
DA:81,29
DA:83,29
DA:85,29
DA:87,44
DA:100,2
DA:102,14
LF:25
LH:24
BRDA:31,0,0,14
BRDA:31,0,1,0
BRDA:65,1,0,9
BRDA:65,1,1,0
BRDA:65,2,0,9
BRDA:65,2,1,0
BRDA:89,3,0,9
BRDA:89,3,1,20
BRDA:89,4,0,29
BRDA:89,4,1,15
BRF:10
BRH:7
end_of_record
TN:
SF:/Users/jonathancannon/projects/Graff_Exchange_test/app/components/indiv/TradeBox.js
FN:7,(anonymous_0)
FN:17,(anonymous_1)
FN:37,(anonymous_2)
FN:50,(anonymous_3)
FN:65,(anonymous_4)
FN:78,(anonymous_5)
FN:82,(anonymous_6)
FN:86,(anonymous_7)
FN:99,(anonymous_8)
FN:107,(anonymous_9)
FN:108,(anonymous_10)
FNF:11
FNH:9
FNDA:11,(anonymous_0)
FNDA:3,(anonymous_1)
FNDA:0,(anonymous_2)
FNDA:0,(anonymous_3)
FNDA:18,(anonymous_4)
FNDA:4,(anonymous_5)
FNDA:2,(anonymous_6)
FNDA:1,(anonymous_7)
FNDA:11,(anonymous_8)
FNDA:11,(anonymous_9)
FNDA:1,(anonymous_10)
DA:8,11
DA:10,11
DA:17,11
DA:22,3
DA:24,3
DA:26,3
DA:30,3
DA:32,1
DA:37,1
DA:38,0
DA:41,1
DA:43,2
DA:45,1
DA:50,1
DA:51,0
DA:54,1
DA:58,1
DA:59,1
DA:60,1
DA:61,1
DA:67,18
DA:78,4
DA:82,2
DA:86,1
DA:99,7
DA:100,11
DA:107,11
DA:108,1
LF:28
LH:26
BRDA:30,0,0,1
BRDA:30,0,1,2
BRDA:30,1,0,3
BRDA:30,1,1,1
BRDA:43,2,0,1
BRDA:43,2,1,1
BRDA:43,3,0,2
BRDA:43,3,1,2
BRDA:92,4,0,18
BRDA:92,4,1,2
BRF:10
BRH:10
end_of_record
TN:
SF:/Users/jonathancannon/projects/Graff_Exchange_test/app/components/portfolio/AddSymbolBox.js
FN:8,(anonymous_0)
FN:17,(anonymous_1)
FN:22,(anonymous_2)
FN:43,(anonymous_3)
FN:57,(anonymous_4)
FN:96,(anonymous_5)
FN:103,(anonymous_6)
FN:105,(anonymous_7)
FNF:8
FNH:7
FNDA:10,(anonymous_0)
FNDA:2,(anonymous_1)
FNDA:2,(anonymous_2)
FNDA:1,(anonymous_3)
FNDA:15,(anonymous_4)
FNDA:10,(anonymous_5)
FNDA:10,(anonymous_6)
FNDA:0,(anonymous_7)
DA:9,10
DA:11,10
DA:17,10
DA:19,2
DA:22,10
DA:24,2
DA:26,2
DA:28,2
DA:30,2
DA:36,0
DA:43,10
DA:45,1
DA:47,1
DA:49,1
DA:51,0
DA:54,1
DA:59,15
DA:61,15
DA:96,7
DA:97,10
DA:103,10
DA:105,0
LF:22
LH:19
BRDA:28,0,0,2
BRDA:28,0,1,0
BRDA:49,1,0,0
BRDA:49,1,1,1
BRDA:49,2,0,1
BRDA:49,2,1,0
BRDA:79,3,0,1
BRDA:79,3,1,14
BRDA:79,4,0,15
BRDA:79,4,1,3
BRDA:88,5,0,3
BRDA:88,5,1,12
BRF:12
BRH:9
end_of_record
TN:
SF:/Users/jonathancannon/projects/Graff_Exchange_test/app/components/portfolio/AllNav.js
FN:6,(anonymous_0)
FN:11,(anonymous_1)
FNF:2
FNH:0
FNDA:0,(anonymous_0)
FNDA:0,(anonymous_1)
DA:7,0
DA:13,0
DA:15,0
LF:3
LH:0
BRDA:21,0,0,0
BRDA:21,0,1,0
BRDA:29,1,0,0
BRDA:29,1,1,0
BRF:4
BRH:0
end_of_record
TN:
SF:/Users/jonathancannon/projects/Graff_Exchange_test/app/components/portfolio/AllTrans.js
FN:6,(anonymous_0)
FN:14,(anonymous_1)
FN:36,(anonymous_2)
FN:40,(anonymous_3)
FN:67,(anonymous_4)
FNF:5
FNH:0
FNDA:0,(anonymous_0)
FNDA:0,(anonymous_1)
FNDA:0,(anonymous_2)
FNDA:0,(anonymous_3)
FNDA:0,(anonymous_4)
DA:7,0
DA:8,0
DA:16,0
DA:38,0
DA:44,0
DA:48,0
DA:67,7
DA:69,0
LF:8
LH:1
BRF:0
BRH:0
end_of_record
TN:
SF:/Users/jonathancannon/projects/Graff_Exchange_test/app/components/portfolio/AllWatchlist.js
FN:9,(anonymous_0)
FN:20,(anonymous_1)
FN:32,(anonymous_2)
FN:37,(anonymous_3)
FN:47,(anonymous_4)
FN:62,(anonymous_5)
FN:77,(anonymous_6)
FN:82,(anonymous_7)
FN:102,(anonymous_8)
FN:113,(anonymous_9)
FN:128,(anonymous_10)
FN:173,(anonymous_11)
FN:175,(anonymous_12)
FN:187,(anonymous_13)
FNF:14
FNH:0
FNDA:0,(anonymous_0)
FNDA:0,(anonymous_1)
FNDA:0,(anonymous_2)
FNDA:0,(anonymous_3)
FNDA:0,(anonymous_4)
FNDA:0,(anonymous_5)
FNDA:0,(anonymous_6)
FNDA:0,(anonymous_7)
FNDA:0,(anonymous_8)
FNDA:0,(anonymous_9)
FNDA:0,(anonymous_10)
FNDA:0,(anonymous_11)
FNDA:0,(anonymous_12)
FNDA:0,(anonymous_13)
DA:10,0
DA:12,0
DA:22,0
DA:24,0
DA:26,0
DA:32,0
DA:34,0
DA:37,0
DA:39,0
DA:40,0
DA:41,0
DA:45,0
DA:47,0
DA:51,0
DA:54,0
DA:56,0
DA:64,0
DA:65,0
DA:67,0
DA:77,0
DA:82,0
DA:104,0
DA:106,0
DA:110,0
DA:115,0
DA:117,0
DA:119,0
DA:128,0
DA:173,0
DA:175,0
DA:187,7
DA:189,0
LF:32
LH:1
BRDA:28,0,0,0
BRDA:28,0,1,0
BRDA:45,1,0,0
BRDA:45,1,1,0
BRDA:76,2,0,0
BRDA:76,2,1,0
BRDA:81,3,0,0
BRDA:81,3,1,0
BRDA:91,4,0,0
BRDA:91,4,1,0
BRDA:98,5,0,0
BRDA:98,5,1,0
BRDA:104,6,0,0
BRDA:104,6,1,0
BRDA:123,7,0,0
BRDA:123,7,1,0
BRDA:127,8,0,0
BRDA:127,8,1,0
BRDA:127,9,0,0
BRDA:127,9,1,0
BRDA:133,10,0,0
BRDA:133,10,1,0
BRDA:134,11,0,0
BRDA:134,11,1,0
BRDA:139,12,0,0
BRDA:139,12,1,0
BRDA:143,13,0,0
BRDA:143,13,1,0
BRDA:144,14,0,0
BRDA:144,14,1,0
BRDA:148,15,0,0
BRDA:148,15,1,0
BRDA:171,16,0,0
BRDA:171,16,1,0
BRF:34
BRH:0
end_of_record
TN:
SF:/Users/jonathancannon/projects/Graff_Exchange_test/store/combine_reducers.js
FNF:0
FNH:0
LF:0
LH:0
BRF:0
BRH:0
end_of_record
TN:
SF:/Users/jonathancannon/projects/Graff_Exchange_test/store/store.js
FNF:0
FNH:0
DA:9,7
DA:11,0
DA:18,7
LF:3
LH:2
BRDA:9,0,0,0
BRDA:9,0,1,7
BRF:2
BRH:1
end_of_record
TN:
SF:/Users/jonathancannon/projects/Graff_Exchange_test/store/Portfolio/action_constants_for_Portfolio.js
FNF:0
FNH:0
LF:0
LH:0
BRF:0
BRH:0
end_of_record
TN:
SF:/Users/jonathancannon/projects/Graff_Exchange_test/store/Portfolio/actions_for_Portfolio.js
FN:3,(anonymous_0)
FN:10,(anonymous_1)
FN:17,(anonymous_2)
FN:24,(anonymous_3)
FN:31,(anonymous_4)
FN:38,(anonymous_5)
FN:45,(anonymous_6)
FN:52,(anonymous_7)
FN:59,(anonymous_8)
FNF:9
FNH:5
FNDA:0,(anonymous_0)
FNDA:2,(anonymous_1)
FNDA:0,(anonymous_2)
FNDA:0,(anonymous_3)
FNDA:0,(anonymous_4)
FNDA:5,(anonymous_5)
FNDA:4,(anonymous_6)
FNDA:6,(anonymous_7)
FNDA:2,(anonymous_8)
DA:3,7
DA:4,0
DA:10,7
DA:11,2
DA:17,7
DA:18,0
DA:24,7
DA:25,0
DA:31,7
DA:32,0
DA:38,7
DA:39,5
DA:45,7
DA:46,4
DA:52,7
DA:53,6
DA:59,7
DA:60,2
LF:18
LH:14
BRF:0
BRH:0
end_of_record
TN:
SF:/Users/jonathancannon/projects/Graff_Exchange_test/store/Portfolio/reducer_for_Portfolio.js
FN:18,Portfolio_reducer
FNF:1
FNH:1
FNDA:21,Portfolio_reducer
DA:11,7
DA:20,21
DA:25,0
DA:27,0
DA:30,0
DA:36,0
DA:38,0
DA:40,0
DA:45,0
DA:47,0
DA:56,0
DA:58,0
DA:61,0
DA:63,0
DA:65,0
DA:68,0
DA:77,0
DA:79,0
DA:81,0
DA:83,0
DA:87,0
DA:89,0
DA:98,0
DA:100,0
DA:102,0
DA:104,0
DA:109,0
DA:111,0
DA:113,0
DA:115,0
DA:120,0
DA:122,0
DA:124,0
DA:126,0
DA:131,0
DA:133,0
DA:135,0
DA:137,0
DA:142,0
DA:147,0
DA:151,21
LF:41
LH:3
BRDA:18,0,0,21
BRDA:20,1,0,0
BRDA:20,1,1,0
BRDA:20,1,2,0
BRDA:20,1,3,0
BRDA:20,1,4,0
BRDA:20,1,5,0
BRDA:20,1,6,0
BRDA:20,1,7,0
BRDA:20,1,8,0
BRDA:20,1,9,21
BRDA:25,2,0,0
BRDA:25,2,1,0
BRDA:30,3,0,0
BRDA:30,3,1,0
BRDA:56,4,0,0
BRDA:56,4,1,0
BRDA:81,5,0,0
BRDA:81,5,1,0
BRF:19
BRH:2
end_of_record
TN:
SF:/Users/jonathancannon/projects/Graff_Exchange_test/store/Portfolio/thunks_for_Portfolio.js
FN:5,(anonymous_0)
FN:5,(anonymous_1)
FN:54,(anonymous_2)
FN:54,(anonymous_3)
FN:109,(anonymous_4)
FN:109,(anonymous_5)
FN:195,(anonymous_6)
FN:195,(anonymous_7)
FN:226,(anonymous_8)
FN:226,(anonymous_9)
FN:255,(anonymous_10)
FN:255,(anonymous_11)
FNF:12
FNH:10
FNDA:0,(anonymous_0)
FNDA:0,(anonymous_1)
FNDA:1,(anonymous_2)
FNDA:1,(anonymous_3)
FNDA:3,(anonymous_4)
FNDA:3,(anonymous_5)
FNDA:5,(anonymous_6)
FNDA:5,(anonymous_7)
FNDA:4,(anonymous_8)
FNDA:4,(anonymous_9)
FNDA:6,(anonymous_10)
FNDA:6,(anonymous_11)
DA:5,7
DA:7,0
DA:26,0
DA:28,0
DA:30,0
DA:32,0
DA:37,0
DA:41,0
DA:45,0
DA:49,0
DA:54,7
DA:56,1
DA:58,1
DA:82,1
DA:88,1
DA:90,1
DA:92,0
DA:93,0
DA:94,0
DA:98,0
DA:101,0
DA:103,0
DA:105,0
DA:109,7
DA:112,3
DA:162,3
DA:164,3
DA:166,3
DA:170,3
DA:172,3
DA:174,2
DA:178,0
DA:181,2
DA:183,2
DA:185,0
DA:187,0
DA:191,2
DA:195,7
DA:197,5
DA:208,5
DA:212,5
DA:214,5
DA:216,5
DA:220,0
DA:223,5
DA:226,7
DA:228,4
DA:235,4
DA:239,4
DA:241,4
DA:243,4
DA:249,0
DA:252,4
DA:255,7
DA:257,6
DA:268,6
DA:272,6
DA:274,6
DA:276,6
DA:280,0
DA:283,6
LF:61
LH:39
BRDA:37,0,0,0
BRDA:37,0,1,0
BRDA:112,1,0,3
BRDA:112,1,1,0
BRDA:183,2,0,0
BRDA:183,2,1,2
BRF:6
BRH:2
end_of_record
TN:
SF:/Users/jonathancannon/projects/Graff_Exchange_test/store/User/action_constants_for_User.js
FNF:0
FNH:0
LF:0
LH:0
BRF:0
BRH:0
end_of_record
TN:
SF:/Users/jonathancannon/projects/Graff_Exchange_test/store/User/actions_for_User.js
FN:3,(anonymous_0)
FN:10,(anonymous_1)
FNF:2
FNH:0
FNDA:0,(anonymous_0)
FNDA:0,(anonymous_1)
DA:3,7
DA:4,0
DA:10,7
DA:11,0
LF:4
LH:2
BRF:0
BRH:0
end_of_record
TN:
SF:/Users/jonathancannon/projects/Graff_Exchange_test/store/User/reducer_for_User.js
FN:14,User_reducer
FNF:1
FNH:1
FNDA:21,User_reducer
DA:4,7
DA:16,21
DA:21,0
DA:24,0
DA:25,0
DA:27,0
DA:28,0
DA:29,0
DA:30,0
DA:33,0
DA:35,0
DA:40,0
DA:42,0
DA:43,0
DA:44,0
DA:46,0
DA:51,0
DA:56,0
DA:61,21
LF:19
LH:3
BRDA:14,0,0,21
BRDA:16,1,0,0
BRDA:16,1,1,0
BRDA:16,1,2,0
BRDA:16,1,3,21
BRDA:21,2,0,0
BRDA:21,2,1,0
BRDA:27,3,0,0
BRDA:27,3,1,0
BRDA:33,4,0,0
BRDA:33,4,1,0
BRF:11
BRH:2
end_of_record
TN:
SF:/Users/jonathancannon/projects/Graff_Exchange_test/store/User/thunks_for_User.js
FN:6,(anonymous_0)
FN:6,(anonymous_1)
FN:66,(anonymous_2)
FN:66,(anonymous_3)
FNF:4
FNH:0
FNDA:0,(anonymous_0)
FNDA:0,(anonymous_1)
FNDA:0,(anonymous_2)
FNDA:0,(anonymous_3)
DA:6,7
DA:8,0
DA:16,0
DA:40,0
DA:44,0
DA:48,0
DA:50,0
DA:52,0
DA:54,0
DA:58,0
DA:60,0
DA:63,0
DA:66,7
DA:68,0
DA:100,0
DA:104,0
DA:106,0
DA:108,0
DA:112,0
DA:115,0
DA:117,0
LF:21
LH:2
BRDA:27,0,0,0
BRDA:27,0,1,0
BRF:2
BRH:0
end_of_record
TN:
SF:/Users/jonathancannon/projects/Graff_Exchange_test/test/nock.setup.js
FN:3,nocked
FNF:1
FNH:1
FNDA:36,nocked
DA:1,6
DA:5,36
DA:11,36
DA:17,6
LF:4
LH:4
BRF:0
BRH:0
end_of_record
